<?xml version="1.0" encoding="UTF-8"?>
<testsuites tests="5" failures="0" disabled="0" errors="0" time="0.876" timestamp="2021-12-30T22:01:00.897" name="AllTests">
  <testsuite name="boost_stopwatch_test_suite" tests="5" failures="0" disabled="0" skipped="0" errors="0" time="0.872" timestamp="2021-12-30T22:01:00.901">
    <testcase name="test_create_stopwatch" status="run" result="completed" time="0" timestamp="2021-12-30T22:01:00.901" classname="boost_stopwatch_test_suite" />
    <testcase name="test_stopwatch_start_stop" status="run" result="completed" time="0.104" timestamp="2021-12-30T22:01:00.902" classname="boost_stopwatch_test_suite" />
    <testcase name="test_stopwatch_reset" status="run" result="completed" time="0.107" timestamp="2021-12-30T22:01:01.008" classname="boost_stopwatch_test_suite" />
    <testcase name="test_stopwatch_guard" status="run" result="completed" time="0.107" timestamp="2021-12-30T22:01:01.117" classname="boost_stopwatch_test_suite" />
    <testcase name="test_stopwatch_start_stop_five_times" status="run" result="completed" time="0.546" timestamp="2021-12-30T22:01:01.226" classname="boost_stopwatch_test_suite" />
  </testsuite>
</testsuites>
