<?xml version="1.0" encoding="UTF-8"?>
<testsuites tests="132" failures="0" disabled="0" errors="0" time="0.077" timestamp="2021-11-09T20:00:23.334" name="AllTests">
  <testsuite name="boost_fundamental_type_specializer_test_suite" tests="132" failures="0" disabled="0" skipped="0" errors="0" time="0.074" timestamp="2021-11-09T20:00:23.337">
    <testcase name="test_explicit_integer_type_specializer" status="run" result="completed" time="0" timestamp="2021-11-09T20:00:23.337" classname="boost_fundamental_type_specializer_test_suite" />
    <testcase name="test_integer_type_specializer_default_value" status="run" result="completed" time="0" timestamp="2021-11-09T20:00:23.338" classname="boost_fundamental_type_specializer_test_suite" />
    <testcase name="test_integer_type_specializer_construction" status="run" result="completed" time="0" timestamp="2021-11-09T20:00:23.338" classname="boost_fundamental_type_specializer_test_suite" />
    <testcase name="test_integer_type_specializer_get_set" status="run" result="completed" time="0" timestamp="2021-11-09T20:00:23.338" classname="boost_fundamental_type_specializer_test_suite" />
    <testcase name="test_integer_type_specializer_simple_assignment_operator" status="run" result="completed" time="0" timestamp="2021-11-09T20:00:23.339" classname="boost_fundamental_type_specializer_test_suite" />
    <testcase name="test_integer_type_specializer_addition_assignment_operator" status="run" result="completed" time="0" timestamp="2021-11-09T20:00:23.339" classname="boost_fundamental_type_specializer_test_suite" />
    <testcase name="test_integer_type_specializer_subtraction_assignment_operator" status="run" result="completed" time="0" timestamp="2021-11-09T20:00:23.339" classname="boost_fundamental_type_specializer_test_suite" />
    <testcase name="test_integer_type_specializer_multiplication_assignment_operator" status="run" result="completed" time="0" timestamp="2021-11-09T20:00:23.340" classname="boost_fundamental_type_specializer_test_suite" />
    <testcase name="test_integer_type_specializer_division_assignment_operator" status="run" result="completed" time="0" timestamp="2021-11-09T20:00:23.340" classname="boost_fundamental_type_specializer_test_suite" />
    <testcase name="test_integer_type_specializer_modulo_assignment_operator" status="run" result="completed" time="0" timestamp="2021-11-09T20:00:23.340" classname="boost_fundamental_type_specializer_test_suite" />
    <testcase name="test_integer_type_specializer_bitwise_and_assignment_operator" status="run" result="completed" time="0" timestamp="2021-11-09T20:00:23.341" classname="boost_fundamental_type_specializer_test_suite" />
    <testcase name="test_integer_type_specializer_bitwise_or_assignment_operator" status="run" result="completed" time="0" timestamp="2021-11-09T20:00:23.341" classname="boost_fundamental_type_specializer_test_suite" />
    <testcase name="test_integer_type_specializer_bitwise_xor_assignment_operator" status="run" result="completed" time="0" timestamp="2021-11-09T20:00:23.341" classname="boost_fundamental_type_specializer_test_suite" />
    <testcase name="test_integer_type_specializer_bitwise_left_shift_assignment_operator" status="run" result="completed" time="0" timestamp="2021-11-09T20:00:23.342" classname="boost_fundamental_type_specializer_test_suite" />
    <testcase name="test_integer_type_specializer_bitwise_right_shift_assignment_operator" status="run" result="completed" time="0" timestamp="2021-11-09T20:00:23.342" classname="boost_fundamental_type_specializer_test_suite" />
    <testcase name="test_integer_type_specializer_unary_plus_arithmetic_operator" status="run" result="completed" time="0" timestamp="2021-11-09T20:00:23.342" classname="boost_fundamental_type_specializer_test_suite" />
    <testcase name="test_integer_type_specializer_unary_minus_arithmetic_operator" status="run" result="completed" time="0" timestamp="2021-11-09T20:00:23.343" classname="boost_fundamental_type_specializer_test_suite" />
    <testcase name="test_integer_type_specializer_addition_arithmetic_operator" status="run" result="completed" time="0" timestamp="2021-11-09T20:00:23.343" classname="boost_fundamental_type_specializer_test_suite" />
    <testcase name="test_integer_type_specializer_subtraction_arithmetic_operator" status="run" result="completed" time="0" timestamp="2021-11-09T20:00:23.344" classname="boost_fundamental_type_specializer_test_suite" />
    <testcase name="test_integer_type_specializer_multiplication_arithmetic_operator" status="run" result="completed" time="0" timestamp="2021-11-09T20:00:23.344" classname="boost_fundamental_type_specializer_test_suite" />
    <testcase name="test_integer_type_specializer_division_arithmetic_operator" status="run" result="completed" time="0" timestamp="2021-11-09T20:00:23.345" classname="boost_fundamental_type_specializer_test_suite" />
    <testcase name="test_integer_type_specializer_modulo_arithmetic_operator" status="run" result="completed" time="0" timestamp="2021-11-09T20:00:23.345" classname="boost_fundamental_type_specializer_test_suite" />
    <testcase name="test_integer_type_specializer_bitwise_not_arithmetic_operator" status="run" result="completed" time="0" timestamp="2021-11-09T20:00:23.346" classname="boost_fundamental_type_specializer_test_suite" />
    <testcase name="test_integer_type_specializer_bitwise_and_arithmetic_operator" status="run" result="completed" time="0" timestamp="2021-11-09T20:00:23.346" classname="boost_fundamental_type_specializer_test_suite" />
    <testcase name="test_integer_type_specializer_bitwise_or_arithmetic_operator" status="run" result="completed" time="0" timestamp="2021-11-09T20:00:23.347" classname="boost_fundamental_type_specializer_test_suite" />
    <testcase name="test_integer_type_specializer_bitwise_xor_arithmetic_operator" status="run" result="completed" time="0" timestamp="2021-11-09T20:00:23.347" classname="boost_fundamental_type_specializer_test_suite" />
    <testcase name="test_integer_type_specializer_bitwise_left_shift_arithmetic_operator" status="run" result="completed" time="0" timestamp="2021-11-09T20:00:23.347" classname="boost_fundamental_type_specializer_test_suite" />
    <testcase name="test_integer_type_specializer_bitwise_right_shift_arithmetic_operator" status="run" result="completed" time="0" timestamp="2021-11-09T20:00:23.348" classname="boost_fundamental_type_specializer_test_suite" />
    <testcase name="test_integer_type_specializer_equal_to_comparison_operator" status="run" result="completed" time="0" timestamp="2021-11-09T20:00:23.348" classname="boost_fundamental_type_specializer_test_suite" />
    <testcase name="test_integer_type_specializer_not_equal_to_comparison_operator" status="run" result="completed" time="0" timestamp="2021-11-09T20:00:23.349" classname="boost_fundamental_type_specializer_test_suite" />
    <testcase name="test_integer_type_specializer_less_than_comparison_operator" status="run" result="completed" time="0" timestamp="2021-11-09T20:00:23.349" classname="boost_fundamental_type_specializer_test_suite" />
    <testcase name="test_integer_type_specializer_greater_than_comparison_operator" status="run" result="completed" time="0" timestamp="2021-11-09T20:00:23.349" classname="boost_fundamental_type_specializer_test_suite" />
    <testcase name="test_integer_type_specializer_less_than_or_equal_to_comparison_operator" status="run" result="completed" time="0" timestamp="2021-11-09T20:00:23.350" classname="boost_fundamental_type_specializer_test_suite" />
    <testcase name="test_integer_type_specializer_greater_than_or_equal_to_comparison_operator" status="run" result="completed" time="0" timestamp="2021-11-09T20:00:23.350" classname="boost_fundamental_type_specializer_test_suite" />
    <testcase name="test_integer_type_specializer_three_way_comparison_operator" status="run" result="completed" time="0" timestamp="2021-11-09T20:00:23.350" classname="boost_fundamental_type_specializer_test_suite" />
    <testcase name="test_integer_type_specializer_pre_increment_operator" status="run" result="completed" time="0" timestamp="2021-11-09T20:00:23.351" classname="boost_fundamental_type_specializer_test_suite" />
    <testcase name="test_integer_type_specializer_post_increment_operator" status="run" result="completed" time="0" timestamp="2021-11-09T20:00:23.356" classname="boost_fundamental_type_specializer_test_suite" />
    <testcase name="test_integer_type_specializer_pre_decrement_operator" status="run" result="completed" time="0" timestamp="2021-11-09T20:00:23.356" classname="boost_fundamental_type_specializer_test_suite" />
    <testcase name="test_integer_type_specializer_post_decrement_operator" status="run" result="completed" time="0" timestamp="2021-11-09T20:00:23.356" classname="boost_fundamental_type_specializer_test_suite" />
    <testcase name="test_floating_point_type_specializer_default_value" status="run" result="completed" time="0" timestamp="2021-11-09T20:00:23.357" classname="boost_fundamental_type_specializer_test_suite" />
    <testcase name="test_floating_point_type_specializer_construction" status="run" result="completed" time="0" timestamp="2021-11-09T20:00:23.357" classname="boost_fundamental_type_specializer_test_suite" />
    <testcase name="test_floating_point_type_specializer_get_set" status="run" result="completed" time="0" timestamp="2021-11-09T20:00:23.358" classname="boost_fundamental_type_specializer_test_suite" />
    <testcase name="test_floating_point_type_specializer_simple_assignment_operator" status="run" result="completed" time="0" timestamp="2021-11-09T20:00:23.358" classname="boost_fundamental_type_specializer_test_suite" />
    <testcase name="test_floating_point_type_specializer_addition_assignment_operator" status="run" result="completed" time="0" timestamp="2021-11-09T20:00:23.358" classname="boost_fundamental_type_specializer_test_suite" />
    <testcase name="test_floating_point_type_specializer_subtraction_assignment_operator" status="run" result="completed" time="0" timestamp="2021-11-09T20:00:23.359" classname="boost_fundamental_type_specializer_test_suite" />
    <testcase name="test_floating_point_type_specializer_multiplication_assignment_operator" status="run" result="completed" time="0" timestamp="2021-11-09T20:00:23.359" classname="boost_fundamental_type_specializer_test_suite" />
    <testcase name="test_floating_point_type_specializer_division_assignment_operator" status="run" result="completed" time="0" timestamp="2021-11-09T20:00:23.360" classname="boost_fundamental_type_specializer_test_suite" />
    <testcase name="test_floating_point_type_specializer_modulo_assignment_operator" status="run" result="completed" time="0" timestamp="2021-11-09T20:00:23.360" classname="boost_fundamental_type_specializer_test_suite" />
    <testcase name="test_floating_point_type_specializer_unary_plus_arithmetic_operator" status="run" result="completed" time="0" timestamp="2021-11-09T20:00:23.361" classname="boost_fundamental_type_specializer_test_suite" />
    <testcase name="test_floating_point_type_specializer_unary_minus_arithmetic_operator" status="run" result="completed" time="0" timestamp="2021-11-09T20:00:23.361" classname="boost_fundamental_type_specializer_test_suite" />
    <testcase name="test_floating_point_type_specializer_addition_arithmetic_operator" status="run" result="completed" time="0" timestamp="2021-11-09T20:00:23.362" classname="boost_fundamental_type_specializer_test_suite" />
    <testcase name="test_floating_point_type_specializer_subtraction_arithmetic_operator" status="run" result="completed" time="0" timestamp="2021-11-09T20:00:23.362" classname="boost_fundamental_type_specializer_test_suite" />
    <testcase name="test_floating_point_type_specializer_multiplication_arithmetic_operator" status="run" result="completed" time="0" timestamp="2021-11-09T20:00:23.363" classname="boost_fundamental_type_specializer_test_suite" />
    <testcase name="test_floating_point_type_specializer_division_arithmetic_operator" status="run" result="completed" time="0" timestamp="2021-11-09T20:00:23.363" classname="boost_fundamental_type_specializer_test_suite" />
    <testcase name="test_floating_point_type_specializer_modulo_arithmetic_operator" status="run" result="completed" time="0" timestamp="2021-11-09T20:00:23.363" classname="boost_fundamental_type_specializer_test_suite" />
    <testcase name="test_floating_point_type_specializer_equal_to_comparison_operator" status="run" result="completed" time="0" timestamp="2021-11-09T20:00:23.364" classname="boost_fundamental_type_specializer_test_suite" />
    <testcase name="test_floating_point_type_specializer_not_equal_to_comparison_operator" status="run" result="completed" time="0" timestamp="2021-11-09T20:00:23.364" classname="boost_fundamental_type_specializer_test_suite" />
    <testcase name="test_floating_point_type_specializer_less_than_to_comparison_operator" status="run" result="completed" time="0" timestamp="2021-11-09T20:00:23.365" classname="boost_fundamental_type_specializer_test_suite" />
    <testcase name="test_floating_point_type_specializer_greater_than_comparison_operator" status="run" result="completed" time="0" timestamp="2021-11-09T20:00:23.365" classname="boost_fundamental_type_specializer_test_suite" />
    <testcase name="test_floating_point_type_specializer_less_than_or_equal_to_to_comparison_operator" status="run" result="completed" time="0" timestamp="2021-11-09T20:00:23.365" classname="boost_fundamental_type_specializer_test_suite" />
    <testcase name="test_floating_point_type_specializer_greater_than_or_equal_to_comparison_operator" status="run" result="completed" time="0" timestamp="2021-11-09T20:00:23.366" classname="boost_fundamental_type_specializer_test_suite" />
    <testcase name="test_floating_point_type_specializer_three_way_comparison_operator" status="run" result="completed" time="0" timestamp="2021-11-09T20:00:23.366" classname="boost_fundamental_type_specializer_test_suite" />
    <testcase name="test_floating_point_type_specializer_pre_increment_operator" status="run" result="completed" time="0" timestamp="2021-11-09T20:00:23.371" classname="boost_fundamental_type_specializer_test_suite" />
    <testcase name="test_floating_point_type_specializer_post_increment_operator" status="run" result="completed" time="0" timestamp="2021-11-09T20:00:23.373" classname="boost_fundamental_type_specializer_test_suite" />
    <testcase name="test_floating_point_type_specializer_pre_decrement_operator" status="run" result="completed" time="0" timestamp="2021-11-09T20:00:23.373" classname="boost_fundamental_type_specializer_test_suite" />
    <testcase name="test_floating_point_type_specializer_post_decrement_operator" status="run" result="completed" time="0" timestamp="2021-11-09T20:00:23.374" classname="boost_fundamental_type_specializer_test_suite" />
    <testcase name="test_implicit_integer_type_specializer" status="run" result="completed" time="0" timestamp="2021-11-09T20:00:23.374" classname="boost_fundamental_type_specializer_test_suite" />
    <testcase name="test_implicit_integer_type_specializer_default_value" status="run" result="completed" time="0" timestamp="2021-11-09T20:00:23.375" classname="boost_fundamental_type_specializer_test_suite" />
    <testcase name="test_implicit_integer_type_specializer_construction" status="run" result="completed" time="0" timestamp="2021-11-09T20:00:23.375" classname="boost_fundamental_type_specializer_test_suite" />
    <testcase name="test_implicit_integer_type_specializer_get_set" status="run" result="completed" time="0" timestamp="2021-11-09T20:00:23.376" classname="boost_fundamental_type_specializer_test_suite" />
    <testcase name="test_implicit_integer_type_specializer_simple_assignment_operator" status="run" result="completed" time="0" timestamp="2021-11-09T20:00:23.376" classname="boost_fundamental_type_specializer_test_suite" />
    <testcase name="test_implicit_integer_type_specializer_addition_assignment_operator" status="run" result="completed" time="0" timestamp="2021-11-09T20:00:23.377" classname="boost_fundamental_type_specializer_test_suite" />
    <testcase name="test_implicit_integer_type_specializer_subtraction_assignment_operator" status="run" result="completed" time="0" timestamp="2021-11-09T20:00:23.377" classname="boost_fundamental_type_specializer_test_suite" />
    <testcase name="test_implicit_integer_type_specializer_multiplication_assignment_operator" status="run" result="completed" time="0" timestamp="2021-11-09T20:00:23.378" classname="boost_fundamental_type_specializer_test_suite" />
    <testcase name="test_implicit_integer_type_specializer_division_assignment_operator" status="run" result="completed" time="0" timestamp="2021-11-09T20:00:23.379" classname="boost_fundamental_type_specializer_test_suite" />
    <testcase name="test_implicit_integer_type_specializer_modulo_assignment_operator" status="run" result="completed" time="0" timestamp="2021-11-09T20:00:23.379" classname="boost_fundamental_type_specializer_test_suite" />
    <testcase name="test_implicit_integer_type_specializer_bitwise_and_assignment_operator" status="run" result="completed" time="0" timestamp="2021-11-09T20:00:23.380" classname="boost_fundamental_type_specializer_test_suite" />
    <testcase name="test_implicit_integer_type_specializer_bitwise_or_assignment_operator" status="run" result="completed" time="0" timestamp="2021-11-09T20:00:23.380" classname="boost_fundamental_type_specializer_test_suite" />
    <testcase name="test_implicit_integer_type_specializer_bitwise_xor_assignment_operator" status="run" result="completed" time="0" timestamp="2021-11-09T20:00:23.380" classname="boost_fundamental_type_specializer_test_suite" />
    <testcase name="test_implicit_integer_type_specializer_bitwise_left_shift_assignment_operator" status="run" result="completed" time="0" timestamp="2021-11-09T20:00:23.381" classname="boost_fundamental_type_specializer_test_suite" />
    <testcase name="test_implicit_integer_type_specializer_bitwise_right_shift_assignment_operator" status="run" result="completed" time="0" timestamp="2021-11-09T20:00:23.381" classname="boost_fundamental_type_specializer_test_suite" />
    <testcase name="test_implicit_integer_type_specializer_unary_plus_arithmetic_operator" status="run" result="completed" time="0" timestamp="2021-11-09T20:00:23.385" classname="boost_fundamental_type_specializer_test_suite" />
    <testcase name="test_implicit_integer_type_specializer_unary_minus_arithmetic_operator" status="run" result="completed" time="0" timestamp="2021-11-09T20:00:23.385" classname="boost_fundamental_type_specializer_test_suite" />
    <testcase name="test_implicit_integer_type_specializer_addition_arithmetic_operator" status="run" result="completed" time="0" timestamp="2021-11-09T20:00:23.386" classname="boost_fundamental_type_specializer_test_suite" />
    <testcase name="test_implicit_integer_type_specializer_subtraction_arithmetic_operator" status="run" result="completed" time="0" timestamp="2021-11-09T20:00:23.386" classname="boost_fundamental_type_specializer_test_suite" />
    <testcase name="test_implicit_integer_type_specializer_multiplication_arithmetic_operator" status="run" result="completed" time="0" timestamp="2021-11-09T20:00:23.387" classname="boost_fundamental_type_specializer_test_suite" />
    <testcase name="test_implicit_integer_type_specializer_division_arithmetic_operator" status="run" result="completed" time="0" timestamp="2021-11-09T20:00:23.388" classname="boost_fundamental_type_specializer_test_suite" />
    <testcase name="test_implicit_integer_type_specializer_modulo_arithmetic_operator" status="run" result="completed" time="0" timestamp="2021-11-09T20:00:23.388" classname="boost_fundamental_type_specializer_test_suite" />
    <testcase name="test_implicit_integer_type_specializer_bitwise_not_arithmetic_operator" status="run" result="completed" time="0" timestamp="2021-11-09T20:00:23.389" classname="boost_fundamental_type_specializer_test_suite" />
    <testcase name="test_implicit_integer_type_specializer_bitwise_and_arithmetic_operator" status="run" result="completed" time="0" timestamp="2021-11-09T20:00:23.389" classname="boost_fundamental_type_specializer_test_suite" />
    <testcase name="test_implicit_integer_type_specializer_bitwise_or_arithmetic_operator" status="run" result="completed" time="0" timestamp="2021-11-09T20:00:23.390" classname="boost_fundamental_type_specializer_test_suite" />
    <testcase name="test_implicit_integer_type_specializer_bitwise_xor_arithmetic_operator" status="run" result="completed" time="0" timestamp="2021-11-09T20:00:23.390" classname="boost_fundamental_type_specializer_test_suite" />
    <testcase name="test_implicit_integer_type_specializer_bitwise_left_shift_arithmetic_operator" status="run" result="completed" time="0" timestamp="2021-11-09T20:00:23.390" classname="boost_fundamental_type_specializer_test_suite" />
    <testcase name="test_implicit_integer_type_specializer_bitwise_right_shift_arithmetic_operator" status="run" result="completed" time="0" timestamp="2021-11-09T20:00:23.391" classname="boost_fundamental_type_specializer_test_suite" />
    <testcase name="test_implicit_integer_type_specializer_equal_to_comparison_operator" status="run" result="completed" time="0" timestamp="2021-11-09T20:00:23.391" classname="boost_fundamental_type_specializer_test_suite" />
    <testcase name="test_implicit_integer_type_specializer_not_equal_to_comparison_operator" status="run" result="completed" time="0" timestamp="2021-11-09T20:00:23.392" classname="boost_fundamental_type_specializer_test_suite" />
    <testcase name="test_implicit_integer_type_specializer_less_than_comparison_operator" status="run" result="completed" time="0" timestamp="2021-11-09T20:00:23.392" classname="boost_fundamental_type_specializer_test_suite" />
    <testcase name="test_implicit_integer_type_specializer_greater_than_comparison_operator" status="run" result="completed" time="0" timestamp="2021-11-09T20:00:23.392" classname="boost_fundamental_type_specializer_test_suite" />
    <testcase name="test_implicit_integer_type_specializer_less_than_or_equal_to_comparison_operator" status="run" result="completed" time="0" timestamp="2021-11-09T20:00:23.393" classname="boost_fundamental_type_specializer_test_suite" />
    <testcase name="test_implicit_integer_type_specializer_greater_than_or_equal_to_comparison_operator" status="run" result="completed" time="0" timestamp="2021-11-09T20:00:23.394" classname="boost_fundamental_type_specializer_test_suite" />
    <testcase name="test_implicit_integer_type_specializer_three_way_comparison_operator" status="run" result="completed" time="0" timestamp="2021-11-09T20:00:23.394" classname="boost_fundamental_type_specializer_test_suite" />
    <testcase name="test_implicit_integer_type_specializer_pre_increment_operator" status="run" result="completed" time="0" timestamp="2021-11-09T20:00:23.395" classname="boost_fundamental_type_specializer_test_suite" />
    <testcase name="test_implicit_integer_type_specializer_post_increment_operator" status="run" result="completed" time="0" timestamp="2021-11-09T20:00:23.395" classname="boost_fundamental_type_specializer_test_suite" />
    <testcase name="test_implicit_integer_type_specializer_pre_decrement_operator" status="run" result="completed" time="0" timestamp="2021-11-09T20:00:23.395" classname="boost_fundamental_type_specializer_test_suite" />
    <testcase name="test_implicit_integer_type_specializer_post_decrement_operator" status="run" result="completed" time="0" timestamp="2021-11-09T20:00:23.396" classname="boost_fundamental_type_specializer_test_suite" />
    <testcase name="test_implicit_floating_point_type_specializer_default_value" status="run" result="completed" time="0" timestamp="2021-11-09T20:00:23.396" classname="boost_fundamental_type_specializer_test_suite" />
    <testcase name="test_implicit_floating_point_type_specializer_construction" status="run" result="completed" time="0" timestamp="2021-11-09T20:00:23.397" classname="boost_fundamental_type_specializer_test_suite" />
    <testcase name="test_implicit_floating_point_type_specializer_get_set" status="run" result="completed" time="0" timestamp="2021-11-09T20:00:23.401" classname="boost_fundamental_type_specializer_test_suite" />
    <testcase name="test_implicit_floating_point_type_specializer_simple_assignment_operator" status="run" result="completed" time="0" timestamp="2021-11-09T20:00:23.402" classname="boost_fundamental_type_specializer_test_suite" />
    <testcase name="test_implicit_floating_point_type_specializer_addition_assignment_operator" status="run" result="completed" time="0" timestamp="2021-11-09T20:00:23.402" classname="boost_fundamental_type_specializer_test_suite" />
    <testcase name="test_implicit_floating_point_type_specializer_subtraction_assignment_operator" status="run" result="completed" time="0" timestamp="2021-11-09T20:00:23.403" classname="boost_fundamental_type_specializer_test_suite" />
    <testcase name="test_implicit_floating_point_type_specializer_multiplication_assignment_operator" status="run" result="completed" time="0" timestamp="2021-11-09T20:00:23.403" classname="boost_fundamental_type_specializer_test_suite" />
    <testcase name="test_implicit_floating_point_type_specializer_division_assignment_operator" status="run" result="completed" time="0" timestamp="2021-11-09T20:00:23.403" classname="boost_fundamental_type_specializer_test_suite" />
    <testcase name="test_implicit_floating_point_type_specializer_modulo_assignment_operator" status="run" result="completed" time="0" timestamp="2021-11-09T20:00:23.404" classname="boost_fundamental_type_specializer_test_suite" />
    <testcase name="test_implicit_floating_point_type_specializer_unary_plus_arithmetic_operator" status="run" result="completed" time="0" timestamp="2021-11-09T20:00:23.404" classname="boost_fundamental_type_specializer_test_suite" />
    <testcase name="test_implicit_floating_point_type_specializer_unary_minus_arithmetic_operator" status="run" result="completed" time="0" timestamp="2021-11-09T20:00:23.405" classname="boost_fundamental_type_specializer_test_suite" />
    <testcase name="test_implicit_floating_point_type_specializer_addition_arithmetic_operator" status="run" result="completed" time="0" timestamp="2021-11-09T20:00:23.405" classname="boost_fundamental_type_specializer_test_suite" />
    <testcase name="test_implicit_floating_point_type_specializer_subtraction_arithmetic_operator" status="run" result="completed" time="0" timestamp="2021-11-09T20:00:23.405" classname="boost_fundamental_type_specializer_test_suite" />
    <testcase name="test_implicit_floating_point_type_specializer_multiplication_arithmetic_operator" status="run" result="completed" time="0" timestamp="2021-11-09T20:00:23.406" classname="boost_fundamental_type_specializer_test_suite" />
    <testcase name="test_implicit_floating_point_type_specializer_division_arithmetic_operator" status="run" result="completed" time="0" timestamp="2021-11-09T20:00:23.406" classname="boost_fundamental_type_specializer_test_suite" />
    <testcase name="test_implicit_floating_point_type_specializer_modulo_arithmetic_operator" status="run" result="completed" time="0" timestamp="2021-11-09T20:00:23.407" classname="boost_fundamental_type_specializer_test_suite" />
    <testcase name="test_implicit_floating_point_type_specializer_equal_to_comparison_operator" status="run" result="completed" time="0" timestamp="2021-11-09T20:00:23.407" classname="boost_fundamental_type_specializer_test_suite" />
    <testcase name="test_implicit_floating_point_type_specializer_not_equal_to_comparison_operator" status="run" result="completed" time="0" timestamp="2021-11-09T20:00:23.407" classname="boost_fundamental_type_specializer_test_suite" />
    <testcase name="test_implicit_floating_point_type_specializer_less_than_to_comparison_operator" status="run" result="completed" time="0" timestamp="2021-11-09T20:00:23.408" classname="boost_fundamental_type_specializer_test_suite" />
    <testcase name="test_implicit_floating_point_type_specializer_greater_than_comparison_operator" status="run" result="completed" time="0" timestamp="2021-11-09T20:00:23.408" classname="boost_fundamental_type_specializer_test_suite" />
    <testcase name="test_implicit_floating_point_type_specializer_less_than_or_equal_to_to_comparison_operator" status="run" result="completed" time="0" timestamp="2021-11-09T20:00:23.408" classname="boost_fundamental_type_specializer_test_suite" />
    <testcase name="test_implicit_floating_point_type_specializer_greater_than_or_equal_to_comparison_operator" status="run" result="completed" time="0" timestamp="2021-11-09T20:00:23.409" classname="boost_fundamental_type_specializer_test_suite" />
    <testcase name="test_implicit_floating_point_type_specializer_three_way_comparison_operator" status="run" result="completed" time="0" timestamp="2021-11-09T20:00:23.409" classname="boost_fundamental_type_specializer_test_suite" />
    <testcase name="test_implicit_floating_point_type_specializer_pre_increment_operator" status="run" result="completed" time="0" timestamp="2021-11-09T20:00:23.410" classname="boost_fundamental_type_specializer_test_suite" />
    <testcase name="test_implicit_floating_point_type_specializer_post_increment_operator" status="run" result="completed" time="0" timestamp="2021-11-09T20:00:23.410" classname="boost_fundamental_type_specializer_test_suite" />
    <testcase name="test_implicit_floating_point_type_specializer_pre_decrement_operator" status="run" result="completed" time="0" timestamp="2021-11-09T20:00:23.411" classname="boost_fundamental_type_specializer_test_suite" />
    <testcase name="test_implicit_floating_point_type_specializer_post_decrement_operator" status="run" result="completed" time="0" timestamp="2021-11-09T20:00:23.411" classname="boost_fundamental_type_specializer_test_suite" />
  </testsuite>
</testsuites>
