<?xml version="1.0" encoding="UTF-8"?>
<testsuites tests="177" failures="0" disabled="0" errors="0" time="0.118" timestamp="2021-11-09T20:00:25.216" name="AllTests">
  <testsuite name="std_ascii_test_suite" tests="36" failures="0" disabled="0" skipped="0" errors="0" time="0.02" timestamp="2021-11-09T20:00:25.218">
    <testcase name="test_multibyte_character_count" status="run" result="completed" time="0" timestamp="2021-11-09T20:00:25.218" classname="std_ascii_test_suite" />
    <testcase name="test_system_wide_character_count" status="run" result="completed" time="0" timestamp="2021-11-09T20:00:25.218" classname="std_ascii_test_suite" />
    <testcase name="test_ucs_2_character_count" status="run" result="completed" time="0" timestamp="2021-11-09T20:00:25.220" classname="std_ascii_test_suite" />
    <testcase name="test_utf_8_character_count" status="run" result="completed" time="0" timestamp="2021-11-09T20:00:25.221" classname="std_ascii_test_suite" />
    <testcase name="test_utf_16_character_count" status="run" result="completed" time="0" timestamp="2021-11-09T20:00:25.221" classname="std_ascii_test_suite" />
    <testcase name="test_utf_32_character_count" status="run" result="completed" time="0" timestamp="2021-11-09T20:00:25.222" classname="std_ascii_test_suite" />
    <testcase name="test_char_is_7_bit_ascii_character" status="run" result="completed" time="0" timestamp="2021-11-09T20:00:25.222" classname="std_ascii_test_suite" />
    <testcase name="test_char8_t_is_7_bit_ascii_character" status="run" result="completed" time="0" timestamp="2021-11-09T20:00:25.222" classname="std_ascii_test_suite" />
    <testcase name="test_wchar_t_is_7_bit_ascii_character" status="run" result="completed" time="0" timestamp="2021-11-09T20:00:25.223" classname="std_ascii_test_suite" />
    <testcase name="test_char2_t_is_7_bit_ascii_character" status="run" result="completed" time="0" timestamp="2021-11-09T20:00:25.223" classname="std_ascii_test_suite" />
    <testcase name="test_char16_t_is_7_bit_ascii_character" status="run" result="completed" time="0" timestamp="2021-11-09T20:00:25.223" classname="std_ascii_test_suite" />
    <testcase name="test_char32_t_is_7_bit_ascii_character" status="run" result="completed" time="0" timestamp="2021-11-09T20:00:25.224" classname="std_ascii_test_suite" />
    <testcase name="test_multibyte_reduce_iso_8859_1_to_7_bit_ascii_characters" status="run" result="completed" time="0" timestamp="2021-11-09T20:00:25.224" classname="std_ascii_test_suite" />
    <testcase name="test_system_wide_reduce_iso_8859_1_to_7_bit_ascii_characters" status="run" result="completed" time="0" timestamp="2021-11-09T20:00:25.224" classname="std_ascii_test_suite" />
    <testcase name="test_ucs_2_reduce_iso_8859_1_to_7_bit_ascii_characters" status="run" result="completed" time="0" timestamp="2021-11-09T20:00:25.225" classname="std_ascii_test_suite" />
    <testcase name="test_utf_8_reduce_iso_8859_1_to_7_bit_ascii_characters" status="run" result="completed" time="0" timestamp="2021-11-09T20:00:25.226" classname="std_ascii_test_suite" />
    <testcase name="test_utf_16_reduce_iso_8859_1_to_7_bit_ascii_characters" status="run" result="completed" time="0" timestamp="2021-11-09T20:00:25.226" classname="std_ascii_test_suite" />
    <testcase name="test_utf_32_reduce_iso_8859_1_to_7_bit_ascii_characters" status="run" result="completed" time="0" timestamp="2021-11-09T20:00:25.227" classname="std_ascii_test_suite" />
    <testcase name="test_multibyte_reduce_iso_8859_1_to_7_bit_ascii_non_strict_characters" status="run" result="completed" time="0" timestamp="2021-11-09T20:00:25.227" classname="std_ascii_test_suite" />
    <testcase name="test_system_wide_reduce_iso_8859_1_to_7_bit_ascii_non_strict_characters" status="run" result="completed" time="0" timestamp="2021-11-09T20:00:25.227" classname="std_ascii_test_suite" />
    <testcase name="test_ucs_2_reduce_iso_8859_1_to_7_bit_ascii_non_strict_characters" status="run" result="completed" time="0" timestamp="2021-11-09T20:00:25.228" classname="std_ascii_test_suite" />
    <testcase name="test_utf_8_reduce_iso_8859_1_to_7_bit_ascii_non_strict_characters" status="run" result="completed" time="0" timestamp="2021-11-09T20:00:25.229" classname="std_ascii_test_suite" />
    <testcase name="test_utf_16_reduce_iso_8859_1_to_7_bit_ascii_non_strict_characters" status="run" result="completed" time="0" timestamp="2021-11-09T20:00:25.229" classname="std_ascii_test_suite" />
    <testcase name="test_utf_32_reduce_iso_8859_1_to_7_bit_ascii_non_strict_characters" status="run" result="completed" time="0" timestamp="2021-11-09T20:00:25.230" classname="std_ascii_test_suite" />
    <testcase name="test_multibyte_reduce_windows_1252_to_7_bit_ascii_characters" status="run" result="completed" time="0" timestamp="2021-11-09T20:00:25.230" classname="std_ascii_test_suite" />
    <testcase name="test_system_wide_reduce_windows_1252_to_7_bit_ascii_characters" status="run" result="completed" time="0" timestamp="2021-11-09T20:00:25.230" classname="std_ascii_test_suite" />
    <testcase name="test_ucs_2_reduce_windows_1252_to_7_bit_ascii_characters" status="run" result="completed" time="0" timestamp="2021-11-09T20:00:25.231" classname="std_ascii_test_suite" />
    <testcase name="test_utf_8_reduce_windows_1252_to_7_bit_ascii_characters" status="run" result="completed" time="0" timestamp="2021-11-09T20:00:25.231" classname="std_ascii_test_suite" />
    <testcase name="test_utf_16_reduce_windows_1252_to_7_bit_ascii_characters" status="run" result="completed" time="0" timestamp="2021-11-09T20:00:25.232" classname="std_ascii_test_suite" />
    <testcase name="test_utf_32_reduce_windows_1252_to_7_bit_ascii_characters" status="run" result="completed" time="0" timestamp="2021-11-09T20:00:25.232" classname="std_ascii_test_suite" />
    <testcase name="test_multibyte_reduce_windows_1252_to_7_bit_ascii_non_strict_characters" status="run" result="completed" time="0" timestamp="2021-11-09T20:00:25.232" classname="std_ascii_test_suite" />
    <testcase name="test_system_wide_reduce_windows_1252_to_7_bit_ascii_non_strict_characters" status="run" result="completed" time="0" timestamp="2021-11-09T20:00:25.233" classname="std_ascii_test_suite" />
    <testcase name="test_ucs_2_reduce_windows_1252_to_7_bit_ascii_non_strict_characters" status="run" result="completed" time="0" timestamp="2021-11-09T20:00:25.233" classname="std_ascii_test_suite" />
    <testcase name="test_utf_8_reduce_windows_1252_to_7_bit_ascii_non_strict_characters" status="run" result="completed" time="0" timestamp="2021-11-09T20:00:25.234" classname="std_ascii_test_suite" />
    <testcase name="test_utf_16_reduce_windows_1252_to_7_bit_ascii_non_strict_characters" status="run" result="completed" time="0" timestamp="2021-11-09T20:00:25.234" classname="std_ascii_test_suite" />
    <testcase name="test_utf_32_reduce_windows_1252_to_7_bit_ascii_non_strict_characters" status="run" result="completed" time="0" timestamp="2021-11-09T20:00:25.238" classname="std_ascii_test_suite" />
  </testsuite>
  <testsuite name="std_create_string_test_suite" tests="36" failures="0" disabled="0" skipped="0" errors="0" time="0.025" timestamp="2021-11-09T20:00:25.239">
    <testcase name="test_create_string_from_char" status="run" result="completed" time="0" timestamp="2021-11-09T20:00:25.239" classname="std_create_string_test_suite" />
    <testcase name="test_create_string_from_wchar_t" status="run" result="completed" time="0" timestamp="2021-11-09T20:00:25.240" classname="std_create_string_test_suite" />
    <testcase name="test_create_string_from_char2_t" status="run" result="completed" time="0" timestamp="2021-11-09T20:00:25.240" classname="std_create_string_test_suite" />
    <testcase name="test_create_string_from_char8_t" status="run" result="completed" time="0" timestamp="2021-11-09T20:00:25.241" classname="std_create_string_test_suite" />
    <testcase name="test_create_string_from_char16_t" status="run" result="completed" time="0" timestamp="2021-11-09T20:00:25.241" classname="std_create_string_test_suite" />
    <testcase name="test_create_string_from_char32_t" status="run" result="completed" time="0" timestamp="2021-11-09T20:00:25.242" classname="std_create_string_test_suite" />
    <testcase name="test_create_wstring_from_char" status="run" result="completed" time="0" timestamp="2021-11-09T20:00:25.243" classname="std_create_string_test_suite" />
    <testcase name="test_create_wstring_from_wchar_t" status="run" result="completed" time="0" timestamp="2021-11-09T20:00:25.244" classname="std_create_string_test_suite" />
    <testcase name="test_create_wstring_from_char2_t" status="run" result="completed" time="0" timestamp="2021-11-09T20:00:25.244" classname="std_create_string_test_suite" />
    <testcase name="test_create_wstring_from_char8_t" status="run" result="completed" time="0" timestamp="2021-11-09T20:00:25.245" classname="std_create_string_test_suite" />
    <testcase name="test_create_wstring_from_char16_t" status="run" result="completed" time="0" timestamp="2021-11-09T20:00:25.245" classname="std_create_string_test_suite" />
    <testcase name="test_create_wstring_from_char32_t" status="run" result="completed" time="0" timestamp="2021-11-09T20:00:25.246" classname="std_create_string_test_suite" />
    <testcase name="test_create_u2string_from_char" status="run" result="completed" time="0" timestamp="2021-11-09T20:00:25.246" classname="std_create_string_test_suite" />
    <testcase name="test_create_u2string_from_wchar_t" status="run" result="completed" time="0" timestamp="2021-11-09T20:00:25.247" classname="std_create_string_test_suite" />
    <testcase name="test_create_u2string_from_char2_t" status="run" result="completed" time="0" timestamp="2021-11-09T20:00:25.247" classname="std_create_string_test_suite" />
    <testcase name="test_create_u2string_from_char8_t" status="run" result="completed" time="0" timestamp="2021-11-09T20:00:25.248" classname="std_create_string_test_suite" />
    <testcase name="test_create_u2string_from_char16_t" status="run" result="completed" time="0" timestamp="2021-11-09T20:00:25.248" classname="std_create_string_test_suite" />
    <testcase name="test_create_u2string_from_char32_t" status="run" result="completed" time="0" timestamp="2021-11-09T20:00:25.249" classname="std_create_string_test_suite" />
    <testcase name="test_create_u8string_from_char" status="run" result="completed" time="0" timestamp="2021-11-09T20:00:25.249" classname="std_create_string_test_suite" />
    <testcase name="test_create_u8string_from_wchar_t" status="run" result="completed" time="0" timestamp="2021-11-09T20:00:25.254" classname="std_create_string_test_suite" />
    <testcase name="test_create_u8string_from_char2_t" status="run" result="completed" time="0" timestamp="2021-11-09T20:00:25.254" classname="std_create_string_test_suite" />
    <testcase name="test_create_u8string_from_char8_t" status="run" result="completed" time="0" timestamp="2021-11-09T20:00:25.255" classname="std_create_string_test_suite" />
    <testcase name="test_create_u8string_from_char16_t" status="run" result="completed" time="0" timestamp="2021-11-09T20:00:25.255" classname="std_create_string_test_suite" />
    <testcase name="test_create_u8string_from_char32_t" status="run" result="completed" time="0" timestamp="2021-11-09T20:00:25.256" classname="std_create_string_test_suite" />
    <testcase name="test_create_u16string_from_char" status="run" result="completed" time="0" timestamp="2021-11-09T20:00:25.257" classname="std_create_string_test_suite" />
    <testcase name="test_create_u16string_from_wchar_t" status="run" result="completed" time="0" timestamp="2021-11-09T20:00:25.258" classname="std_create_string_test_suite" />
    <testcase name="test_create_u16string_from_char2_t" status="run" result="completed" time="0" timestamp="2021-11-09T20:00:25.258" classname="std_create_string_test_suite" />
    <testcase name="test_create_u16string_from_char8_t" status="run" result="completed" time="0" timestamp="2021-11-09T20:00:25.259" classname="std_create_string_test_suite" />
    <testcase name="test_create_u16string_from_char16_t" status="run" result="completed" time="0" timestamp="2021-11-09T20:00:25.260" classname="std_create_string_test_suite" />
    <testcase name="test_create_u16string_from_char32_t" status="run" result="completed" time="0" timestamp="2021-11-09T20:00:25.260" classname="std_create_string_test_suite" />
    <testcase name="test_create_u32string_from_char" status="run" result="completed" time="0" timestamp="2021-11-09T20:00:25.261" classname="std_create_string_test_suite" />
    <testcase name="test_create_u32string_from_wchar_t" status="run" result="completed" time="0" timestamp="2021-11-09T20:00:25.261" classname="std_create_string_test_suite" />
    <testcase name="test_create_u32string_from_char2_t" status="run" result="completed" time="0" timestamp="2021-11-09T20:00:25.262" classname="std_create_string_test_suite" />
    <testcase name="test_create_u32string_from_char8_t" status="run" result="completed" time="0" timestamp="2021-11-09T20:00:25.263" classname="std_create_string_test_suite" />
    <testcase name="test_create_u32string_from_char16_t" status="run" result="completed" time="0" timestamp="2021-11-09T20:00:25.263" classname="std_create_string_test_suite" />
    <testcase name="test_create_u32string_from_char32_t" status="run" result="completed" time="0" timestamp="2021-11-09T20:00:25.264" classname="std_create_string_test_suite" />
  </testsuite>
  <testsuite name="std_iso_8859_1_test_suite" tests="12" failures="0" disabled="0" skipped="0" errors="0" time="0.007" timestamp="2021-11-09T20:00:25.265">
    <testcase name="test_multibyte_character_count" status="run" result="completed" time="0" timestamp="2021-11-09T20:00:25.265" classname="std_iso_8859_1_test_suite" />
    <testcase name="test_system_wide_character_count" status="run" result="completed" time="0" timestamp="2021-11-09T20:00:25.269" classname="std_iso_8859_1_test_suite" />
    <testcase name="test_ucs_2_character_count" status="run" result="completed" time="0" timestamp="2021-11-09T20:00:25.269" classname="std_iso_8859_1_test_suite" />
    <testcase name="test_utf_8_character_count" status="run" result="completed" time="0" timestamp="2021-11-09T20:00:25.269" classname="std_iso_8859_1_test_suite" />
    <testcase name="test_utf_16_character_count" status="run" result="completed" time="0" timestamp="2021-11-09T20:00:25.270" classname="std_iso_8859_1_test_suite" />
    <testcase name="test_utf_32_character_count" status="run" result="completed" time="0" timestamp="2021-11-09T20:00:25.270" classname="std_iso_8859_1_test_suite" />
    <testcase name="test_char_is_iso_8859_1_character" status="run" result="completed" time="0" timestamp="2021-11-09T20:00:25.270" classname="std_iso_8859_1_test_suite" />
    <testcase name="test_char8_t_is_iso_8859_1_character" status="run" result="completed" time="0" timestamp="2021-11-09T20:00:25.271" classname="std_iso_8859_1_test_suite" />
    <testcase name="test_wchar_t_is_iso_8859_1_character" status="run" result="completed" time="0" timestamp="2021-11-09T20:00:25.271" classname="std_iso_8859_1_test_suite" />
    <testcase name="test_char2_t_is_iso_8859_1_character" status="run" result="completed" time="0" timestamp="2021-11-09T20:00:25.272" classname="std_iso_8859_1_test_suite" />
    <testcase name="test_char16_t_is_iso_8859_1_character" status="run" result="completed" time="0" timestamp="2021-11-09T20:00:25.272" classname="std_iso_8859_1_test_suite" />
    <testcase name="test_char32_t_is_iso_8859_1_character" status="run" result="completed" time="0" timestamp="2021-11-09T20:00:25.272" classname="std_iso_8859_1_test_suite" />
  </testsuite>
  <testsuite name="std_string_cast_test_suite" tests="81" failures="0" disabled="0" skipped="0" errors="0" time="0.051" timestamp="2021-11-09T20:00:25.273">
    <testcase name="test_char_size" status="run" result="completed" time="0" timestamp="2021-11-09T20:00:25.273" classname="std_string_cast_test_suite" />
    <testcase name="test_wchar_t_size" status="run" result="completed" time="0" timestamp="2021-11-09T20:00:25.274" classname="std_string_cast_test_suite" />
    <testcase name="test_char2_t_size" status="run" result="completed" time="0" timestamp="2021-11-09T20:00:25.274" classname="std_string_cast_test_suite" />
    <testcase name="test_char8_t_size" status="run" result="completed" time="0" timestamp="2021-11-09T20:00:25.275" classname="std_string_cast_test_suite" />
    <testcase name="test_char16_t_size" status="run" result="completed" time="0" timestamp="2021-11-09T20:00:25.275" classname="std_string_cast_test_suite" />
    <testcase name="test_char32_t_size" status="run" result="completed" time="0" timestamp="2021-11-09T20:00:25.275" classname="std_string_cast_test_suite" />
    <testcase name="test_multibyte_ascii_printable_characters" status="run" result="completed" time="0" timestamp="2021-11-09T20:00:25.276" classname="std_string_cast_test_suite" />
    <testcase name="test_multibyte_iso_8859_1_printable_characters" status="run" result="completed" time="0" timestamp="2021-11-09T20:00:25.276" classname="std_string_cast_test_suite" />
    <testcase name="test_cast_ascii_from_string_to_string" status="run" result="completed" time="0" timestamp="2021-11-09T20:00:25.277" classname="std_string_cast_test_suite" />
    <testcase name="test_cast_iso_8859_1_from_string_to_string" status="run" result="completed" time="0" timestamp="2021-11-09T20:00:25.277" classname="std_string_cast_test_suite" />
    <testcase name="test_cast_swedish_from_string_to_string" status="run" result="completed" time="0" timestamp="2021-11-09T20:00:25.277" classname="std_string_cast_test_suite" />
    <testcase name="test_cast_ascii_from_wstring_to_string" status="run" result="completed" time="0" timestamp="2021-11-09T20:00:25.278" classname="std_string_cast_test_suite" />
    <testcase name="test_cast_swedish_from_wstring_to_string" status="run" result="completed" time="0" timestamp="2021-11-09T20:00:25.278" classname="std_string_cast_test_suite" />
    <testcase name="test_cast_ascii_from_u2string_to_string" status="run" result="completed" time="0" timestamp="2021-11-09T20:00:25.279" classname="std_string_cast_test_suite" />
    <testcase name="test_cast_swedish_from_u2string_to_string" status="run" result="completed" time="0" timestamp="2021-11-09T20:00:25.279" classname="std_string_cast_test_suite" />
    <testcase name="test_cast_ascii_from_u8string_to_string" status="run" result="completed" time="0" timestamp="2021-11-09T20:00:25.280" classname="std_string_cast_test_suite" />
    <testcase name="test_cast_swedish_from_u8string_to_string" status="run" result="completed" time="0" timestamp="2021-11-09T20:00:25.280" classname="std_string_cast_test_suite" />
    <testcase name="test_cast_ascii_from_u16string_to_string" status="run" result="completed" time="0" timestamp="2021-11-09T20:00:25.280" classname="std_string_cast_test_suite" />
    <testcase name="test_cast_swedish_from_u16string_to_string" status="run" result="completed" time="0" timestamp="2021-11-09T20:00:25.281" classname="std_string_cast_test_suite" />
    <testcase name="test_cast_ascii_from_u32string_to_string" status="run" result="completed" time="0" timestamp="2021-11-09T20:00:25.286" classname="std_string_cast_test_suite" />
    <testcase name="test_cast_swedish_from_u32string_to_string" status="run" result="completed" time="0" timestamp="2021-11-09T20:00:25.286" classname="std_string_cast_test_suite" />
    <testcase name="test_cast_ascii_from_string_to_wstring" status="run" result="completed" time="0" timestamp="2021-11-09T20:00:25.287" classname="std_string_cast_test_suite" />
    <testcase name="test_cast_swedish_from_string_to_wstring" status="run" result="completed" time="0" timestamp="2021-11-09T20:00:25.287" classname="std_string_cast_test_suite" />
    <testcase name="test_cast_ascii_from_wstring_to_wstring" status="run" result="completed" time="0" timestamp="2021-11-09T20:00:25.288" classname="std_string_cast_test_suite" />
    <testcase name="test_cast_swedish_from_wstring_to_wstring" status="run" result="completed" time="0" timestamp="2021-11-09T20:00:25.289" classname="std_string_cast_test_suite" />
    <testcase name="test_cast_ascii_from_u2string_to_wstring" status="run" result="completed" time="0" timestamp="2021-11-09T20:00:25.289" classname="std_string_cast_test_suite" />
    <testcase name="test_cast_swedish_from_u2string_to_wstring" status="run" result="completed" time="0" timestamp="2021-11-09T20:00:25.290" classname="std_string_cast_test_suite" />
    <testcase name="test_cast_ascii_from_u8string_to_wstring" status="run" result="completed" time="0" timestamp="2021-11-09T20:00:25.291" classname="std_string_cast_test_suite" />
    <testcase name="test_cast_swedish_from_u8string_to_wstring" status="run" result="completed" time="0" timestamp="2021-11-09T20:00:25.291" classname="std_string_cast_test_suite" />
    <testcase name="test_cast_ascii_from_u16string_to_wstring" status="run" result="completed" time="0" timestamp="2021-11-09T20:00:25.292" classname="std_string_cast_test_suite" />
    <testcase name="test_cast_swedish_from_u16string_to_wstring" status="run" result="completed" time="0" timestamp="2021-11-09T20:00:25.292" classname="std_string_cast_test_suite" />
    <testcase name="test_cast_ascii_from_u32string_to_wstring" status="run" result="completed" time="0" timestamp="2021-11-09T20:00:25.293" classname="std_string_cast_test_suite" />
    <testcase name="test_cast_swedish_from_u32string_to_wstring" status="run" result="completed" time="0" timestamp="2021-11-09T20:00:25.293" classname="std_string_cast_test_suite" />
    <testcase name="test_cast_ascii_from_string_to_u2string" status="run" result="completed" time="0" timestamp="2021-11-09T20:00:25.294" classname="std_string_cast_test_suite" />
    <testcase name="test_cast_swedish_from_string_to_u2string" status="run" result="completed" time="0" timestamp="2021-11-09T20:00:25.295" classname="std_string_cast_test_suite" />
    <testcase name="test_cast_ascii_from_wstring_to_u2string" status="run" result="completed" time="0" timestamp="2021-11-09T20:00:25.295" classname="std_string_cast_test_suite" />
    <testcase name="test_cast_swedish_from_wstring_to_u2string" status="run" result="completed" time="0" timestamp="2021-11-09T20:00:25.296" classname="std_string_cast_test_suite" />
    <testcase name="test_cast_ascii_from_u2string_to_u2string" status="run" result="completed" time="0" timestamp="2021-11-09T20:00:25.296" classname="std_string_cast_test_suite" />
    <testcase name="test_cast_swedish_from_u2string_to_u2string" status="run" result="completed" time="0" timestamp="2021-11-09T20:00:25.300" classname="std_string_cast_test_suite" />
    <testcase name="test_cast_ascii_from_u8string_to_u2string" status="run" result="completed" time="0" timestamp="2021-11-09T20:00:25.300" classname="std_string_cast_test_suite" />
    <testcase name="test_cast_swedish_from_u8string_to_u2string" status="run" result="completed" time="0" timestamp="2021-11-09T20:00:25.301" classname="std_string_cast_test_suite" />
    <testcase name="test_cast_ascii_from_u16string_to_u2string" status="run" result="completed" time="0" timestamp="2021-11-09T20:00:25.301" classname="std_string_cast_test_suite" />
    <testcase name="test_cast_swedish_from_u16string_to_u2string" status="run" result="completed" time="0" timestamp="2021-11-09T20:00:25.302" classname="std_string_cast_test_suite" />
    <testcase name="test_cast_ascii_from_u32string_to_u2string" status="run" result="completed" time="0" timestamp="2021-11-09T20:00:25.302" classname="std_string_cast_test_suite" />
    <testcase name="test_cast_swedish_from_u32string_to_u2string" status="run" result="completed" time="0" timestamp="2021-11-09T20:00:25.303" classname="std_string_cast_test_suite" />
    <testcase name="test_cast_ascii_from_string_to_u8string" status="run" result="completed" time="0" timestamp="2021-11-09T20:00:25.303" classname="std_string_cast_test_suite" />
    <testcase name="test_cast_swedish_from_string_to_u8string" status="run" result="completed" time="0" timestamp="2021-11-09T20:00:25.303" classname="std_string_cast_test_suite" />
    <testcase name="test_cast_ascii_from_wstring_to_u8string" status="run" result="completed" time="0" timestamp="2021-11-09T20:00:25.304" classname="std_string_cast_test_suite" />
    <testcase name="test_cast_swedish_from_wstring_to_u8string" status="run" result="completed" time="0" timestamp="2021-11-09T20:00:25.304" classname="std_string_cast_test_suite" />
    <testcase name="test_cast_ascii_from_u2string_to_u8string" status="run" result="completed" time="0" timestamp="2021-11-09T20:00:25.305" classname="std_string_cast_test_suite" />
    <testcase name="test_cast_swedish_from_u2string_to_u8string" status="run" result="completed" time="0" timestamp="2021-11-09T20:00:25.305" classname="std_string_cast_test_suite" />
    <testcase name="test_cast_ascii_from_u8string_to_u8string" status="run" result="completed" time="0" timestamp="2021-11-09T20:00:25.306" classname="std_string_cast_test_suite" />
    <testcase name="test_cast_swedish_from_u8string_to_u8string" status="run" result="completed" time="0" timestamp="2021-11-09T20:00:25.306" classname="std_string_cast_test_suite" />
    <testcase name="test_cast_ascii_from_u16string_to_u8string" status="run" result="completed" time="0" timestamp="2021-11-09T20:00:25.306" classname="std_string_cast_test_suite" />
    <testcase name="test_cast_swedish_from_u16string_to_u8string" status="run" result="completed" time="0" timestamp="2021-11-09T20:00:25.307" classname="std_string_cast_test_suite" />
    <testcase name="test_cast_ascii_from_u32string_to_u8string" status="run" result="completed" time="0" timestamp="2021-11-09T20:00:25.307" classname="std_string_cast_test_suite" />
    <testcase name="test_cast_swedish_from_u32string_to_u8string" status="run" result="completed" time="0" timestamp="2021-11-09T20:00:25.308" classname="std_string_cast_test_suite" />
    <testcase name="test_cast_ascii_from_string_to_u16string" status="run" result="completed" time="0" timestamp="2021-11-09T20:00:25.308" classname="std_string_cast_test_suite" />
    <testcase name="test_cast_swedish_from_string_to_u16string" status="run" result="completed" time="0" timestamp="2021-11-09T20:00:25.309" classname="std_string_cast_test_suite" />
    <testcase name="test_cast_ascii_from_wstring_to_u16string" status="run" result="completed" time="0" timestamp="2021-11-09T20:00:25.309" classname="std_string_cast_test_suite" />
    <testcase name="test_cast_swedish_from_wstring_to_u16string" status="run" result="completed" time="0" timestamp="2021-11-09T20:00:25.310" classname="std_string_cast_test_suite" />
    <testcase name="test_cast_ascii_from_u2string_to_u16string" status="run" result="completed" time="0" timestamp="2021-11-09T20:00:25.310" classname="std_string_cast_test_suite" />
    <testcase name="test_cast_swedish_from_u2string_to_u16string" status="run" result="completed" time="0" timestamp="2021-11-09T20:00:25.311" classname="std_string_cast_test_suite" />
    <testcase name="test_cast_ascii_from_u8string_to_u16string" status="run" result="completed" time="0" timestamp="2021-11-09T20:00:25.311" classname="std_string_cast_test_suite" />
    <testcase name="test_cast_swedish_from_u8string_to_u16string" status="run" result="completed" time="0" timestamp="2021-11-09T20:00:25.316" classname="std_string_cast_test_suite" />
    <testcase name="test_cast_ascii_from_u16string_to_u16string" status="run" result="completed" time="0" timestamp="2021-11-09T20:00:25.317" classname="std_string_cast_test_suite" />
    <testcase name="test_cast_swedish_from_u16string_to_u16string" status="run" result="completed" time="0" timestamp="2021-11-09T20:00:25.317" classname="std_string_cast_test_suite" />
    <testcase name="test_cast_ascii_from_u32string_to_u16string" status="run" result="completed" time="0" timestamp="2021-11-09T20:00:25.317" classname="std_string_cast_test_suite" />
    <testcase name="test_cast_swedish_from_u32string_to_u16string" status="run" result="completed" time="0" timestamp="2021-11-09T20:00:25.318" classname="std_string_cast_test_suite" />
    <testcase name="test_cast_ascii_from_string_to_u32string" status="run" result="completed" time="0" timestamp="2021-11-09T20:00:25.318" classname="std_string_cast_test_suite" />
    <testcase name="test_cast_swedish_from_string_to_u32string" status="run" result="completed" time="0" timestamp="2021-11-09T20:00:25.319" classname="std_string_cast_test_suite" />
    <testcase name="test_cast_ascii_from_wstring_to_u32string" status="run" result="completed" time="0" timestamp="2021-11-09T20:00:25.319" classname="std_string_cast_test_suite" />
    <testcase name="test_cast_swedish_from_wstring_to_u32string" status="run" result="completed" time="0" timestamp="2021-11-09T20:00:25.320" classname="std_string_cast_test_suite" />
    <testcase name="test_cast_ascii_from_u2string_to_u32string" status="run" result="completed" time="0" timestamp="2021-11-09T20:00:25.320" classname="std_string_cast_test_suite" />
    <testcase name="test_cast_swedish_from_u2string_to_u32string" status="run" result="completed" time="0" timestamp="2021-11-09T20:00:25.321" classname="std_string_cast_test_suite" />
    <testcase name="test_cast_ascii_from_u8string_to_u32string" status="run" result="completed" time="0" timestamp="2021-11-09T20:00:25.321" classname="std_string_cast_test_suite" />
    <testcase name="test_cast_swedish_from_u8string_to_u32string" status="run" result="completed" time="0" timestamp="2021-11-09T20:00:25.322" classname="std_string_cast_test_suite" />
    <testcase name="test_cast_ascii_from_u16string_to_u32string" status="run" result="completed" time="0" timestamp="2021-11-09T20:00:25.322" classname="std_string_cast_test_suite" />
    <testcase name="test_cast_swedish_from_u16string_to_u32string" status="run" result="completed" time="0" timestamp="2021-11-09T20:00:25.323" classname="std_string_cast_test_suite" />
    <testcase name="test_cast_ascii_from_u32string_to_u32string" status="run" result="completed" time="0" timestamp="2021-11-09T20:00:25.323" classname="std_string_cast_test_suite" />
    <testcase name="test_cast_swedish_from_u32string_to_u32string" status="run" result="completed" time="0" timestamp="2021-11-09T20:00:25.324" classname="std_string_cast_test_suite" />
  </testsuite>
  <testsuite name="std_windows_1252_test_suite" tests="12" failures="0" disabled="0" skipped="0" errors="0" time="0.009" timestamp="2021-11-09T20:00:25.325">
    <testcase name="test_multibyte_character_count" status="run" result="completed" time="0" timestamp="2021-11-09T20:00:25.325" classname="std_windows_1252_test_suite" />
    <testcase name="test_system_wide_character_count" status="run" result="completed" time="0" timestamp="2021-11-09T20:00:25.325" classname="std_windows_1252_test_suite" />
    <testcase name="test_ucs_2_character_count" status="run" result="completed" time="0" timestamp="2021-11-09T20:00:25.325" classname="std_windows_1252_test_suite" />
    <testcase name="test_utf_8_character_count" status="run" result="completed" time="0" timestamp="2021-11-09T20:00:25.326" classname="std_windows_1252_test_suite" />
    <testcase name="test_utf_16_character_count" status="run" result="completed" time="0" timestamp="2021-11-09T20:00:25.326" classname="std_windows_1252_test_suite" />
    <testcase name="test_utf_32_character_count" status="run" result="completed" time="0" timestamp="2021-11-09T20:00:25.327" classname="std_windows_1252_test_suite" />
    <testcase name="test_char_is_windows_1252_character" status="run" result="completed" time="0" timestamp="2021-11-09T20:00:25.327" classname="std_windows_1252_test_suite" />
    <testcase name="test_char8_t_is_windows_1252_character" status="run" result="completed" time="0" timestamp="2021-11-09T20:00:25.332" classname="std_windows_1252_test_suite" />
    <testcase name="test_wchar_t_is_windows_1252_character" status="run" result="completed" time="0" timestamp="2021-11-09T20:00:25.333" classname="std_windows_1252_test_suite" />
    <testcase name="test_char2_t_is_windows_1252_character" status="run" result="completed" time="0" timestamp="2021-11-09T20:00:25.333" classname="std_windows_1252_test_suite" />
    <testcase name="test_char16_t_is_windows_1252_character" status="run" result="completed" time="0" timestamp="2021-11-09T20:00:25.334" classname="std_windows_1252_test_suite" />
    <testcase name="test_char32_t_is_windows_1252_character" status="run" result="completed" time="0" timestamp="2021-11-09T20:00:25.334" classname="std_windows_1252_test_suite" />
  </testsuite>
</testsuites>
