<?xml version="1.0" encoding="UTF-8"?>
<testsuites tests="679" failures="0" disabled="0" errors="0" time="0.112" timestamp="2021-10-04T18:37:11.115" name="AllTests">
  <testsuite name="std_basic_command_execution_observer_test_suite" tests="2" failures="0" disabled="0" skipped="0" errors="0" time="0" timestamp="2021-10-04T18:37:11.115">
    <testcase name="test_execute_command" status="run" result="completed" time="0" timestamp="2021-10-04T18:37:11.115" classname="std_basic_command_execution_observer_test_suite" />
    <testcase name="test_post_command" status="run" result="completed" time="0" timestamp="2021-10-04T18:37:11.115" classname="std_basic_command_execution_observer_test_suite" />
  </testsuite>
  <testsuite name="std_basic_command_manager_lambda_test_suite" tests="2" failures="0" disabled="0" skipped="0" errors="0" time="0.003" timestamp="2021-10-04T18:37:11.116">
    <testcase name="test_command_manager" status="run" result="completed" time="0.001" timestamp="2021-10-04T18:37:11.116" classname="std_basic_command_manager_lambda_test_suite" />
    <testcase name="test_spaceship_observer" status="run" result="completed" time="0.002" timestamp="2021-10-04T18:37:11.117" classname="std_basic_command_manager_lambda_test_suite" />
  </testsuite>
  <testsuite name="std_basic_command_manager_test_suite" tests="2" failures="0" disabled="0" skipped="0" errors="0" time="0.003" timestamp="2021-10-04T18:37:11.119">
    <testcase name="test_command_manager" status="run" result="completed" time="0.001" timestamp="2021-10-04T18:37:11.119" classname="std_basic_command_manager_test_suite" />
    <testcase name="test_spaceship_observer" status="run" result="completed" time="0.002" timestamp="2021-10-04T18:37:11.121" classname="std_basic_command_manager_test_suite" />
  </testsuite>
  <testsuite name="std_basic_command_test_suite" tests="1" failures="0" disabled="0" skipped="0" errors="0" time="0" timestamp="2021-10-04T18:37:11.123">
    <testcase name="test_command" status="run" result="completed" time="0" timestamp="2021-10-04T18:37:11.123" classname="std_basic_command_test_suite" />
  </testsuite>
  <testsuite name="std_basic_event_manager_test_suite" tests="1" failures="0" disabled="0" skipped="0" errors="0" time="0.002" timestamp="2021-10-04T18:37:11.123">
    <testcase name="test_command_manager" status="run" result="completed" time="0.002" timestamp="2021-10-04T18:37:11.123" classname="std_basic_event_manager_test_suite" />
  </testsuite>
  <testsuite name="std_basic_observable_array_test_suite" tests="1" failures="0" disabled="0" skipped="0" errors="0" time="0" timestamp="2021-10-04T18:37:11.126">
    <testcase name="test_create" status="run" result="completed" time="0" timestamp="2021-10-04T18:37:11.126" classname="std_basic_observable_array_test_suite" />
  </testsuite>
  <testsuite name="std_basic_observable_deque_test_suite" tests="14" failures="0" disabled="0" skipped="0" errors="0" time="0.001" timestamp="2021-10-04T18:37:11.126">
    <testcase name="test_assign_range" status="run" result="completed" time="0" timestamp="2021-10-04T18:37:11.126" classname="std_basic_observable_deque_test_suite" />
    <testcase name="test_assign_initializer_list" status="run" result="completed" time="0" timestamp="2021-10-04T18:37:11.126" classname="std_basic_observable_deque_test_suite" />
    <testcase name="test_assign_fill" status="run" result="completed" time="0" timestamp="2021-10-04T18:37:11.126" classname="std_basic_observable_deque_test_suite" />
    <testcase name="test_push_back" status="run" result="completed" time="0" timestamp="2021-10-04T18:37:11.126" classname="std_basic_observable_deque_test_suite" />
    <testcase name="test_push_front" status="run" result="completed" time="0" timestamp="2021-10-04T18:37:11.126" classname="std_basic_observable_deque_test_suite" />
    <testcase name="test_pop_back" status="run" result="completed" time="0" timestamp="2021-10-04T18:37:11.127" classname="std_basic_observable_deque_test_suite" />
    <testcase name="test_pop_front" status="run" result="completed" time="0" timestamp="2021-10-04T18:37:11.127" classname="std_basic_observable_deque_test_suite" />
    <testcase name="test_insert_single_element" status="run" result="completed" time="0" timestamp="2021-10-04T18:37:11.127" classname="std_basic_observable_deque_test_suite" />
    <testcase name="test_insert_fill" status="run" result="completed" time="0" timestamp="2021-10-04T18:37:11.127" classname="std_basic_observable_deque_test_suite" />
    <testcase name="test_insert_range" status="run" result="completed" time="0" timestamp="2021-10-04T18:37:11.127" classname="std_basic_observable_deque_test_suite" />
    <testcase name="test_erase_position" status="run" result="completed" time="0" timestamp="2021-10-04T18:37:11.127" classname="std_basic_observable_deque_test_suite" />
    <testcase name="test_erase_range" status="run" result="completed" time="0" timestamp="2021-10-04T18:37:11.127" classname="std_basic_observable_deque_test_suite" />
    <testcase name="test_swap" status="run" result="completed" time="0" timestamp="2021-10-04T18:37:11.127" classname="std_basic_observable_deque_test_suite" />
    <testcase name="test_clear" status="run" result="completed" time="0" timestamp="2021-10-04T18:37:11.127" classname="std_basic_observable_deque_test_suite" />
  </testsuite>
  <testsuite name="std_basic_observable_forward_list_test_suite" tests="21" failures="0" disabled="0" skipped="0" errors="0" time="0.002" timestamp="2021-10-04T18:37:11.127">
    <testcase name="test_assign_range" status="run" result="completed" time="0" timestamp="2021-10-04T18:37:11.127" classname="std_basic_observable_forward_list_test_suite" />
    <testcase name="test_assign_initializer_list" status="run" result="completed" time="0" timestamp="2021-10-04T18:37:11.128" classname="std_basic_observable_forward_list_test_suite" />
    <testcase name="test_assign_fill" status="run" result="completed" time="0" timestamp="2021-10-04T18:37:11.128" classname="std_basic_observable_forward_list_test_suite" />
    <testcase name="test_push_front" status="run" result="completed" time="0" timestamp="2021-10-04T18:37:11.128" classname="std_basic_observable_forward_list_test_suite" />
    <testcase name="test_pop_front" status="run" result="completed" time="0" timestamp="2021-10-04T18:37:11.128" classname="std_basic_observable_forward_list_test_suite" />
    <testcase name="test_insert_after_single_element" status="run" result="completed" time="0" timestamp="2021-10-04T18:37:11.128" classname="std_basic_observable_forward_list_test_suite" />
    <testcase name="test_insert_after_fill" status="run" result="completed" time="0" timestamp="2021-10-04T18:37:11.128" classname="std_basic_observable_forward_list_test_suite" />
    <testcase name="test_insert_after_range" status="run" result="completed" time="0" timestamp="2021-10-04T18:37:11.128" classname="std_basic_observable_forward_list_test_suite" />
    <testcase name="test_erase_after_position" status="run" result="completed" time="0" timestamp="2021-10-04T18:37:11.128" classname="std_basic_observable_forward_list_test_suite" />
    <testcase name="test_erase_range" status="run" result="completed" time="0" timestamp="2021-10-04T18:37:11.128" classname="std_basic_observable_forward_list_test_suite" />
    <testcase name="test_swap" status="run" result="completed" time="0" timestamp="2021-10-04T18:37:11.128" classname="std_basic_observable_forward_list_test_suite" />
    <testcase name="test_clear" status="run" result="completed" time="0" timestamp="2021-10-04T18:37:11.129" classname="std_basic_observable_forward_list_test_suite" />
    <testcase name="test_splice_after_entire_container" status="run" result="completed" time="0" timestamp="2021-10-04T18:37:11.129" classname="std_basic_observable_forward_list_test_suite" />
    <testcase name="test_splice_after_single_element" status="run" result="completed" time="0" timestamp="2021-10-04T18:37:11.129" classname="std_basic_observable_forward_list_test_suite" />
    <testcase name="test_splice_after_element_range" status="run" result="completed" time="0" timestamp="2021-10-04T18:37:11.129" classname="std_basic_observable_forward_list_test_suite" />
    <testcase name="test_remove" status="run" result="completed" time="0" timestamp="2021-10-04T18:37:11.129" classname="std_basic_observable_forward_list_test_suite" />
    <testcase name="test_remove_if" status="run" result="completed" time="0" timestamp="2021-10-04T18:37:11.129" classname="std_basic_observable_forward_list_test_suite" />
    <testcase name="test_unique" status="run" result="completed" time="0" timestamp="2021-10-04T18:37:11.129" classname="std_basic_observable_forward_list_test_suite" />
    <testcase name="test_unique_binary_predicate" status="run" result="completed" time="0" timestamp="2021-10-04T18:37:11.129" classname="std_basic_observable_forward_list_test_suite" />
    <testcase name="test_merge" status="run" result="completed" time="0" timestamp="2021-10-04T18:37:11.129" classname="std_basic_observable_forward_list_test_suite" />
    <testcase name="test_merge_compare_predicate" status="run" result="completed" time="0" timestamp="2021-10-04T18:37:11.130" classname="std_basic_observable_forward_list_test_suite" />
  </testsuite>
  <testsuite name="std_basic_observable_list_test_suite" tests="23" failures="0" disabled="0" skipped="0" errors="0" time="0.002" timestamp="2021-10-04T18:37:11.130">
    <testcase name="test_assign_range" status="run" result="completed" time="0" timestamp="2021-10-04T18:37:11.130" classname="std_basic_observable_list_test_suite" />
    <testcase name="test_assign_initializer_list" status="run" result="completed" time="0" timestamp="2021-10-04T18:37:11.130" classname="std_basic_observable_list_test_suite" />
    <testcase name="test_assign_fill" status="run" result="completed" time="0" timestamp="2021-10-04T18:37:11.130" classname="std_basic_observable_list_test_suite" />
    <testcase name="test_push_back" status="run" result="completed" time="0" timestamp="2021-10-04T18:37:11.130" classname="std_basic_observable_list_test_suite" />
    <testcase name="test_push_front" status="run" result="completed" time="0" timestamp="2021-10-04T18:37:11.130" classname="std_basic_observable_list_test_suite" />
    <testcase name="test_pop_back" status="run" result="completed" time="0" timestamp="2021-10-04T18:37:11.130" classname="std_basic_observable_list_test_suite" />
    <testcase name="test_pop_front" status="run" result="completed" time="0" timestamp="2021-10-04T18:37:11.130" classname="std_basic_observable_list_test_suite" />
    <testcase name="test_insert_single_element" status="run" result="completed" time="0" timestamp="2021-10-04T18:37:11.130" classname="std_basic_observable_list_test_suite" />
    <testcase name="test_insert_fill" status="run" result="completed" time="0" timestamp="2021-10-04T18:37:11.130" classname="std_basic_observable_list_test_suite" />
    <testcase name="test_insert_range" status="run" result="completed" time="0" timestamp="2021-10-04T18:37:11.131" classname="std_basic_observable_list_test_suite" />
    <testcase name="test_erase_position" status="run" result="completed" time="0" timestamp="2021-10-04T18:37:11.131" classname="std_basic_observable_list_test_suite" />
    <testcase name="test_erase_range" status="run" result="completed" time="0" timestamp="2021-10-04T18:37:11.131" classname="std_basic_observable_list_test_suite" />
    <testcase name="test_swap" status="run" result="completed" time="0" timestamp="2021-10-04T18:37:11.131" classname="std_basic_observable_list_test_suite" />
    <testcase name="test_clear" status="run" result="completed" time="0" timestamp="2021-10-04T18:37:11.131" classname="std_basic_observable_list_test_suite" />
    <testcase name="test_splice_entire_container" status="run" result="completed" time="0" timestamp="2021-10-04T18:37:11.131" classname="std_basic_observable_list_test_suite" />
    <testcase name="test_splice_single_element" status="run" result="completed" time="0" timestamp="2021-10-04T18:37:11.131" classname="std_basic_observable_list_test_suite" />
    <testcase name="test_splice_element_range" status="run" result="completed" time="0" timestamp="2021-10-04T18:37:11.131" classname="std_basic_observable_list_test_suite" />
    <testcase name="test_remove" status="run" result="completed" time="0" timestamp="2021-10-04T18:37:11.132" classname="std_basic_observable_list_test_suite" />
    <testcase name="test_remove_if" status="run" result="completed" time="0" timestamp="2021-10-04T18:37:11.132" classname="std_basic_observable_list_test_suite" />
    <testcase name="test_unique" status="run" result="completed" time="0" timestamp="2021-10-04T18:37:11.132" classname="std_basic_observable_list_test_suite" />
    <testcase name="test_unique_binary_predicate" status="run" result="completed" time="0" timestamp="2021-10-04T18:37:11.132" classname="std_basic_observable_list_test_suite" />
    <testcase name="test_merge" status="run" result="completed" time="0" timestamp="2021-10-04T18:37:11.132" classname="std_basic_observable_list_test_suite" />
    <testcase name="test_merge_compare_predicate" status="run" result="completed" time="0" timestamp="2021-10-04T18:37:11.132" classname="std_basic_observable_list_test_suite" />
  </testsuite>
  <testsuite name="std_basic_observable_map_test_suite" tests="11" failures="0" disabled="0" skipped="0" errors="0" time="0.001" timestamp="2021-10-04T18:37:11.132">
    <testcase name="test_insert_single_element" status="run" result="completed" time="0" timestamp="2021-10-04T18:37:11.132" classname="std_basic_observable_map_test_suite" />
    <testcase name="test_insert_single_element_with_hint" status="run" result="completed" time="0" timestamp="2021-10-04T18:37:11.133" classname="std_basic_observable_map_test_suite" />
    <testcase name="test_insert_range" status="run" result="completed" time="0" timestamp="2021-10-04T18:37:11.133" classname="std_basic_observable_map_test_suite" />
    <testcase name="test_insert_initializer_list" status="run" result="completed" time="0" timestamp="2021-10-04T18:37:11.133" classname="std_basic_observable_map_test_suite" />
    <testcase name="test_erase_position" status="run" result="completed" time="0" timestamp="2021-10-04T18:37:11.133" classname="std_basic_observable_map_test_suite" />
    <testcase name="test_erase_value" status="run" result="completed" time="0" timestamp="2021-10-04T18:37:11.133" classname="std_basic_observable_map_test_suite" />
    <testcase name="test_erase_range" status="run" result="completed" time="0" timestamp="2021-10-04T18:37:11.133" classname="std_basic_observable_map_test_suite" />
    <testcase name="test_swap" status="run" result="completed" time="0" timestamp="2021-10-04T18:37:11.133" classname="std_basic_observable_map_test_suite" />
    <testcase name="test_clear" status="run" result="completed" time="0" timestamp="2021-10-04T18:37:11.133" classname="std_basic_observable_map_test_suite" />
    <testcase name="test_emplace" status="run" result="completed" time="0" timestamp="2021-10-04T18:37:11.133" classname="std_basic_observable_map_test_suite" />
    <testcase name="test_emplace_hint" status="run" result="completed" time="0" timestamp="2021-10-04T18:37:11.133" classname="std_basic_observable_map_test_suite" />
  </testsuite>
  <testsuite name="std_basic_observable_multimap_test_suite" tests="11" failures="0" disabled="0" skipped="0" errors="0" time="0.001" timestamp="2021-10-04T18:37:11.134">
    <testcase name="test_insert_single_element" status="run" result="completed" time="0" timestamp="2021-10-04T18:37:11.134" classname="std_basic_observable_multimap_test_suite" />
    <testcase name="test_insert_single_element_with_hint" status="run" result="completed" time="0" timestamp="2021-10-04T18:37:11.134" classname="std_basic_observable_multimap_test_suite" />
    <testcase name="test_insert_range" status="run" result="completed" time="0" timestamp="2021-10-04T18:37:11.134" classname="std_basic_observable_multimap_test_suite" />
    <testcase name="test_insert_initializer_list" status="run" result="completed" time="0" timestamp="2021-10-04T18:37:11.134" classname="std_basic_observable_multimap_test_suite" />
    <testcase name="test_erase_position" status="run" result="completed" time="0" timestamp="2021-10-04T18:37:11.134" classname="std_basic_observable_multimap_test_suite" />
    <testcase name="test_erase_value" status="run" result="completed" time="0" timestamp="2021-10-04T18:37:11.134" classname="std_basic_observable_multimap_test_suite" />
    <testcase name="test_erase_range" status="run" result="completed" time="0" timestamp="2021-10-04T18:37:11.134" classname="std_basic_observable_multimap_test_suite" />
    <testcase name="test_swap" status="run" result="completed" time="0" timestamp="2021-10-04T18:37:11.134" classname="std_basic_observable_multimap_test_suite" />
    <testcase name="test_clear" status="run" result="completed" time="0" timestamp="2021-10-04T18:37:11.134" classname="std_basic_observable_multimap_test_suite" />
    <testcase name="test_emplace" status="run" result="completed" time="0" timestamp="2021-10-04T18:37:11.134" classname="std_basic_observable_multimap_test_suite" />
    <testcase name="test_emplace_hint" status="run" result="completed" time="0" timestamp="2021-10-04T18:37:11.135" classname="std_basic_observable_multimap_test_suite" />
  </testsuite>
  <testsuite name="std_basic_observable_multiset_test_suite" tests="11" failures="0" disabled="0" skipped="0" errors="0" time="0.001" timestamp="2021-10-04T18:37:11.135">
    <testcase name="test_insert_single_element" status="run" result="completed" time="0" timestamp="2021-10-04T18:37:11.135" classname="std_basic_observable_multiset_test_suite" />
    <testcase name="test_insert_single_element_with_hint" status="run" result="completed" time="0" timestamp="2021-10-04T18:37:11.135" classname="std_basic_observable_multiset_test_suite" />
    <testcase name="test_insert_range" status="run" result="completed" time="0" timestamp="2021-10-04T18:37:11.135" classname="std_basic_observable_multiset_test_suite" />
    <testcase name="test_insert_initializer_list" status="run" result="completed" time="0" timestamp="2021-10-04T18:37:11.135" classname="std_basic_observable_multiset_test_suite" />
    <testcase name="test_erase_position" status="run" result="completed" time="0" timestamp="2021-10-04T18:37:11.135" classname="std_basic_observable_multiset_test_suite" />
    <testcase name="test_erase_value" status="run" result="completed" time="0" timestamp="2021-10-04T18:37:11.135" classname="std_basic_observable_multiset_test_suite" />
    <testcase name="test_erase_range" status="run" result="completed" time="0" timestamp="2021-10-04T18:37:11.135" classname="std_basic_observable_multiset_test_suite" />
    <testcase name="test_swap" status="run" result="completed" time="0" timestamp="2021-10-04T18:37:11.136" classname="std_basic_observable_multiset_test_suite" />
    <testcase name="test_clear" status="run" result="completed" time="0" timestamp="2021-10-04T18:37:11.136" classname="std_basic_observable_multiset_test_suite" />
    <testcase name="test_emplace" status="run" result="completed" time="0" timestamp="2021-10-04T18:37:11.136" classname="std_basic_observable_multiset_test_suite" />
    <testcase name="test_emplace_hint" status="run" result="completed" time="0" timestamp="2021-10-04T18:37:11.136" classname="std_basic_observable_multiset_test_suite" />
  </testsuite>
  <testsuite name="std_basic_observable_object_lambda_test_suite" tests="1" failures="0" disabled="0" skipped="0" errors="0" time="0" timestamp="2021-10-04T18:37:11.136">
    <testcase name="test_observable_object" status="run" result="completed" time="0" timestamp="2021-10-04T18:37:11.136" classname="std_basic_observable_object_lambda_test_suite" />
  </testsuite>
  <testsuite name="std_basic_observable_object_test_suite" tests="1" failures="0" disabled="0" skipped="0" errors="0" time="0" timestamp="2021-10-04T18:37:11.136">
    <testcase name="test_observable_object" status="run" result="completed" time="0" timestamp="2021-10-04T18:37:11.136" classname="std_basic_observable_object_test_suite" />
  </testsuite>
  <testsuite name="std_basic_observable_set_test_suite" tests="11" failures="0" disabled="0" skipped="0" errors="0" time="0.001" timestamp="2021-10-04T18:37:11.137">
    <testcase name="test_insert_single_element" status="run" result="completed" time="0" timestamp="2021-10-04T18:37:11.137" classname="std_basic_observable_set_test_suite" />
    <testcase name="test_insert_single_element_with_hint" status="run" result="completed" time="0" timestamp="2021-10-04T18:37:11.137" classname="std_basic_observable_set_test_suite" />
    <testcase name="test_insert_range" status="run" result="completed" time="0" timestamp="2021-10-04T18:37:11.137" classname="std_basic_observable_set_test_suite" />
    <testcase name="test_insert_initializer_list" status="run" result="completed" time="0" timestamp="2021-10-04T18:37:11.137" classname="std_basic_observable_set_test_suite" />
    <testcase name="test_erase_position" status="run" result="completed" time="0" timestamp="2021-10-04T18:37:11.137" classname="std_basic_observable_set_test_suite" />
    <testcase name="test_erase_value" status="run" result="completed" time="0" timestamp="2021-10-04T18:37:11.137" classname="std_basic_observable_set_test_suite" />
    <testcase name="test_erase_range" status="run" result="completed" time="0" timestamp="2021-10-04T18:37:11.137" classname="std_basic_observable_set_test_suite" />
    <testcase name="test_swap" status="run" result="completed" time="0" timestamp="2021-10-04T18:37:11.137" classname="std_basic_observable_set_test_suite" />
    <testcase name="test_clear" status="run" result="completed" time="0" timestamp="2021-10-04T18:37:11.137" classname="std_basic_observable_set_test_suite" />
    <testcase name="test_emplace" status="run" result="completed" time="0" timestamp="2021-10-04T18:37:11.138" classname="std_basic_observable_set_test_suite" />
    <testcase name="test_emplace_hint" status="run" result="completed" time="0" timestamp="2021-10-04T18:37:11.138" classname="std_basic_observable_set_test_suite" />
  </testsuite>
  <testsuite name="std_basic_observable_unordered_map_test_suite" tests="11" failures="0" disabled="0" skipped="0" errors="0" time="0.001" timestamp="2021-10-04T18:37:11.138">
    <testcase name="test_insert_single_element" status="run" result="completed" time="0" timestamp="2021-10-04T18:37:11.138" classname="std_basic_observable_unordered_map_test_suite" />
    <testcase name="test_insert_single_element_with_hint" status="run" result="completed" time="0" timestamp="2021-10-04T18:37:11.138" classname="std_basic_observable_unordered_map_test_suite" />
    <testcase name="test_insert_range" status="run" result="completed" time="0" timestamp="2021-10-04T18:37:11.138" classname="std_basic_observable_unordered_map_test_suite" />
    <testcase name="test_insert_initializer_list" status="run" result="completed" time="0" timestamp="2021-10-04T18:37:11.138" classname="std_basic_observable_unordered_map_test_suite" />
    <testcase name="test_erase_position" status="run" result="completed" time="0" timestamp="2021-10-04T18:37:11.138" classname="std_basic_observable_unordered_map_test_suite" />
    <testcase name="test_erase_value" status="run" result="completed" time="0" timestamp="2021-10-04T18:37:11.138" classname="std_basic_observable_unordered_map_test_suite" />
    <testcase name="test_erase_range" status="run" result="completed" time="0" timestamp="2021-10-04T18:37:11.139" classname="std_basic_observable_unordered_map_test_suite" />
    <testcase name="test_swap" status="run" result="completed" time="0" timestamp="2021-10-04T18:37:11.139" classname="std_basic_observable_unordered_map_test_suite" />
    <testcase name="test_clear" status="run" result="completed" time="0" timestamp="2021-10-04T18:37:11.139" classname="std_basic_observable_unordered_map_test_suite" />
    <testcase name="test_emplace" status="run" result="completed" time="0" timestamp="2021-10-04T18:37:11.139" classname="std_basic_observable_unordered_map_test_suite" />
    <testcase name="test_emplace_hint" status="run" result="completed" time="0" timestamp="2021-10-04T18:37:11.139" classname="std_basic_observable_unordered_map_test_suite" />
  </testsuite>
  <testsuite name="std_basic_observable_unordered_multimap_test_suite" tests="11" failures="0" disabled="0" skipped="0" errors="0" time="0.001" timestamp="2021-10-04T18:37:11.139">
    <testcase name="test_insert_single_element" status="run" result="completed" time="0" timestamp="2021-10-04T18:37:11.139" classname="std_basic_observable_unordered_multimap_test_suite" />
    <testcase name="test_insert_single_element_with_hint" status="run" result="completed" time="0" timestamp="2021-10-04T18:37:11.139" classname="std_basic_observable_unordered_multimap_test_suite" />
    <testcase name="test_insert_range" status="run" result="completed" time="0" timestamp="2021-10-04T18:37:11.139" classname="std_basic_observable_unordered_multimap_test_suite" />
    <testcase name="test_insert_initializer_list" status="run" result="completed" time="0" timestamp="2021-10-04T18:37:11.139" classname="std_basic_observable_unordered_multimap_test_suite" />
    <testcase name="test_erase_position" status="run" result="completed" time="0" timestamp="2021-10-04T18:37:11.140" classname="std_basic_observable_unordered_multimap_test_suite" />
    <testcase name="test_erase_value" status="run" result="completed" time="0" timestamp="2021-10-04T18:37:11.140" classname="std_basic_observable_unordered_multimap_test_suite" />
    <testcase name="test_erase_range" status="run" result="completed" time="0" timestamp="2021-10-04T18:37:11.140" classname="std_basic_observable_unordered_multimap_test_suite" />
    <testcase name="test_swap" status="run" result="completed" time="0" timestamp="2021-10-04T18:37:11.140" classname="std_basic_observable_unordered_multimap_test_suite" />
    <testcase name="test_clear" status="run" result="completed" time="0" timestamp="2021-10-04T18:37:11.140" classname="std_basic_observable_unordered_multimap_test_suite" />
    <testcase name="test_emplace" status="run" result="completed" time="0" timestamp="2021-10-04T18:37:11.140" classname="std_basic_observable_unordered_multimap_test_suite" />
    <testcase name="test_emplace_hint" status="run" result="completed" time="0" timestamp="2021-10-04T18:37:11.140" classname="std_basic_observable_unordered_multimap_test_suite" />
  </testsuite>
  <testsuite name="std_basic_observable_unordered_multiset_test_suite" tests="11" failures="0" disabled="0" skipped="0" errors="0" time="0.001" timestamp="2021-10-04T18:37:11.140">
    <testcase name="test_insert_single_element" status="run" result="completed" time="0" timestamp="2021-10-04T18:37:11.140" classname="std_basic_observable_unordered_multiset_test_suite" />
    <testcase name="test_insert_single_element_with_hint" status="run" result="completed" time="0" timestamp="2021-10-04T18:37:11.140" classname="std_basic_observable_unordered_multiset_test_suite" />
    <testcase name="test_insert_range" status="run" result="completed" time="0" timestamp="2021-10-04T18:37:11.141" classname="std_basic_observable_unordered_multiset_test_suite" />
    <testcase name="test_insert_initializer_list" status="run" result="completed" time="0" timestamp="2021-10-04T18:37:11.141" classname="std_basic_observable_unordered_multiset_test_suite" />
    <testcase name="test_erase_position" status="run" result="completed" time="0" timestamp="2021-10-04T18:37:11.141" classname="std_basic_observable_unordered_multiset_test_suite" />
    <testcase name="test_erase_value" status="run" result="completed" time="0" timestamp="2021-10-04T18:37:11.141" classname="std_basic_observable_unordered_multiset_test_suite" />
    <testcase name="test_erase_range" status="run" result="completed" time="0" timestamp="2021-10-04T18:37:11.141" classname="std_basic_observable_unordered_multiset_test_suite" />
    <testcase name="test_swap" status="run" result="completed" time="0" timestamp="2021-10-04T18:37:11.141" classname="std_basic_observable_unordered_multiset_test_suite" />
    <testcase name="test_clear" status="run" result="completed" time="0" timestamp="2021-10-04T18:37:11.141" classname="std_basic_observable_unordered_multiset_test_suite" />
    <testcase name="test_emplace" status="run" result="completed" time="0" timestamp="2021-10-04T18:37:11.141" classname="std_basic_observable_unordered_multiset_test_suite" />
    <testcase name="test_emplace_hint" status="run" result="completed" time="0" timestamp="2021-10-04T18:37:11.142" classname="std_basic_observable_unordered_multiset_test_suite" />
  </testsuite>
  <testsuite name="std_basic_observable_unordered_set_test_suite" tests="11" failures="0" disabled="0" skipped="0" errors="0" time="0.001" timestamp="2021-10-04T18:37:11.142">
    <testcase name="test_insert_single_element" status="run" result="completed" time="0" timestamp="2021-10-04T18:37:11.142" classname="std_basic_observable_unordered_set_test_suite" />
    <testcase name="test_insert_single_element_with_hint" status="run" result="completed" time="0" timestamp="2021-10-04T18:37:11.142" classname="std_basic_observable_unordered_set_test_suite" />
    <testcase name="test_insert_range" status="run" result="completed" time="0" timestamp="2021-10-04T18:37:11.142" classname="std_basic_observable_unordered_set_test_suite" />
    <testcase name="test_insert_initializer_list" status="run" result="completed" time="0" timestamp="2021-10-04T18:37:11.142" classname="std_basic_observable_unordered_set_test_suite" />
    <testcase name="test_erase_position" status="run" result="completed" time="0" timestamp="2021-10-04T18:37:11.142" classname="std_basic_observable_unordered_set_test_suite" />
    <testcase name="test_erase_value" status="run" result="completed" time="0" timestamp="2021-10-04T18:37:11.142" classname="std_basic_observable_unordered_set_test_suite" />
    <testcase name="test_erase_range" status="run" result="completed" time="0" timestamp="2021-10-04T18:37:11.143" classname="std_basic_observable_unordered_set_test_suite" />
    <testcase name="test_swap" status="run" result="completed" time="0" timestamp="2021-10-04T18:37:11.143" classname="std_basic_observable_unordered_set_test_suite" />
    <testcase name="test_clear" status="run" result="completed" time="0" timestamp="2021-10-04T18:37:11.143" classname="std_basic_observable_unordered_set_test_suite" />
    <testcase name="test_emplace" status="run" result="completed" time="0" timestamp="2021-10-04T18:37:11.143" classname="std_basic_observable_unordered_set_test_suite" />
    <testcase name="test_emplace_hint" status="run" result="completed" time="0" timestamp="2021-10-04T18:37:11.143" classname="std_basic_observable_unordered_set_test_suite" />
  </testsuite>
  <testsuite name="std_basic_observable_vector_test_suite" tests="12" failures="0" disabled="0" skipped="0" errors="0" time="0.001" timestamp="2021-10-04T18:37:11.143">
    <testcase name="test_assign_range" status="run" result="completed" time="0" timestamp="2021-10-04T18:37:11.143" classname="std_basic_observable_vector_test_suite" />
    <testcase name="test_assign_initializer_list" status="run" result="completed" time="0" timestamp="2021-10-04T18:37:11.143" classname="std_basic_observable_vector_test_suite" />
    <testcase name="test_assign_fill" status="run" result="completed" time="0" timestamp="2021-10-04T18:37:11.143" classname="std_basic_observable_vector_test_suite" />
    <testcase name="test_push_back" status="run" result="completed" time="0" timestamp="2021-10-04T18:37:11.144" classname="std_basic_observable_vector_test_suite" />
    <testcase name="test_pop_back" status="run" result="completed" time="0" timestamp="2021-10-04T18:37:11.144" classname="std_basic_observable_vector_test_suite" />
    <testcase name="test_insert_single_element" status="run" result="completed" time="0" timestamp="2021-10-04T18:37:11.144" classname="std_basic_observable_vector_test_suite" />
    <testcase name="test_insert_fill" status="run" result="completed" time="0" timestamp="2021-10-04T18:37:11.144" classname="std_basic_observable_vector_test_suite" />
    <testcase name="test_insert_range" status="run" result="completed" time="0" timestamp="2021-10-04T18:37:11.144" classname="std_basic_observable_vector_test_suite" />
    <testcase name="test_erase_position" status="run" result="completed" time="0" timestamp="2021-10-04T18:37:11.144" classname="std_basic_observable_vector_test_suite" />
    <testcase name="test_erase_range" status="run" result="completed" time="0" timestamp="2021-10-04T18:37:11.144" classname="std_basic_observable_vector_test_suite" />
    <testcase name="test_swap" status="run" result="completed" time="0" timestamp="2021-10-04T18:37:11.144" classname="std_basic_observable_vector_test_suite" />
    <testcase name="test_clear" status="run" result="completed" time="0" timestamp="2021-10-04T18:37:11.144" classname="std_basic_observable_vector_test_suite" />
  </testsuite>
  <testsuite name="std_basic_relay_command_test_suite" tests="1" failures="0" disabled="0" skipped="0" errors="0" time="0" timestamp="2021-10-04T18:37:11.144">
    <testcase name="test_relay_command" status="run" result="completed" time="0" timestamp="2021-10-04T18:37:11.144" classname="std_basic_relay_command_test_suite" />
  </testsuite>
  <testsuite name="std_command_execution_observer_test_suite" tests="2" failures="0" disabled="0" skipped="0" errors="0" time="0" timestamp="2021-10-04T18:37:11.144">
    <testcase name="test_execute_command" status="run" result="completed" time="0" timestamp="2021-10-04T18:37:11.145" classname="std_command_execution_observer_test_suite" />
    <testcase name="test_post_command" status="run" result="completed" time="0" timestamp="2021-10-04T18:37:11.145" classname="std_command_execution_observer_test_suite" />
  </testsuite>
  <testsuite name="std_command_manager_lambda_test_suite" tests="2" failures="0" disabled="0" skipped="0" errors="0" time="0" timestamp="2021-10-04T18:37:11.145">
    <testcase name="test_command_manager" status="run" result="completed" time="0" timestamp="2021-10-04T18:37:11.145" classname="std_command_manager_lambda_test_suite" />
    <testcase name="test_spaceship_observer" status="run" result="completed" time="0" timestamp="2021-10-04T18:37:11.145" classname="std_command_manager_lambda_test_suite" />
  </testsuite>
  <testsuite name="std_command_manager_test_suite" tests="2" failures="0" disabled="0" skipped="0" errors="0" time="0" timestamp="2021-10-04T18:37:11.146">
    <testcase name="test_command_manager" status="run" result="completed" time="0" timestamp="2021-10-04T18:37:11.146" classname="std_command_manager_test_suite" />
    <testcase name="test_spaceship_observer" status="run" result="completed" time="0" timestamp="2021-10-04T18:37:11.146" classname="std_command_manager_test_suite" />
  </testsuite>
  <testsuite name="std_command_test_suite" tests="1" failures="0" disabled="0" skipped="0" errors="0" time="0" timestamp="2021-10-04T18:37:11.146">
    <testcase name="test_command" status="run" result="completed" time="0" timestamp="2021-10-04T18:37:11.146" classname="std_command_test_suite" />
  </testsuite>
  <testsuite name="std_event_manager_test_suite" tests="1" failures="0" disabled="0" skipped="0" errors="0" time="0" timestamp="2021-10-04T18:37:11.147">
    <testcase name="test_command_manager" status="run" result="completed" time="0" timestamp="2021-10-04T18:37:11.147" classname="std_event_manager_test_suite" />
  </testsuite>
  <testsuite name="std_observable_array_test_suite" tests="1" failures="0" disabled="0" skipped="0" errors="0" time="0" timestamp="2021-10-04T18:37:11.147">
    <testcase name="test_create" status="run" result="completed" time="0" timestamp="2021-10-04T18:37:11.147" classname="std_observable_array_test_suite" />
  </testsuite>
  <testsuite name="std_observable_deque_test_suite" tests="14" failures="0" disabled="0" skipped="0" errors="0" time="0.001" timestamp="2021-10-04T18:37:11.147">
    <testcase name="test_assign_range" status="run" result="completed" time="0" timestamp="2021-10-04T18:37:11.147" classname="std_observable_deque_test_suite" />
    <testcase name="test_assign_initializer_list" status="run" result="completed" time="0" timestamp="2021-10-04T18:37:11.147" classname="std_observable_deque_test_suite" />
    <testcase name="test_assign_fill" status="run" result="completed" time="0" timestamp="2021-10-04T18:37:11.147" classname="std_observable_deque_test_suite" />
    <testcase name="test_push_back" status="run" result="completed" time="0" timestamp="2021-10-04T18:37:11.147" classname="std_observable_deque_test_suite" />
    <testcase name="test_push_front" status="run" result="completed" time="0" timestamp="2021-10-04T18:37:11.148" classname="std_observable_deque_test_suite" />
    <testcase name="test_pop_back" status="run" result="completed" time="0" timestamp="2021-10-04T18:37:11.148" classname="std_observable_deque_test_suite" />
    <testcase name="test_pop_front" status="run" result="completed" time="0" timestamp="2021-10-04T18:37:11.148" classname="std_observable_deque_test_suite" />
    <testcase name="test_insert_single_element" status="run" result="completed" time="0" timestamp="2021-10-04T18:37:11.148" classname="std_observable_deque_test_suite" />
    <testcase name="test_insert_fill" status="run" result="completed" time="0" timestamp="2021-10-04T18:37:11.148" classname="std_observable_deque_test_suite" />
    <testcase name="test_insert_range" status="run" result="completed" time="0" timestamp="2021-10-04T18:37:11.148" classname="std_observable_deque_test_suite" />
    <testcase name="test_erase_position" status="run" result="completed" time="0" timestamp="2021-10-04T18:37:11.148" classname="std_observable_deque_test_suite" />
    <testcase name="test_erase_range" status="run" result="completed" time="0" timestamp="2021-10-04T18:37:11.148" classname="std_observable_deque_test_suite" />
    <testcase name="test_swap" status="run" result="completed" time="0" timestamp="2021-10-04T18:37:11.148" classname="std_observable_deque_test_suite" />
    <testcase name="test_clear" status="run" result="completed" time="0" timestamp="2021-10-04T18:37:11.148" classname="std_observable_deque_test_suite" />
  </testsuite>
  <testsuite name="std_observable_forward_list_test_suite" tests="21" failures="0" disabled="0" skipped="0" errors="0" time="0.002" timestamp="2021-10-04T18:37:11.149">
    <testcase name="test_assign_range" status="run" result="completed" time="0" timestamp="2021-10-04T18:37:11.149" classname="std_observable_forward_list_test_suite" />
    <testcase name="test_assign_initializer_list" status="run" result="completed" time="0" timestamp="2021-10-04T18:37:11.149" classname="std_observable_forward_list_test_suite" />
    <testcase name="test_assign_fill" status="run" result="completed" time="0" timestamp="2021-10-04T18:37:11.149" classname="std_observable_forward_list_test_suite" />
    <testcase name="test_push_front" status="run" result="completed" time="0" timestamp="2021-10-04T18:37:11.149" classname="std_observable_forward_list_test_suite" />
    <testcase name="test_pop_front" status="run" result="completed" time="0" timestamp="2021-10-04T18:37:11.149" classname="std_observable_forward_list_test_suite" />
    <testcase name="test_insert_after_single_element" status="run" result="completed" time="0" timestamp="2021-10-04T18:37:11.149" classname="std_observable_forward_list_test_suite" />
    <testcase name="test_insert_after_fill" status="run" result="completed" time="0" timestamp="2021-10-04T18:37:11.149" classname="std_observable_forward_list_test_suite" />
    <testcase name="test_insert_after_range" status="run" result="completed" time="0" timestamp="2021-10-04T18:37:11.149" classname="std_observable_forward_list_test_suite" />
    <testcase name="test_erase_after_position" status="run" result="completed" time="0" timestamp="2021-10-04T18:37:11.149" classname="std_observable_forward_list_test_suite" />
    <testcase name="test_erase_range" status="run" result="completed" time="0" timestamp="2021-10-04T18:37:11.150" classname="std_observable_forward_list_test_suite" />
    <testcase name="test_swap" status="run" result="completed" time="0" timestamp="2021-10-04T18:37:11.150" classname="std_observable_forward_list_test_suite" />
    <testcase name="test_clear" status="run" result="completed" time="0" timestamp="2021-10-04T18:37:11.150" classname="std_observable_forward_list_test_suite" />
    <testcase name="test_splice_after_entire_container" status="run" result="completed" time="0" timestamp="2021-10-04T18:37:11.150" classname="std_observable_forward_list_test_suite" />
    <testcase name="test_splice_after_single_element" status="run" result="completed" time="0" timestamp="2021-10-04T18:37:11.150" classname="std_observable_forward_list_test_suite" />
    <testcase name="test_splice_after_element_range" status="run" result="completed" time="0" timestamp="2021-10-04T18:37:11.150" classname="std_observable_forward_list_test_suite" />
    <testcase name="test_remove" status="run" result="completed" time="0" timestamp="2021-10-04T18:37:11.150" classname="std_observable_forward_list_test_suite" />
    <testcase name="test_remove_if" status="run" result="completed" time="0" timestamp="2021-10-04T18:37:11.150" classname="std_observable_forward_list_test_suite" />
    <testcase name="test_unique" status="run" result="completed" time="0" timestamp="2021-10-04T18:37:11.150" classname="std_observable_forward_list_test_suite" />
    <testcase name="test_unique_binary_predicate" status="run" result="completed" time="0" timestamp="2021-10-04T18:37:11.150" classname="std_observable_forward_list_test_suite" />
    <testcase name="test_merge" status="run" result="completed" time="0" timestamp="2021-10-04T18:37:11.151" classname="std_observable_forward_list_test_suite" />
    <testcase name="test_merge_compare_predicate" status="run" result="completed" time="0" timestamp="2021-10-04T18:37:11.151" classname="std_observable_forward_list_test_suite" />
  </testsuite>
  <testsuite name="std_observable_list_test_suite" tests="23" failures="0" disabled="0" skipped="0" errors="0" time="0.008" timestamp="2021-10-04T18:37:11.151">
    <testcase name="test_assign_range" status="run" result="completed" time="0" timestamp="2021-10-04T18:37:11.151" classname="std_observable_list_test_suite" />
    <testcase name="test_assign_initializer_list" status="run" result="completed" time="0" timestamp="2021-10-04T18:37:11.151" classname="std_observable_list_test_suite" />
    <testcase name="test_assign_fill" status="run" result="completed" time="0" timestamp="2021-10-04T18:37:11.151" classname="std_observable_list_test_suite" />
    <testcase name="test_push_back" status="run" result="completed" time="0" timestamp="2021-10-04T18:37:11.151" classname="std_observable_list_test_suite" />
    <testcase name="test_push_front" status="run" result="completed" time="0" timestamp="2021-10-04T18:37:11.151" classname="std_observable_list_test_suite" />
    <testcase name="test_pop_back" status="run" result="completed" time="0" timestamp="2021-10-04T18:37:11.151" classname="std_observable_list_test_suite" />
    <testcase name="test_pop_front" status="run" result="completed" time="0" timestamp="2021-10-04T18:37:11.151" classname="std_observable_list_test_suite" />
    <testcase name="test_insert_single_element" status="run" result="completed" time="0" timestamp="2021-10-04T18:37:11.151" classname="std_observable_list_test_suite" />
    <testcase name="test_insert_fill" status="run" result="completed" time="0" timestamp="2021-10-04T18:37:11.152" classname="std_observable_list_test_suite" />
    <testcase name="test_insert_range" status="run" result="completed" time="0" timestamp="2021-10-04T18:37:11.152" classname="std_observable_list_test_suite" />
    <testcase name="test_erase_position" status="run" result="completed" time="0" timestamp="2021-10-04T18:37:11.152" classname="std_observable_list_test_suite" />
    <testcase name="test_erase_range" status="run" result="completed" time="0" timestamp="2021-10-04T18:37:11.152" classname="std_observable_list_test_suite" />
    <testcase name="test_swap" status="run" result="completed" time="0" timestamp="2021-10-04T18:37:11.152" classname="std_observable_list_test_suite" />
    <testcase name="test_clear" status="run" result="completed" time="0" timestamp="2021-10-04T18:37:11.152" classname="std_observable_list_test_suite" />
    <testcase name="test_splice_entire_container" status="run" result="completed" time="0" timestamp="2021-10-04T18:37:11.152" classname="std_observable_list_test_suite" />
    <testcase name="test_splice_single_element" status="run" result="completed" time="0" timestamp="2021-10-04T18:37:11.152" classname="std_observable_list_test_suite" />
    <testcase name="test_splice_element_range" status="run" result="completed" time="0" timestamp="2021-10-04T18:37:11.152" classname="std_observable_list_test_suite" />
    <testcase name="test_remove" status="run" result="completed" time="0" timestamp="2021-10-04T18:37:11.153" classname="std_observable_list_test_suite" />
    <testcase name="test_remove_if" status="run" result="completed" time="0" timestamp="2021-10-04T18:37:11.153" classname="std_observable_list_test_suite" />
    <testcase name="test_unique" status="run" result="completed" time="0" timestamp="2021-10-04T18:37:11.158" classname="std_observable_list_test_suite" />
    <testcase name="test_unique_binary_predicate" status="run" result="completed" time="0" timestamp="2021-10-04T18:37:11.159" classname="std_observable_list_test_suite" />
    <testcase name="test_merge" status="run" result="completed" time="0" timestamp="2021-10-04T18:37:11.159" classname="std_observable_list_test_suite" />
    <testcase name="test_merge_compare_predicate" status="run" result="completed" time="0" timestamp="2021-10-04T18:37:11.159" classname="std_observable_list_test_suite" />
  </testsuite>
  <testsuite name="std_observable_map_test_suite" tests="11" failures="0" disabled="0" skipped="0" errors="0" time="0.001" timestamp="2021-10-04T18:37:11.159">
    <testcase name="test_insert_single_element" status="run" result="completed" time="0" timestamp="2021-10-04T18:37:11.159" classname="std_observable_map_test_suite" />
    <testcase name="test_insert_single_element_with_hint" status="run" result="completed" time="0" timestamp="2021-10-04T18:37:11.159" classname="std_observable_map_test_suite" />
    <testcase name="test_insert_range" status="run" result="completed" time="0" timestamp="2021-10-04T18:37:11.159" classname="std_observable_map_test_suite" />
    <testcase name="test_insert_initializer_list" status="run" result="completed" time="0" timestamp="2021-10-04T18:37:11.159" classname="std_observable_map_test_suite" />
    <testcase name="test_erase_position" status="run" result="completed" time="0" timestamp="2021-10-04T18:37:11.160" classname="std_observable_map_test_suite" />
    <testcase name="test_erase_value" status="run" result="completed" time="0" timestamp="2021-10-04T18:37:11.160" classname="std_observable_map_test_suite" />
    <testcase name="test_erase_range" status="run" result="completed" time="0" timestamp="2021-10-04T18:37:11.160" classname="std_observable_map_test_suite" />
    <testcase name="test_swap" status="run" result="completed" time="0" timestamp="2021-10-04T18:37:11.160" classname="std_observable_map_test_suite" />
    <testcase name="test_clear" status="run" result="completed" time="0" timestamp="2021-10-04T18:37:11.160" classname="std_observable_map_test_suite" />
    <testcase name="test_emplace" status="run" result="completed" time="0" timestamp="2021-10-04T18:37:11.160" classname="std_observable_map_test_suite" />
    <testcase name="test_emplace_hint" status="run" result="completed" time="0" timestamp="2021-10-04T18:37:11.160" classname="std_observable_map_test_suite" />
  </testsuite>
  <testsuite name="std_observable_multimap_test_suite" tests="11" failures="0" disabled="0" skipped="0" errors="0" time="0.001" timestamp="2021-10-04T18:37:11.160">
    <testcase name="test_insert_single_element" status="run" result="completed" time="0" timestamp="2021-10-04T18:37:11.160" classname="std_observable_multimap_test_suite" />
    <testcase name="test_insert_single_element_with_hint" status="run" result="completed" time="0" timestamp="2021-10-04T18:37:11.161" classname="std_observable_multimap_test_suite" />
    <testcase name="test_insert_range" status="run" result="completed" time="0" timestamp="2021-10-04T18:37:11.161" classname="std_observable_multimap_test_suite" />
    <testcase name="test_insert_initializer_list" status="run" result="completed" time="0" timestamp="2021-10-04T18:37:11.161" classname="std_observable_multimap_test_suite" />
    <testcase name="test_erase_position" status="run" result="completed" time="0" timestamp="2021-10-04T18:37:11.161" classname="std_observable_multimap_test_suite" />
    <testcase name="test_erase_value" status="run" result="completed" time="0" timestamp="2021-10-04T18:37:11.161" classname="std_observable_multimap_test_suite" />
    <testcase name="test_erase_range" status="run" result="completed" time="0" timestamp="2021-10-04T18:37:11.161" classname="std_observable_multimap_test_suite" />
    <testcase name="test_swap" status="run" result="completed" time="0" timestamp="2021-10-04T18:37:11.161" classname="std_observable_multimap_test_suite" />
    <testcase name="test_clear" status="run" result="completed" time="0" timestamp="2021-10-04T18:37:11.161" classname="std_observable_multimap_test_suite" />
    <testcase name="test_emplace" status="run" result="completed" time="0" timestamp="2021-10-04T18:37:11.161" classname="std_observable_multimap_test_suite" />
    <testcase name="test_emplace_hint" status="run" result="completed" time="0" timestamp="2021-10-04T18:37:11.162" classname="std_observable_multimap_test_suite" />
  </testsuite>
  <testsuite name="std_observable_multiset_test_suite" tests="11" failures="0" disabled="0" skipped="0" errors="0" time="0.001" timestamp="2021-10-04T18:37:11.162">
    <testcase name="test_insert_single_element" status="run" result="completed" time="0" timestamp="2021-10-04T18:37:11.162" classname="std_observable_multiset_test_suite" />
    <testcase name="test_insert_single_element_with_hint" status="run" result="completed" time="0" timestamp="2021-10-04T18:37:11.162" classname="std_observable_multiset_test_suite" />
    <testcase name="test_insert_range" status="run" result="completed" time="0" timestamp="2021-10-04T18:37:11.162" classname="std_observable_multiset_test_suite" />
    <testcase name="test_insert_initializer_list" status="run" result="completed" time="0" timestamp="2021-10-04T18:37:11.162" classname="std_observable_multiset_test_suite" />
    <testcase name="test_erase_position" status="run" result="completed" time="0" timestamp="2021-10-04T18:37:11.162" classname="std_observable_multiset_test_suite" />
    <testcase name="test_erase_value" status="run" result="completed" time="0" timestamp="2021-10-04T18:37:11.162" classname="std_observable_multiset_test_suite" />
    <testcase name="test_erase_range" status="run" result="completed" time="0" timestamp="2021-10-04T18:37:11.162" classname="std_observable_multiset_test_suite" />
    <testcase name="test_swap" status="run" result="completed" time="0" timestamp="2021-10-04T18:37:11.162" classname="std_observable_multiset_test_suite" />
    <testcase name="test_clear" status="run" result="completed" time="0" timestamp="2021-10-04T18:37:11.163" classname="std_observable_multiset_test_suite" />
    <testcase name="test_emplace" status="run" result="completed" time="0" timestamp="2021-10-04T18:37:11.163" classname="std_observable_multiset_test_suite" />
    <testcase name="test_emplace_hint" status="run" result="completed" time="0" timestamp="2021-10-04T18:37:11.163" classname="std_observable_multiset_test_suite" />
  </testsuite>
  <testsuite name="std_observable_object_lambda_test_suite" tests="1" failures="0" disabled="0" skipped="0" errors="0" time="0" timestamp="2021-10-04T18:37:11.163">
    <testcase name="test_observable_object" status="run" result="completed" time="0" timestamp="2021-10-04T18:37:11.163" classname="std_observable_object_lambda_test_suite" />
  </testsuite>
  <testsuite name="std_observable_object_test_suite" tests="1" failures="0" disabled="0" skipped="0" errors="0" time="0" timestamp="2021-10-04T18:37:11.163">
    <testcase name="test_observable_object" status="run" result="completed" time="0" timestamp="2021-10-04T18:37:11.163" classname="std_observable_object_test_suite" />
  </testsuite>
  <testsuite name="std_observable_set_test_suite" tests="11" failures="0" disabled="0" skipped="0" errors="0" time="0.001" timestamp="2021-10-04T18:37:11.163">
    <testcase name="test_insert_single_element" status="run" result="completed" time="0" timestamp="2021-10-04T18:37:11.163" classname="std_observable_set_test_suite" />
    <testcase name="test_insert_single_element_with_hint" status="run" result="completed" time="0" timestamp="2021-10-04T18:37:11.163" classname="std_observable_set_test_suite" />
    <testcase name="test_insert_range" status="run" result="completed" time="0" timestamp="2021-10-04T18:37:11.164" classname="std_observable_set_test_suite" />
    <testcase name="test_insert_initializer_list" status="run" result="completed" time="0" timestamp="2021-10-04T18:37:11.164" classname="std_observable_set_test_suite" />
    <testcase name="test_erase_position" status="run" result="completed" time="0" timestamp="2021-10-04T18:37:11.164" classname="std_observable_set_test_suite" />
    <testcase name="test_erase_value" status="run" result="completed" time="0" timestamp="2021-10-04T18:37:11.164" classname="std_observable_set_test_suite" />
    <testcase name="test_erase_range" status="run" result="completed" time="0" timestamp="2021-10-04T18:37:11.164" classname="std_observable_set_test_suite" />
    <testcase name="test_swap" status="run" result="completed" time="0" timestamp="2021-10-04T18:37:11.164" classname="std_observable_set_test_suite" />
    <testcase name="test_clear" status="run" result="completed" time="0" timestamp="2021-10-04T18:37:11.164" classname="std_observable_set_test_suite" />
    <testcase name="test_emplace" status="run" result="completed" time="0" timestamp="2021-10-04T18:37:11.164" classname="std_observable_set_test_suite" />
    <testcase name="test_emplace_hint" status="run" result="completed" time="0" timestamp="2021-10-04T18:37:11.164" classname="std_observable_set_test_suite" />
  </testsuite>
  <testsuite name="std_observable_unordered_map_test_suite" tests="11" failures="0" disabled="0" skipped="0" errors="0" time="0.001" timestamp="2021-10-04T18:37:11.164">
    <testcase name="test_insert_single_element" status="run" result="completed" time="0" timestamp="2021-10-04T18:37:11.164" classname="std_observable_unordered_map_test_suite" />
    <testcase name="test_insert_single_element_with_hint" status="run" result="completed" time="0" timestamp="2021-10-04T18:37:11.165" classname="std_observable_unordered_map_test_suite" />
    <testcase name="test_insert_range" status="run" result="completed" time="0" timestamp="2021-10-04T18:37:11.165" classname="std_observable_unordered_map_test_suite" />
    <testcase name="test_insert_initializer_list" status="run" result="completed" time="0" timestamp="2021-10-04T18:37:11.165" classname="std_observable_unordered_map_test_suite" />
    <testcase name="test_erase_position" status="run" result="completed" time="0" timestamp="2021-10-04T18:37:11.165" classname="std_observable_unordered_map_test_suite" />
    <testcase name="test_erase_value" status="run" result="completed" time="0" timestamp="2021-10-04T18:37:11.165" classname="std_observable_unordered_map_test_suite" />
    <testcase name="test_erase_range" status="run" result="completed" time="0" timestamp="2021-10-04T18:37:11.165" classname="std_observable_unordered_map_test_suite" />
    <testcase name="test_swap" status="run" result="completed" time="0" timestamp="2021-10-04T18:37:11.165" classname="std_observable_unordered_map_test_suite" />
    <testcase name="test_clear" status="run" result="completed" time="0" timestamp="2021-10-04T18:37:11.165" classname="std_observable_unordered_map_test_suite" />
    <testcase name="test_emplace" status="run" result="completed" time="0" timestamp="2021-10-04T18:37:11.165" classname="std_observable_unordered_map_test_suite" />
    <testcase name="test_emplace_hint" status="run" result="completed" time="0" timestamp="2021-10-04T18:37:11.166" classname="std_observable_unordered_map_test_suite" />
  </testsuite>
  <testsuite name="std_observable_unordered_multimap_test_suite" tests="11" failures="0" disabled="0" skipped="0" errors="0" time="0.001" timestamp="2021-10-04T18:37:11.166">
    <testcase name="test_insert_single_element" status="run" result="completed" time="0" timestamp="2021-10-04T18:37:11.166" classname="std_observable_unordered_multimap_test_suite" />
    <testcase name="test_insert_single_element_with_hint" status="run" result="completed" time="0" timestamp="2021-10-04T18:37:11.166" classname="std_observable_unordered_multimap_test_suite" />
    <testcase name="test_insert_range" status="run" result="completed" time="0" timestamp="2021-10-04T18:37:11.166" classname="std_observable_unordered_multimap_test_suite" />
    <testcase name="test_insert_initializer_list" status="run" result="completed" time="0" timestamp="2021-10-04T18:37:11.166" classname="std_observable_unordered_multimap_test_suite" />
    <testcase name="test_erase_position" status="run" result="completed" time="0" timestamp="2021-10-04T18:37:11.166" classname="std_observable_unordered_multimap_test_suite" />
    <testcase name="test_erase_value" status="run" result="completed" time="0" timestamp="2021-10-04T18:37:11.166" classname="std_observable_unordered_multimap_test_suite" />
    <testcase name="test_erase_range" status="run" result="completed" time="0" timestamp="2021-10-04T18:37:11.166" classname="std_observable_unordered_multimap_test_suite" />
    <testcase name="test_swap" status="run" result="completed" time="0" timestamp="2021-10-04T18:37:11.166" classname="std_observable_unordered_multimap_test_suite" />
    <testcase name="test_clear" status="run" result="completed" time="0" timestamp="2021-10-04T18:37:11.167" classname="std_observable_unordered_multimap_test_suite" />
    <testcase name="test_emplace" status="run" result="completed" time="0" timestamp="2021-10-04T18:37:11.167" classname="std_observable_unordered_multimap_test_suite" />
    <testcase name="test_emplace_hint" status="run" result="completed" time="0" timestamp="2021-10-04T18:37:11.167" classname="std_observable_unordered_multimap_test_suite" />
  </testsuite>
  <testsuite name="std_observable_unordered_multiset_test_suite" tests="11" failures="0" disabled="0" skipped="0" errors="0" time="0.001" timestamp="2021-10-04T18:37:11.167">
    <testcase name="test_insert_single_element" status="run" result="completed" time="0" timestamp="2021-10-04T18:37:11.167" classname="std_observable_unordered_multiset_test_suite" />
    <testcase name="test_insert_single_element_with_hint" status="run" result="completed" time="0" timestamp="2021-10-04T18:37:11.167" classname="std_observable_unordered_multiset_test_suite" />
    <testcase name="test_insert_range" status="run" result="completed" time="0" timestamp="2021-10-04T18:37:11.167" classname="std_observable_unordered_multiset_test_suite" />
    <testcase name="test_insert_initializer_list" status="run" result="completed" time="0" timestamp="2021-10-04T18:37:11.167" classname="std_observable_unordered_multiset_test_suite" />
    <testcase name="test_erase_position" status="run" result="completed" time="0" timestamp="2021-10-04T18:37:11.167" classname="std_observable_unordered_multiset_test_suite" />
    <testcase name="test_erase_value" status="run" result="completed" time="0" timestamp="2021-10-04T18:37:11.167" classname="std_observable_unordered_multiset_test_suite" />
    <testcase name="test_erase_range" status="run" result="completed" time="0" timestamp="2021-10-04T18:37:11.167" classname="std_observable_unordered_multiset_test_suite" />
    <testcase name="test_swap" status="run" result="completed" time="0" timestamp="2021-10-04T18:37:11.168" classname="std_observable_unordered_multiset_test_suite" />
    <testcase name="test_clear" status="run" result="completed" time="0" timestamp="2021-10-04T18:37:11.168" classname="std_observable_unordered_multiset_test_suite" />
    <testcase name="test_emplace" status="run" result="completed" time="0" timestamp="2021-10-04T18:37:11.168" classname="std_observable_unordered_multiset_test_suite" />
    <testcase name="test_emplace_hint" status="run" result="completed" time="0" timestamp="2021-10-04T18:37:11.168" classname="std_observable_unordered_multiset_test_suite" />
  </testsuite>
  <testsuite name="std_observable_unordered_set_test_suite" tests="11" failures="0" disabled="0" skipped="0" errors="0" time="0.001" timestamp="2021-10-04T18:37:11.168">
    <testcase name="test_insert_single_element" status="run" result="completed" time="0" timestamp="2021-10-04T18:37:11.168" classname="std_observable_unordered_set_test_suite" />
    <testcase name="test_insert_single_element_with_hint" status="run" result="completed" time="0" timestamp="2021-10-04T18:37:11.168" classname="std_observable_unordered_set_test_suite" />
    <testcase name="test_insert_range" status="run" result="completed" time="0" timestamp="2021-10-04T18:37:11.168" classname="std_observable_unordered_set_test_suite" />
    <testcase name="test_insert_initializer_list" status="run" result="completed" time="0" timestamp="2021-10-04T18:37:11.168" classname="std_observable_unordered_set_test_suite" />
    <testcase name="test_erase_position" status="run" result="completed" time="0" timestamp="2021-10-04T18:37:11.168" classname="std_observable_unordered_set_test_suite" />
    <testcase name="test_erase_value" status="run" result="completed" time="0" timestamp="2021-10-04T18:37:11.169" classname="std_observable_unordered_set_test_suite" />
    <testcase name="test_erase_range" status="run" result="completed" time="0" timestamp="2021-10-04T18:37:11.169" classname="std_observable_unordered_set_test_suite" />
    <testcase name="test_swap" status="run" result="completed" time="0" timestamp="2021-10-04T18:37:11.169" classname="std_observable_unordered_set_test_suite" />
    <testcase name="test_clear" status="run" result="completed" time="0" timestamp="2021-10-04T18:37:11.169" classname="std_observable_unordered_set_test_suite" />
    <testcase name="test_emplace" status="run" result="completed" time="0" timestamp="2021-10-04T18:37:11.169" classname="std_observable_unordered_set_test_suite" />
    <testcase name="test_emplace_hint" status="run" result="completed" time="0" timestamp="2021-10-04T18:37:11.169" classname="std_observable_unordered_set_test_suite" />
  </testsuite>
  <testsuite name="std_observable_vector_test_suite" tests="12" failures="0" disabled="0" skipped="0" errors="0" time="0.001" timestamp="2021-10-04T18:37:11.169">
    <testcase name="test_assign_range" status="run" result="completed" time="0" timestamp="2021-10-04T18:37:11.169" classname="std_observable_vector_test_suite" />
    <testcase name="test_assign_initializer_list" status="run" result="completed" time="0" timestamp="2021-10-04T18:37:11.169" classname="std_observable_vector_test_suite" />
    <testcase name="test_assign_fill" status="run" result="completed" time="0" timestamp="2021-10-04T18:37:11.169" classname="std_observable_vector_test_suite" />
    <testcase name="test_push_back" status="run" result="completed" time="0" timestamp="2021-10-04T18:37:11.169" classname="std_observable_vector_test_suite" />
    <testcase name="test_pop_back" status="run" result="completed" time="0" timestamp="2021-10-04T18:37:11.170" classname="std_observable_vector_test_suite" />
    <testcase name="test_insert_single_element" status="run" result="completed" time="0" timestamp="2021-10-04T18:37:11.170" classname="std_observable_vector_test_suite" />
    <testcase name="test_insert_fill" status="run" result="completed" time="0" timestamp="2021-10-04T18:37:11.170" classname="std_observable_vector_test_suite" />
    <testcase name="test_insert_range" status="run" result="completed" time="0" timestamp="2021-10-04T18:37:11.170" classname="std_observable_vector_test_suite" />
    <testcase name="test_erase_position" status="run" result="completed" time="0" timestamp="2021-10-04T18:37:11.170" classname="std_observable_vector_test_suite" />
    <testcase name="test_erase_range" status="run" result="completed" time="0" timestamp="2021-10-04T18:37:11.170" classname="std_observable_vector_test_suite" />
    <testcase name="test_swap" status="run" result="completed" time="0" timestamp="2021-10-04T18:37:11.170" classname="std_observable_vector_test_suite" />
    <testcase name="test_clear" status="run" result="completed" time="0" timestamp="2021-10-04T18:37:11.170" classname="std_observable_vector_test_suite" />
  </testsuite>
  <testsuite name="std_command_execution_observer_placebo_lockable_test_suite" tests="2" failures="0" disabled="0" skipped="0" errors="0" time="0" timestamp="2021-10-04T18:37:11.170">
    <testcase name="test_execute_command" status="run" result="completed" time="0" timestamp="2021-10-04T18:37:11.170" classname="std_command_execution_observer_placebo_lockable_test_suite" />
    <testcase name="test_post_command" status="run" result="completed" time="0" timestamp="2021-10-04T18:37:11.170" classname="std_command_execution_observer_placebo_lockable_test_suite" />
  </testsuite>
  <testsuite name="std_command_manager_lambda_placebo_lockable_test_suite" tests="1" failures="0" disabled="0" skipped="0" errors="0" time="0" timestamp="2021-10-04T18:37:11.171">
    <testcase name="test_suite_disabled" status="run" result="completed" time="0" timestamp="2021-10-04T18:37:11.171" classname="std_command_manager_lambda_placebo_lockable_test_suite" />
  </testsuite>
  <testsuite name="std_command_manager_placebo_lockable_test_suite" tests="2" failures="0" disabled="0" skipped="0" errors="0" time="0" timestamp="2021-10-04T18:37:11.171">
    <testcase name="test_command_manager" status="run" result="completed" time="0" timestamp="2021-10-04T18:37:11.171" classname="std_command_manager_placebo_lockable_test_suite" />
    <testcase name="test_spaceship_observer" status="run" result="completed" time="0" timestamp="2021-10-04T18:37:11.171" classname="std_command_manager_placebo_lockable_test_suite" />
  </testsuite>
  <testsuite name="std_command_placebo_lockable_test_suite" tests="1" failures="0" disabled="0" skipped="0" errors="0" time="0" timestamp="2021-10-04T18:37:11.171">
    <testcase name="test_command" status="run" result="completed" time="0" timestamp="2021-10-04T18:37:11.171" classname="std_command_placebo_lockable_test_suite" />
  </testsuite>
  <testsuite name="std_event_manager_placebo_lockable_test_suite" tests="1" failures="0" disabled="0" skipped="0" errors="0" time="0" timestamp="2021-10-04T18:37:11.172">
    <testcase name="test_command_manager" status="run" result="completed" time="0" timestamp="2021-10-04T18:37:11.172" classname="std_event_manager_placebo_lockable_test_suite" />
  </testsuite>
  <testsuite name="std_observable_array_placebo_lockable_test_suite" tests="1" failures="0" disabled="0" skipped="0" errors="0" time="0" timestamp="2021-10-04T18:37:11.172">
    <testcase name="test_create" status="run" result="completed" time="0" timestamp="2021-10-04T18:37:11.172" classname="std_observable_array_placebo_lockable_test_suite" />
  </testsuite>
  <testsuite name="std_observable_deque_placebo_lockable_test_suite" tests="14" failures="0" disabled="0" skipped="0" errors="0" time="0.001" timestamp="2021-10-04T18:37:11.172">
    <testcase name="test_assign_range" status="run" result="completed" time="0" timestamp="2021-10-04T18:37:11.172" classname="std_observable_deque_placebo_lockable_test_suite" />
    <testcase name="test_assign_initializer_list" status="run" result="completed" time="0" timestamp="2021-10-04T18:37:11.172" classname="std_observable_deque_placebo_lockable_test_suite" />
    <testcase name="test_assign_fill" status="run" result="completed" time="0" timestamp="2021-10-04T18:37:11.172" classname="std_observable_deque_placebo_lockable_test_suite" />
    <testcase name="test_push_back" status="run" result="completed" time="0" timestamp="2021-10-04T18:37:11.173" classname="std_observable_deque_placebo_lockable_test_suite" />
    <testcase name="test_push_front" status="run" result="completed" time="0" timestamp="2021-10-04T18:37:11.173" classname="std_observable_deque_placebo_lockable_test_suite" />
    <testcase name="test_pop_back" status="run" result="completed" time="0" timestamp="2021-10-04T18:37:11.173" classname="std_observable_deque_placebo_lockable_test_suite" />
    <testcase name="test_pop_front" status="run" result="completed" time="0" timestamp="2021-10-04T18:37:11.173" classname="std_observable_deque_placebo_lockable_test_suite" />
    <testcase name="test_insert_single_element" status="run" result="completed" time="0" timestamp="2021-10-04T18:37:11.173" classname="std_observable_deque_placebo_lockable_test_suite" />
    <testcase name="test_insert_fill" status="run" result="completed" time="0" timestamp="2021-10-04T18:37:11.173" classname="std_observable_deque_placebo_lockable_test_suite" />
    <testcase name="test_insert_range" status="run" result="completed" time="0" timestamp="2021-10-04T18:37:11.173" classname="std_observable_deque_placebo_lockable_test_suite" />
    <testcase name="test_erase_position" status="run" result="completed" time="0" timestamp="2021-10-04T18:37:11.173" classname="std_observable_deque_placebo_lockable_test_suite" />
    <testcase name="test_erase_range" status="run" result="completed" time="0" timestamp="2021-10-04T18:37:11.173" classname="std_observable_deque_placebo_lockable_test_suite" />
    <testcase name="test_swap" status="run" result="completed" time="0" timestamp="2021-10-04T18:37:11.173" classname="std_observable_deque_placebo_lockable_test_suite" />
    <testcase name="test_clear" status="run" result="completed" time="0" timestamp="2021-10-04T18:37:11.174" classname="std_observable_deque_placebo_lockable_test_suite" />
  </testsuite>
  <testsuite name="std_observable_forward_list_placebo_lockable_test_suite" tests="21" failures="0" disabled="0" skipped="0" errors="0" time="0.002" timestamp="2021-10-04T18:37:11.174">
    <testcase name="test_assign_range" status="run" result="completed" time="0" timestamp="2021-10-04T18:37:11.174" classname="std_observable_forward_list_placebo_lockable_test_suite" />
    <testcase name="test_assign_initializer_list" status="run" result="completed" time="0" timestamp="2021-10-04T18:37:11.174" classname="std_observable_forward_list_placebo_lockable_test_suite" />
    <testcase name="test_assign_fill" status="run" result="completed" time="0" timestamp="2021-10-04T18:37:11.174" classname="std_observable_forward_list_placebo_lockable_test_suite" />
    <testcase name="test_push_front" status="run" result="completed" time="0" timestamp="2021-10-04T18:37:11.174" classname="std_observable_forward_list_placebo_lockable_test_suite" />
    <testcase name="test_pop_front" status="run" result="completed" time="0" timestamp="2021-10-04T18:37:11.174" classname="std_observable_forward_list_placebo_lockable_test_suite" />
    <testcase name="test_insert_after_single_element" status="run" result="completed" time="0" timestamp="2021-10-04T18:37:11.174" classname="std_observable_forward_list_placebo_lockable_test_suite" />
    <testcase name="test_insert_after_fill" status="run" result="completed" time="0" timestamp="2021-10-04T18:37:11.175" classname="std_observable_forward_list_placebo_lockable_test_suite" />
    <testcase name="test_insert_after_range" status="run" result="completed" time="0" timestamp="2021-10-04T18:37:11.175" classname="std_observable_forward_list_placebo_lockable_test_suite" />
    <testcase name="test_erase_after_position" status="run" result="completed" time="0" timestamp="2021-10-04T18:37:11.175" classname="std_observable_forward_list_placebo_lockable_test_suite" />
    <testcase name="test_erase_range" status="run" result="completed" time="0" timestamp="2021-10-04T18:37:11.175" classname="std_observable_forward_list_placebo_lockable_test_suite" />
    <testcase name="test_swap" status="run" result="completed" time="0" timestamp="2021-10-04T18:37:11.175" classname="std_observable_forward_list_placebo_lockable_test_suite" />
    <testcase name="test_clear" status="run" result="completed" time="0" timestamp="2021-10-04T18:37:11.175" classname="std_observable_forward_list_placebo_lockable_test_suite" />
    <testcase name="test_splice_after_entire_container" status="run" result="completed" time="0" timestamp="2021-10-04T18:37:11.175" classname="std_observable_forward_list_placebo_lockable_test_suite" />
    <testcase name="test_splice_after_single_element" status="run" result="completed" time="0" timestamp="2021-10-04T18:37:11.176" classname="std_observable_forward_list_placebo_lockable_test_suite" />
    <testcase name="test_splice_after_element_range" status="run" result="completed" time="0" timestamp="2021-10-04T18:37:11.176" classname="std_observable_forward_list_placebo_lockable_test_suite" />
    <testcase name="test_remove" status="run" result="completed" time="0" timestamp="2021-10-04T18:37:11.176" classname="std_observable_forward_list_placebo_lockable_test_suite" />
    <testcase name="test_remove_if" status="run" result="completed" time="0" timestamp="2021-10-04T18:37:11.176" classname="std_observable_forward_list_placebo_lockable_test_suite" />
    <testcase name="test_unique" status="run" result="completed" time="0" timestamp="2021-10-04T18:37:11.176" classname="std_observable_forward_list_placebo_lockable_test_suite" />
    <testcase name="test_unique_binary_predicate" status="run" result="completed" time="0" timestamp="2021-10-04T18:37:11.176" classname="std_observable_forward_list_placebo_lockable_test_suite" />
    <testcase name="test_merge" status="run" result="completed" time="0" timestamp="2021-10-04T18:37:11.176" classname="std_observable_forward_list_placebo_lockable_test_suite" />
    <testcase name="test_merge_compare_predicate" status="run" result="completed" time="0" timestamp="2021-10-04T18:37:11.176" classname="std_observable_forward_list_placebo_lockable_test_suite" />
  </testsuite>
  <testsuite name="std_observable_list_placebo_lockable_test_suite" tests="23" failures="0" disabled="0" skipped="0" errors="0" time="0.002" timestamp="2021-10-04T18:37:11.177">
    <testcase name="test_assign_range" status="run" result="completed" time="0" timestamp="2021-10-04T18:37:11.177" classname="std_observable_list_placebo_lockable_test_suite" />
    <testcase name="test_assign_initializer_list" status="run" result="completed" time="0" timestamp="2021-10-04T18:37:11.177" classname="std_observable_list_placebo_lockable_test_suite" />
    <testcase name="test_assign_fill" status="run" result="completed" time="0" timestamp="2021-10-04T18:37:11.177" classname="std_observable_list_placebo_lockable_test_suite" />
    <testcase name="test_push_back" status="run" result="completed" time="0" timestamp="2021-10-04T18:37:11.177" classname="std_observable_list_placebo_lockable_test_suite" />
    <testcase name="test_push_front" status="run" result="completed" time="0" timestamp="2021-10-04T18:37:11.177" classname="std_observable_list_placebo_lockable_test_suite" />
    <testcase name="test_pop_back" status="run" result="completed" time="0" timestamp="2021-10-04T18:37:11.177" classname="std_observable_list_placebo_lockable_test_suite" />
    <testcase name="test_pop_front" status="run" result="completed" time="0" timestamp="2021-10-04T18:37:11.177" classname="std_observable_list_placebo_lockable_test_suite" />
    <testcase name="test_insert_single_element" status="run" result="completed" time="0" timestamp="2021-10-04T18:37:11.177" classname="std_observable_list_placebo_lockable_test_suite" />
    <testcase name="test_insert_fill" status="run" result="completed" time="0" timestamp="2021-10-04T18:37:11.178" classname="std_observable_list_placebo_lockable_test_suite" />
    <testcase name="test_insert_range" status="run" result="completed" time="0" timestamp="2021-10-04T18:37:11.178" classname="std_observable_list_placebo_lockable_test_suite" />
    <testcase name="test_erase_position" status="run" result="completed" time="0" timestamp="2021-10-04T18:37:11.178" classname="std_observable_list_placebo_lockable_test_suite" />
    <testcase name="test_erase_range" status="run" result="completed" time="0" timestamp="2021-10-04T18:37:11.178" classname="std_observable_list_placebo_lockable_test_suite" />
    <testcase name="test_swap" status="run" result="completed" time="0" timestamp="2021-10-04T18:37:11.178" classname="std_observable_list_placebo_lockable_test_suite" />
    <testcase name="test_clear" status="run" result="completed" time="0" timestamp="2021-10-04T18:37:11.178" classname="std_observable_list_placebo_lockable_test_suite" />
    <testcase name="test_splice_entire_container" status="run" result="completed" time="0" timestamp="2021-10-04T18:37:11.178" classname="std_observable_list_placebo_lockable_test_suite" />
    <testcase name="test_splice_single_element" status="run" result="completed" time="0" timestamp="2021-10-04T18:37:11.178" classname="std_observable_list_placebo_lockable_test_suite" />
    <testcase name="test_splice_element_range" status="run" result="completed" time="0" timestamp="2021-10-04T18:37:11.178" classname="std_observable_list_placebo_lockable_test_suite" />
    <testcase name="test_remove" status="run" result="completed" time="0" timestamp="2021-10-04T18:37:11.178" classname="std_observable_list_placebo_lockable_test_suite" />
    <testcase name="test_remove_if" status="run" result="completed" time="0" timestamp="2021-10-04T18:37:11.179" classname="std_observable_list_placebo_lockable_test_suite" />
    <testcase name="test_unique" status="run" result="completed" time="0" timestamp="2021-10-04T18:37:11.179" classname="std_observable_list_placebo_lockable_test_suite" />
    <testcase name="test_unique_binary_predicate" status="run" result="completed" time="0" timestamp="2021-10-04T18:37:11.179" classname="std_observable_list_placebo_lockable_test_suite" />
    <testcase name="test_merge" status="run" result="completed" time="0" timestamp="2021-10-04T18:37:11.179" classname="std_observable_list_placebo_lockable_test_suite" />
    <testcase name="test_merge_compare_predicate" status="run" result="completed" time="0" timestamp="2021-10-04T18:37:11.179" classname="std_observable_list_placebo_lockable_test_suite" />
  </testsuite>
  <testsuite name="std_observable_map_placebo_lockable_test_suite" tests="11" failures="0" disabled="0" skipped="0" errors="0" time="0.001" timestamp="2021-10-04T18:37:11.179">
    <testcase name="test_insert_single_element" status="run" result="completed" time="0" timestamp="2021-10-04T18:37:11.179" classname="std_observable_map_placebo_lockable_test_suite" />
[...]
    <testcase name="test_unique_binary_predicate" status="run" result="completed" time="0" timestamp="2021-10-04T18:37:11.215" classname="std_wobservable_list_test_suite" />
    <testcase name="test_merge" status="run" result="completed" time="0" timestamp="2021-10-04T18:37:11.215" classname="std_wobservable_list_test_suite" />
    <testcase name="test_merge_compare_predicate" status="run" result="completed" time="0" timestamp="2021-10-04T18:37:11.215" classname="std_wobservable_list_test_suite" />
  </testsuite>
  <testsuite name="std_wobservable_map_test_suite" tests="11" failures="0" disabled="0" skipped="0" errors="0" time="0.001" timestamp="2021-10-04T18:37:11.215">
    <testcase name="test_insert_single_element" status="run" result="completed" time="0" timestamp="2021-10-04T18:37:11.215" classname="std_wobservable_map_test_suite" />
    <testcase name="test_insert_single_element_with_hint" status="run" result="completed" time="0" timestamp="2021-10-04T18:37:11.215" classname="std_wobservable_map_test_suite" />
    <testcase name="test_insert_range" status="run" result="completed" time="0" timestamp="2021-10-04T18:37:11.216" classname="std_wobservable_map_test_suite" />
    <testcase name="test_insert_initializer_list" status="run" result="completed" time="0" timestamp="2021-10-04T18:37:11.216" classname="std_wobservable_map_test_suite" />
    <testcase name="test_erase_position" status="run" result="completed" time="0" timestamp="2021-10-04T18:37:11.216" classname="std_wobservable_map_test_suite" />
    <testcase name="test_erase_value" status="run" result="completed" time="0" timestamp="2021-10-04T18:37:11.216" classname="std_wobservable_map_test_suite" />
    <testcase name="test_erase_range" status="run" result="completed" time="0" timestamp="2021-10-04T18:37:11.216" classname="std_wobservable_map_test_suite" />
    <testcase name="test_swap" status="run" result="completed" time="0" timestamp="2021-10-04T18:37:11.216" classname="std_wobservable_map_test_suite" />
    <testcase name="test_clear" status="run" result="completed" time="0" timestamp="2021-10-04T18:37:11.216" classname="std_wobservable_map_test_suite" />
    <testcase name="test_emplace" status="run" result="completed" time="0" timestamp="2021-10-04T18:37:11.216" classname="std_wobservable_map_test_suite" />
    <testcase name="test_emplace_hint" status="run" result="completed" time="0" timestamp="2021-10-04T18:37:11.216" classname="std_wobservable_map_test_suite" />
  </testsuite>
  <testsuite name="std_wobservable_multimap_test_suite" tests="11" failures="0" disabled="0" skipped="0" errors="0" time="0.001" timestamp="2021-10-04T18:37:11.217">
    <testcase name="test_insert_single_element" status="run" result="completed" time="0" timestamp="2021-10-04T18:37:11.217" classname="std_wobservable_multimap_test_suite" />
    <testcase name="test_insert_single_element_with_hint" status="run" result="completed" time="0" timestamp="2021-10-04T18:37:11.217" classname="std_wobservable_multimap_test_suite" />
    <testcase name="test_insert_range" status="run" result="completed" time="0" timestamp="2021-10-04T18:37:11.217" classname="std_wobservable_multimap_test_suite" />
    <testcase name="test_insert_initializer_list" status="run" result="completed" time="0" timestamp="2021-10-04T18:37:11.217" classname="std_wobservable_multimap_test_suite" />
    <testcase name="test_erase_position" status="run" result="completed" time="0" timestamp="2021-10-04T18:37:11.217" classname="std_wobservable_multimap_test_suite" />
    <testcase name="test_erase_value" status="run" result="completed" time="0" timestamp="2021-10-04T18:37:11.217" classname="std_wobservable_multimap_test_suite" />
    <testcase name="test_erase_range" status="run" result="completed" time="0" timestamp="2021-10-04T18:37:11.217" classname="std_wobservable_multimap_test_suite" />
    <testcase name="test_swap" status="run" result="completed" time="0" timestamp="2021-10-04T18:37:11.217" classname="std_wobservable_multimap_test_suite" />
    <testcase name="test_clear" status="run" result="completed" time="0" timestamp="2021-10-04T18:37:11.217" classname="std_wobservable_multimap_test_suite" />
    <testcase name="test_emplace" status="run" result="completed" time="0" timestamp="2021-10-04T18:37:11.218" classname="std_wobservable_multimap_test_suite" />
    <testcase name="test_emplace_hint" status="run" result="completed" time="0" timestamp="2021-10-04T18:37:11.218" classname="std_wobservable_multimap_test_suite" />
  </testsuite>
  <testsuite name="std_wobservable_multiset_test_suite" tests="11" failures="0" disabled="0" skipped="0" errors="0" time="0.001" timestamp="2021-10-04T18:37:11.218">
    <testcase name="test_insert_single_element" status="run" result="completed" time="0" timestamp="2021-10-04T18:37:11.218" classname="std_wobservable_multiset_test_suite" />
    <testcase name="test_insert_single_element_with_hint" status="run" result="completed" time="0" timestamp="2021-10-04T18:37:11.218" classname="std_wobservable_multiset_test_suite" />
    <testcase name="test_insert_range" status="run" result="completed" time="0" timestamp="2021-10-04T18:37:11.218" classname="std_wobservable_multiset_test_suite" />
    <testcase name="test_insert_initializer_list" status="run" result="completed" time="0" timestamp="2021-10-04T18:37:11.218" classname="std_wobservable_multiset_test_suite" />
    <testcase name="test_erase_position" status="run" result="completed" time="0" timestamp="2021-10-04T18:37:11.218" classname="std_wobservable_multiset_test_suite" />
    <testcase name="test_erase_value" status="run" result="completed" time="0" timestamp="2021-10-04T18:37:11.218" classname="std_wobservable_multiset_test_suite" />
    <testcase name="test_erase_range" status="run" result="completed" time="0" timestamp="2021-10-04T18:37:11.218" classname="std_wobservable_multiset_test_suite" />
    <testcase name="test_swap" status="run" result="completed" time="0" timestamp="2021-10-04T18:37:11.219" classname="std_wobservable_multiset_test_suite" />
    <testcase name="test_clear" status="run" result="completed" time="0" timestamp="2021-10-04T18:37:11.219" classname="std_wobservable_multiset_test_suite" />
    <testcase name="test_emplace" status="run" result="completed" time="0" timestamp="2021-10-04T18:37:11.219" classname="std_wobservable_multiset_test_suite" />
    <testcase name="test_emplace_hint" status="run" result="completed" time="0" timestamp="2021-10-04T18:37:11.219" classname="std_wobservable_multiset_test_suite" />
  </testsuite>
  <testsuite name="std_wobservable_object_lambda_test_suite" tests="1" failures="0" disabled="0" skipped="0" errors="0" time="0" timestamp="2021-10-04T18:37:11.219">
    <testcase name="test_wobservable_object" status="run" result="completed" time="0" timestamp="2021-10-04T18:37:11.219" classname="std_wobservable_object_lambda_test_suite" />
  </testsuite>
  <testsuite name="std_wobservable_object_test_suite" tests="1" failures="0" disabled="0" skipped="0" errors="0" time="0" timestamp="2021-10-04T18:37:11.219">
    <testcase name="test_wobservable_object" status="run" result="completed" time="0" timestamp="2021-10-04T18:37:11.219" classname="std_wobservable_object_test_suite" />
  </testsuite>
  <testsuite name="std_wobservable_set_test_suite" tests="11" failures="0" disabled="0" skipped="0" errors="0" time="0.001" timestamp="2021-10-04T18:37:11.220">
    <testcase name="test_insert_single_element" status="run" result="completed" time="0" timestamp="2021-10-04T18:37:11.220" classname="std_wobservable_set_test_suite" />
    <testcase name="test_insert_single_element_with_hint" status="run" result="completed" time="0" timestamp="2021-10-04T18:37:11.220" classname="std_wobservable_set_test_suite" />
    <testcase name="test_insert_range" status="run" result="completed" time="0" timestamp="2021-10-04T18:37:11.220" classname="std_wobservable_set_test_suite" />
    <testcase name="test_insert_initializer_list" status="run" result="completed" time="0" timestamp="2021-10-04T18:37:11.220" classname="std_wobservable_set_test_suite" />
    <testcase name="test_erase_position" status="run" result="completed" time="0" timestamp="2021-10-04T18:37:11.220" classname="std_wobservable_set_test_suite" />
    <testcase name="test_erase_value" status="run" result="completed" time="0" timestamp="2021-10-04T18:37:11.220" classname="std_wobservable_set_test_suite" />
    <testcase name="test_erase_range" status="run" result="completed" time="0" timestamp="2021-10-04T18:37:11.221" classname="std_wobservable_set_test_suite" />
    <testcase name="test_swap" status="run" result="completed" time="0" timestamp="2021-10-04T18:37:11.221" classname="std_wobservable_set_test_suite" />
    <testcase name="test_clear" status="run" result="completed" time="0" timestamp="2021-10-04T18:37:11.221" classname="std_wobservable_set_test_suite" />
    <testcase name="test_emplace" status="run" result="completed" time="0" timestamp="2021-10-04T18:37:11.221" classname="std_wobservable_set_test_suite" />
    <testcase name="test_emplace_hint" status="run" result="completed" time="0" timestamp="2021-10-04T18:37:11.221" classname="std_wobservable_set_test_suite" />
  </testsuite>
  <testsuite name="std_wobservable_unordered_map_test_suite" tests="11" failures="0" disabled="0" skipped="0" errors="0" time="0.001" timestamp="2021-10-04T18:37:11.221">
    <testcase name="test_insert_single_element" status="run" result="completed" time="0" timestamp="2021-10-04T18:37:11.221" classname="std_wobservable_unordered_map_test_suite" />
    <testcase name="test_insert_single_element_with_hint" status="run" result="completed" time="0" timestamp="2021-10-04T18:37:11.221" classname="std_wobservable_unordered_map_test_suite" />
    <testcase name="test_insert_range" status="run" result="completed" time="0" timestamp="2021-10-04T18:37:11.221" classname="std_wobservable_unordered_map_test_suite" />
    <testcase name="test_insert_initializer_list" status="run" result="completed" time="0" timestamp="2021-10-04T18:37:11.222" classname="std_wobservable_unordered_map_test_suite" />
    <testcase name="test_erase_position" status="run" result="completed" time="0" timestamp="2021-10-04T18:37:11.222" classname="std_wobservable_unordered_map_test_suite" />
    <testcase name="test_erase_value" status="run" result="completed" time="0" timestamp="2021-10-04T18:37:11.222" classname="std_wobservable_unordered_map_test_suite" />
    <testcase name="test_erase_range" status="run" result="completed" time="0" timestamp="2021-10-04T18:37:11.222" classname="std_wobservable_unordered_map_test_suite" />
    <testcase name="test_swap" status="run" result="completed" time="0" timestamp="2021-10-04T18:37:11.222" classname="std_wobservable_unordered_map_test_suite" />
    <testcase name="test_clear" status="run" result="completed" time="0" timestamp="2021-10-04T18:37:11.222" classname="std_wobservable_unordered_map_test_suite" />
    <testcase name="test_emplace" status="run" result="completed" time="0" timestamp="2021-10-04T18:37:11.222" classname="std_wobservable_unordered_map_test_suite" />
    <testcase name="test_emplace_hint" status="run" result="completed" time="0" timestamp="2021-10-04T18:37:11.222" classname="std_wobservable_unordered_map_test_suite" />
  </testsuite>
  <testsuite name="std_wobservable_unordered_multimap_test_suite" tests="11" failures="0" disabled="0" skipped="0" errors="0" time="0.001" timestamp="2021-10-04T18:37:11.222">
    <testcase name="test_insert_single_element" status="run" result="completed" time="0" timestamp="2021-10-04T18:37:11.222" classname="std_wobservable_unordered_multimap_test_suite" />
    <testcase name="test_insert_single_element_with_hint" status="run" result="completed" time="0" timestamp="2021-10-04T18:37:11.223" classname="std_wobservable_unordered_multimap_test_suite" />
    <testcase name="test_insert_range" status="run" result="completed" time="0" timestamp="2021-10-04T18:37:11.223" classname="std_wobservable_unordered_multimap_test_suite" />
    <testcase name="test_insert_initializer_list" status="run" result="completed" time="0" timestamp="2021-10-04T18:37:11.223" classname="std_wobservable_unordered_multimap_test_suite" />
    <testcase name="test_erase_position" status="run" result="completed" time="0" timestamp="2021-10-04T18:37:11.223" classname="std_wobservable_unordered_multimap_test_suite" />
    <testcase name="test_erase_value" status="run" result="completed" time="0" timestamp="2021-10-04T18:37:11.223" classname="std_wobservable_unordered_multimap_test_suite" />
    <testcase name="test_erase_range" status="run" result="completed" time="0" timestamp="2021-10-04T18:37:11.223" classname="std_wobservable_unordered_multimap_test_suite" />
    <testcase name="test_swap" status="run" result="completed" time="0" timestamp="2021-10-04T18:37:11.223" classname="std_wobservable_unordered_multimap_test_suite" />
    <testcase name="test_clear" status="run" result="completed" time="0" timestamp="2021-10-04T18:37:11.223" classname="std_wobservable_unordered_multimap_test_suite" />
    <testcase name="test_emplace" status="run" result="completed" time="0" timestamp="2021-10-04T18:37:11.223" classname="std_wobservable_unordered_multimap_test_suite" />
    <testcase name="test_emplace_hint" status="run" result="completed" time="0" timestamp="2021-10-04T18:37:11.224" classname="std_wobservable_unordered_multimap_test_suite" />
  </testsuite>
  <testsuite name="std_wobservable_unordered_multiset_test_suite" tests="11" failures="0" disabled="0" skipped="0" errors="0" time="0.001" timestamp="2021-10-04T18:37:11.224">
    <testcase name="test_insert_single_element" status="run" result="completed" time="0" timestamp="2021-10-04T18:37:11.224" classname="std_wobservable_unordered_multiset_test_suite" />
    <testcase name="test_insert_single_element_with_hint" status="run" result="completed" time="0" timestamp="2021-10-04T18:37:11.224" classname="std_wobservable_unordered_multiset_test_suite" />
    <testcase name="test_insert_range" status="run" result="completed" time="0" timestamp="2021-10-04T18:37:11.224" classname="std_wobservable_unordered_multiset_test_suite" />
    <testcase name="test_insert_initializer_list" status="run" result="completed" time="0" timestamp="2021-10-04T18:37:11.224" classname="std_wobservable_unordered_multiset_test_suite" />
    <testcase name="test_erase_position" status="run" result="completed" time="0" timestamp="2021-10-04T18:37:11.224" classname="std_wobservable_unordered_multiset_test_suite" />
    <testcase name="test_erase_value" status="run" result="completed" time="0" timestamp="2021-10-04T18:37:11.224" classname="std_wobservable_unordered_multiset_test_suite" />
    <testcase name="test_erase_range" status="run" result="completed" time="0" timestamp="2021-10-04T18:37:11.224" classname="std_wobservable_unordered_multiset_test_suite" />
    <testcase name="test_swap" status="run" result="completed" time="0" timestamp="2021-10-04T18:37:11.224" classname="std_wobservable_unordered_multiset_test_suite" />
    <testcase name="test_clear" status="run" result="completed" time="0" timestamp="2021-10-04T18:37:11.225" classname="std_wobservable_unordered_multiset_test_suite" />
    <testcase name="test_emplace" status="run" result="completed" time="0" timestamp="2021-10-04T18:37:11.225" classname="std_wobservable_unordered_multiset_test_suite" />
    <testcase name="test_emplace_hint" status="run" result="completed" time="0" timestamp="2021-10-04T18:37:11.225" classname="std_wobservable_unordered_multiset_test_suite" />
  </testsuite>
  <testsuite name="std_wobservable_unordered_set_test_suite" tests="11" failures="0" disabled="0" skipped="0" errors="0" time="0.001" timestamp="2021-10-04T18:37:11.225">
    <testcase name="test_insert_single_element" status="run" result="completed" time="0" timestamp="2021-10-04T18:37:11.225" classname="std_wobservable_unordered_set_test_suite" />
    <testcase name="test_insert_single_element_with_hint" status="run" result="completed" time="0" timestamp="2021-10-04T18:37:11.225" classname="std_wobservable_unordered_set_test_suite" />
    <testcase name="test_insert_range" status="run" result="completed" time="0" timestamp="2021-10-04T18:37:11.225" classname="std_wobservable_unordered_set_test_suite" />
    <testcase name="test_insert_initializer_list" status="run" result="completed" time="0" timestamp="2021-10-04T18:37:11.225" classname="std_wobservable_unordered_set_test_suite" />
    <testcase name="test_erase_position" status="run" result="completed" time="0" timestamp="2021-10-04T18:37:11.225" classname="std_wobservable_unordered_set_test_suite" />
    <testcase name="test_erase_value" status="run" result="completed" time="0" timestamp="2021-10-04T18:37:11.226" classname="std_wobservable_unordered_set_test_suite" />
    <testcase name="test_erase_range" status="run" result="completed" time="0" timestamp="2021-10-04T18:37:11.226" classname="std_wobservable_unordered_set_test_suite" />
    <testcase name="test_swap" status="run" result="completed" time="0" timestamp="2021-10-04T18:37:11.226" classname="std_wobservable_unordered_set_test_suite" />
    <testcase name="test_clear" status="run" result="completed" time="0" timestamp="2021-10-04T18:37:11.226" classname="std_wobservable_unordered_set_test_suite" />
    <testcase name="test_emplace" status="run" result="completed" time="0" timestamp="2021-10-04T18:37:11.226" classname="std_wobservable_unordered_set_test_suite" />
    <testcase name="test_emplace_hint" status="run" result="completed" time="0" timestamp="2021-10-04T18:37:11.226" classname="std_wobservable_unordered_set_test_suite" />
  </testsuite>
  <testsuite name="std_wobservable_vector_test_suite" tests="12" failures="0" disabled="0" skipped="0" errors="0" time="0.001" timestamp="2021-10-04T18:37:11.226">
    <testcase name="test_assign_range" status="run" result="completed" time="0" timestamp="2021-10-04T18:37:11.226" classname="std_wobservable_vector_test_suite" />
    <testcase name="test_assign_initializer_list" status="run" result="completed" time="0" timestamp="2021-10-04T18:37:11.226" classname="std_wobservable_vector_test_suite" />
    <testcase name="test_assign_fill" status="run" result="completed" time="0" timestamp="2021-10-04T18:37:11.226" classname="std_wobservable_vector_test_suite" />
    <testcase name="test_push_back" status="run" result="completed" time="0" timestamp="2021-10-04T18:37:11.227" classname="std_wobservable_vector_test_suite" />
    <testcase name="test_pop_back" status="run" result="completed" time="0" timestamp="2021-10-04T18:37:11.227" classname="std_wobservable_vector_test_suite" />
    <testcase name="test_insert_single_element" status="run" result="completed" time="0" timestamp="2021-10-04T18:37:11.227" classname="std_wobservable_vector_test_suite" />
    <testcase name="test_insert_fill" status="run" result="completed" time="0" timestamp="2021-10-04T18:37:11.227" classname="std_wobservable_vector_test_suite" />
    <testcase name="test_insert_range" status="run" result="completed" time="0" timestamp="2021-10-04T18:37:11.227" classname="std_wobservable_vector_test_suite" />
    <testcase name="test_erase_position" status="run" result="completed" time="0" timestamp="2021-10-04T18:37:11.227" classname="std_wobservable_vector_test_suite" />
    <testcase name="test_erase_range" status="run" result="completed" time="0" timestamp="2021-10-04T18:37:11.227" classname="std_wobservable_vector_test_suite" />
    <testcase name="test_swap" status="run" result="completed" time="0" timestamp="2021-10-04T18:37:11.227" classname="std_wobservable_vector_test_suite" />
    <testcase name="test_clear" status="run" result="completed" time="0" timestamp="2021-10-04T18:37:11.227" classname="std_wobservable_vector_test_suite" />
  </testsuite>
</testsuites>
