<?xml version="1.0" encoding="UTF-8"?>
<testsuites tests="8" failures="0" disabled="0" errors="0" timestamp="2020-07-21T17:06:41" time="0.029" name="AllTests">
  <testsuite name="std_circular_buffer_test_suite" tests="1" failures="0" disabled="0" errors="0" time="0.001">
    <testcase name="cpp11_not_supported" status="run" time="0" classname="std_circular_buffer_test_suite" />
  </testsuite>
  <testsuite name="std_container_size_test_suite" tests="1" failures="0" disabled="0" errors="0" time="0.002">
    <testcase name="cpp11_not_supported" status="run" time="0" classname="std_container_size_test_suite" />
  </testsuite>
  <testsuite name="std_erase_iterator_test_suite" tests="1" failures="0" disabled="0" errors="0" time="0.001">
    <testcase name="cpp11_not_supported" status="run" time="0" classname="std_erase_iterator_test_suite" />
  </testsuite>
  <testsuite name="std_reverse_test_suite" tests="1" failures="0" disabled="0" errors="0" time="0.002">
    <testcase name="cpp14_not_supported" status="run" time="0" classname="std_reverse_test_suite" />
  </testsuite>
  <testsuite name="std_scope_guard_new_test_suite" tests="1" failures="0" disabled="0" errors="0" time="0.001">
    <testcase name="test_scope_guard_new" status="run" time="0" classname="std_scope_guard_new_test_suite" />
  </testsuite>
  <testsuite name="std_scope_guard_test_suite" tests="1" failures="0" disabled="0" errors="0" time="0.002">
    <testcase name="test_scope_guard" status="run" time="0" classname="std_scope_guard_test_suite" />
  </testsuite>
  <testsuite name="std_try_move_iterator_backward_test_suite" tests="1" failures="0" disabled="0" errors="0" time="0.001">
    <testcase name="cpp11_not_supported" status="run" time="0" classname="std_try_move_iterator_backward_test_suite" />
  </testsuite>
  <testsuite name="std_value_guard_test_suite" tests="1" failures="0" disabled="0" errors="0" time="0.004">
    <testcase name="test_value_guard" status="run" time="0" classname="std_value_guard_test_suite" />
  </testsuite>
</testsuites>
