<?xml version="1.0" encoding="UTF-8"?>
<testsuites tests="128" failures="0" disabled="0" errors="0" time="0.089" timestamp="2021-12-30T22:00:50.466" name="AllTests">
  <testsuite name="std_fundamental_type_specializer_test_suite" tests="128" failures="0" disabled="0" skipped="0" errors="0" time="0.086" timestamp="2021-12-30T22:00:50.468">
    <testcase name="test_explicit_integer_type_specializer" status="run" result="completed" time="0" timestamp="2021-12-30T22:00:50.469" classname="std_fundamental_type_specializer_test_suite" />
    <testcase name="test_integer_type_specializer_default_value" status="run" result="completed" time="0" timestamp="2021-12-30T22:00:50.469" classname="std_fundamental_type_specializer_test_suite" />
    <testcase name="test_integer_type_specializer_construction" status="run" result="completed" time="0" timestamp="2021-12-30T22:00:50.470" classname="std_fundamental_type_specializer_test_suite" />
    <testcase name="test_integer_type_specializer_get_set" status="run" result="completed" time="0" timestamp="2021-12-30T22:00:50.470" classname="std_fundamental_type_specializer_test_suite" />
    <testcase name="test_integer_type_specializer_simple_assignment_operator" status="run" result="completed" time="0" timestamp="2021-12-30T22:00:50.471" classname="std_fundamental_type_specializer_test_suite" />
    <testcase name="test_integer_type_specializer_addition_assignment_operator" status="run" result="completed" time="0" timestamp="2021-12-30T22:00:50.471" classname="std_fundamental_type_specializer_test_suite" />
    <testcase name="test_integer_type_specializer_subtraction_assignment_operator" status="run" result="completed" time="0" timestamp="2021-12-30T22:00:50.471" classname="std_fundamental_type_specializer_test_suite" />
    <testcase name="test_integer_type_specializer_multiplication_assignment_operator" status="run" result="completed" time="0" timestamp="2021-12-30T22:00:50.472" classname="std_fundamental_type_specializer_test_suite" />
    <testcase name="test_integer_type_specializer_division_assignment_operator" status="run" result="completed" time="0" timestamp="2021-12-30T22:00:50.472" classname="std_fundamental_type_specializer_test_suite" />
    <testcase name="test_integer_type_specializer_modulo_assignment_operator" status="run" result="completed" time="0" timestamp="2021-12-30T22:00:50.473" classname="std_fundamental_type_specializer_test_suite" />
    <testcase name="test_integer_type_specializer_bitwise_and_assignment_operator" status="run" result="completed" time="0" timestamp="2021-12-30T22:00:50.473" classname="std_fundamental_type_specializer_test_suite" />
    <testcase name="test_integer_type_specializer_bitwise_or_assignment_operator" status="run" result="completed" time="0" timestamp="2021-12-30T22:00:50.474" classname="std_fundamental_type_specializer_test_suite" />
    <testcase name="test_integer_type_specializer_bitwise_xor_assignment_operator" status="run" result="completed" time="0" timestamp="2021-12-30T22:00:50.474" classname="std_fundamental_type_specializer_test_suite" />
    <testcase name="test_integer_type_specializer_bitwise_left_shift_assignment_operator" status="run" result="completed" time="0" timestamp="2021-12-30T22:00:50.475" classname="std_fundamental_type_specializer_test_suite" />
    <testcase name="test_integer_type_specializer_bitwise_right_shift_assignment_operator" status="run" result="completed" time="0" timestamp="2021-12-30T22:00:50.475" classname="std_fundamental_type_specializer_test_suite" />
    <testcase name="test_integer_type_specializer_unary_plus_arithmetic_operator" status="run" result="completed" time="0" timestamp="2021-12-30T22:00:50.476" classname="std_fundamental_type_specializer_test_suite" />
    <testcase name="test_integer_type_specializer_unary_minus_arithmetic_operator" status="run" result="completed" time="0" timestamp="2021-12-30T22:00:50.476" classname="std_fundamental_type_specializer_test_suite" />
    <testcase name="test_integer_type_specializer_addition_arithmetic_operator" status="run" result="completed" time="0" timestamp="2021-12-30T22:00:50.477" classname="std_fundamental_type_specializer_test_suite" />
    <testcase name="test_integer_type_specializer_subtraction_arithmetic_operator" status="run" result="completed" time="0" timestamp="2021-12-30T22:00:50.477" classname="std_fundamental_type_specializer_test_suite" />
    <testcase name="test_integer_type_specializer_multiplication_arithmetic_operator" status="run" result="completed" time="0" timestamp="2021-12-30T22:00:50.478" classname="std_fundamental_type_specializer_test_suite" />
    <testcase name="test_integer_type_specializer_division_arithmetic_operator" status="run" result="completed" time="0" timestamp="2021-12-30T22:00:50.478" classname="std_fundamental_type_specializer_test_suite" />
    <testcase name="test_integer_type_specializer_modulo_arithmetic_operator" status="run" result="completed" time="0" timestamp="2021-12-30T22:00:50.479" classname="std_fundamental_type_specializer_test_suite" />
    <testcase name="test_integer_type_specializer_bitwise_not_arithmetic_operator" status="run" result="completed" time="0" timestamp="2021-12-30T22:00:50.479" classname="std_fundamental_type_specializer_test_suite" />
    <testcase name="test_integer_type_specializer_bitwise_and_arithmetic_operator" status="run" result="completed" time="0" timestamp="2021-12-30T22:00:50.480" classname="std_fundamental_type_specializer_test_suite" />
    <testcase name="test_integer_type_specializer_bitwise_or_arithmetic_operator" status="run" result="completed" time="0" timestamp="2021-12-30T22:00:50.486" classname="std_fundamental_type_specializer_test_suite" />
    <testcase name="test_integer_type_specializer_bitwise_xor_arithmetic_operator" status="run" result="completed" time="0" timestamp="2021-12-30T22:00:50.487" classname="std_fundamental_type_specializer_test_suite" />
    <testcase name="test_integer_type_specializer_bitwise_left_shift_arithmetic_operator" status="run" result="completed" time="0" timestamp="2021-12-30T22:00:50.487" classname="std_fundamental_type_specializer_test_suite" />
    <testcase name="test_integer_type_specializer_bitwise_right_shift_arithmetic_operator" status="run" result="completed" time="0" timestamp="2021-12-30T22:00:50.488" classname="std_fundamental_type_specializer_test_suite" />
    <testcase name="test_integer_type_specializer_equal_to_comparison_operator" status="run" result="completed" time="0" timestamp="2021-12-30T22:00:50.488" classname="std_fundamental_type_specializer_test_suite" />
    <testcase name="test_integer_type_specializer_not_equal_to_comparison_operator" status="run" result="completed" time="0" timestamp="2021-12-30T22:00:50.489" classname="std_fundamental_type_specializer_test_suite" />
    <testcase name="test_integer_type_specializer_less_than_comparison_operator" status="run" result="completed" time="0" timestamp="2021-12-30T22:00:50.489" classname="std_fundamental_type_specializer_test_suite" />
    <testcase name="test_integer_type_specializer_greater_than_comparison_operator" status="run" result="completed" time="0" timestamp="2021-12-30T22:00:50.490" classname="std_fundamental_type_specializer_test_suite" />
    <testcase name="test_integer_type_specializer_less_than_or_equal_to_comparison_operator" status="run" result="completed" time="0" timestamp="2021-12-30T22:00:50.490" classname="std_fundamental_type_specializer_test_suite" />
    <testcase name="test_integer_type_specializer_greater_than_or_equal_to_comparison_operator" status="run" result="completed" time="0" timestamp="2021-12-30T22:00:50.491" classname="std_fundamental_type_specializer_test_suite" />
    <testcase name="test_integer_type_specializer_pre_increment_operator" status="run" result="completed" time="0" timestamp="2021-12-30T22:00:50.491" classname="std_fundamental_type_specializer_test_suite" />
    <testcase name="test_integer_type_specializer_post_increment_operator" status="run" result="completed" time="0" timestamp="2021-12-30T22:00:50.491" classname="std_fundamental_type_specializer_test_suite" />
    <testcase name="test_integer_type_specializer_pre_decrement_operator" status="run" result="completed" time="0" timestamp="2021-12-30T22:00:50.492" classname="std_fundamental_type_specializer_test_suite" />
    <testcase name="test_integer_type_specializer_post_decrement_operator" status="run" result="completed" time="0" timestamp="2021-12-30T22:00:50.492" classname="std_fundamental_type_specializer_test_suite" />
    <testcase name="test_floating_point_type_specializer_default_value" status="run" result="completed" time="0" timestamp="2021-12-30T22:00:50.493" classname="std_fundamental_type_specializer_test_suite" />
    <testcase name="test_floating_point_type_specializer_construction" status="run" result="completed" time="0" timestamp="2021-12-30T22:00:50.493" classname="std_fundamental_type_specializer_test_suite" />
    <testcase name="test_floating_point_type_specializer_get_set" status="run" result="completed" time="0" timestamp="2021-12-30T22:00:50.493" classname="std_fundamental_type_specializer_test_suite" />
    <testcase name="test_floating_point_type_specializer_simple_assignment_operator" status="run" result="completed" time="0" timestamp="2021-12-30T22:00:50.494" classname="std_fundamental_type_specializer_test_suite" />
    <testcase name="test_floating_point_type_specializer_addition_assignment_operator" status="run" result="completed" time="0" timestamp="2021-12-30T22:00:50.494" classname="std_fundamental_type_specializer_test_suite" />
    <testcase name="test_floating_point_type_specializer_subtraction_assignment_operator" status="run" result="completed" time="0" timestamp="2021-12-30T22:00:50.495" classname="std_fundamental_type_specializer_test_suite" />
    <testcase name="test_floating_point_type_specializer_multiplication_assignment_operator" status="run" result="completed" time="0" timestamp="2021-12-30T22:00:50.495" classname="std_fundamental_type_specializer_test_suite" />
    <testcase name="test_floating_point_type_specializer_division_assignment_operator" status="run" result="completed" time="0" timestamp="2021-12-30T22:00:50.495" classname="std_fundamental_type_specializer_test_suite" />
    <testcase name="test_floating_point_type_specializer_modulo_assignment_operator" status="run" result="completed" time="0" timestamp="2021-12-30T22:00:50.496" classname="std_fundamental_type_specializer_test_suite" />
    <testcase name="test_floating_point_type_specializer_unary_plus_arithmetic_operator" status="run" result="completed" time="0" timestamp="2021-12-30T22:00:50.502" classname="std_fundamental_type_specializer_test_suite" />
    <testcase name="test_floating_point_type_specializer_unary_minus_arithmetic_operator" status="run" result="completed" time="0" timestamp="2021-12-30T22:00:50.503" classname="std_fundamental_type_specializer_test_suite" />
    <testcase name="test_floating_point_type_specializer_addition_arithmetic_operator" status="run" result="completed" time="0" timestamp="2021-12-30T22:00:50.503" classname="std_fundamental_type_specializer_test_suite" />
    <testcase name="test_floating_point_type_specializer_subtraction_arithmetic_operator" status="run" result="completed" time="0" timestamp="2021-12-30T22:00:50.503" classname="std_fundamental_type_specializer_test_suite" />
    <testcase name="test_floating_point_type_specializer_multiplication_arithmetic_operator" status="run" result="completed" time="0" timestamp="2021-12-30T22:00:50.504" classname="std_fundamental_type_specializer_test_suite" />
    <testcase name="test_floating_point_type_specializer_division_arithmetic_operator" status="run" result="completed" time="0" timestamp="2021-12-30T22:00:50.504" classname="std_fundamental_type_specializer_test_suite" />
    <testcase name="test_floating_point_type_specializer_modulo_arithmetic_operator" status="run" result="completed" time="0" timestamp="2021-12-30T22:00:50.505" classname="std_fundamental_type_specializer_test_suite" />
    <testcase name="test_floating_point_type_specializer_equal_to_comparison_operator" status="run" result="completed" time="0" timestamp="2021-12-30T22:00:50.505" classname="std_fundamental_type_specializer_test_suite" />
    <testcase name="test_floating_point_type_specializer_not_equal_to_comparison_operator" status="run" result="completed" time="0" timestamp="2021-12-30T22:00:50.505" classname="std_fundamental_type_specializer_test_suite" />
    <testcase name="test_floating_point_type_specializer_less_than_to_comparison_operator" status="run" result="completed" time="0" timestamp="2021-12-30T22:00:50.506" classname="std_fundamental_type_specializer_test_suite" />
    <testcase name="test_floating_point_type_specializer_greater_than_comparison_operator" status="run" result="completed" time="0" timestamp="2021-12-30T22:00:50.506" classname="std_fundamental_type_specializer_test_suite" />
    <testcase name="test_floating_point_type_specializer_less_than_or_equal_to_to_comparison_operator" status="run" result="completed" time="0" timestamp="2021-12-30T22:00:50.507" classname="std_fundamental_type_specializer_test_suite" />
    <testcase name="test_floating_point_type_specializer_greater_than_or_equal_to_comparison_operator" status="run" result="completed" time="0" timestamp="2021-12-30T22:00:50.507" classname="std_fundamental_type_specializer_test_suite" />
    <testcase name="test_floating_point_type_specializer_pre_increment_operator" status="run" result="completed" time="0" timestamp="2021-12-30T22:00:50.507" classname="std_fundamental_type_specializer_test_suite" />
    <testcase name="test_floating_point_type_specializer_post_increment_operator" status="run" result="completed" time="0" timestamp="2021-12-30T22:00:50.508" classname="std_fundamental_type_specializer_test_suite" />
    <testcase name="test_floating_point_type_specializer_pre_decrement_operator" status="run" result="completed" time="0" timestamp="2021-12-30T22:00:50.508" classname="std_fundamental_type_specializer_test_suite" />
    <testcase name="test_floating_point_type_specializer_post_decrement_operator" status="run" result="completed" time="0" timestamp="2021-12-30T22:00:50.509" classname="std_fundamental_type_specializer_test_suite" />
    <testcase name="test_implicit_integer_type_specializer" status="run" result="completed" time="0" timestamp="2021-12-30T22:00:50.509" classname="std_fundamental_type_specializer_test_suite" />
    <testcase name="test_implicit_integer_type_specializer_default_value" status="run" result="completed" time="0" timestamp="2021-12-30T22:00:50.509" classname="std_fundamental_type_specializer_test_suite" />
    <testcase name="test_implicit_integer_type_specializer_construction" status="run" result="completed" time="0" timestamp="2021-12-30T22:00:50.510" classname="std_fundamental_type_specializer_test_suite" />
    <testcase name="test_implicit_integer_type_specializer_get_set" status="run" result="completed" time="0" timestamp="2021-12-30T22:00:50.510" classname="std_fundamental_type_specializer_test_suite" />
    <testcase name="test_implicit_integer_type_specializer_simple_assignment_operator" status="run" result="completed" time="0" timestamp="2021-12-30T22:00:50.510" classname="std_fundamental_type_specializer_test_suite" />
    <testcase name="test_implicit_integer_type_specializer_addition_assignment_operator" status="run" result="completed" time="0" timestamp="2021-12-30T22:00:50.511" classname="std_fundamental_type_specializer_test_suite" />
    <testcase name="test_implicit_integer_type_specializer_subtraction_assignment_operator" status="run" result="completed" time="0" timestamp="2021-12-30T22:00:50.511" classname="std_fundamental_type_specializer_test_suite" />
    <testcase name="test_implicit_integer_type_specializer_multiplication_assignment_operator" status="run" result="completed" time="0" timestamp="2021-12-30T22:00:50.512" classname="std_fundamental_type_specializer_test_suite" />
    <testcase name="test_implicit_integer_type_specializer_division_assignment_operator" status="run" result="completed" time="0" timestamp="2021-12-30T22:00:50.519" classname="std_fundamental_type_specializer_test_suite" />
    <testcase name="test_implicit_integer_type_specializer_modulo_assignment_operator" status="run" result="completed" time="0" timestamp="2021-12-30T22:00:50.519" classname="std_fundamental_type_specializer_test_suite" />
    <testcase name="test_implicit_integer_type_specializer_bitwise_and_assignment_operator" status="run" result="completed" time="0" timestamp="2021-12-30T22:00:50.520" classname="std_fundamental_type_specializer_test_suite" />
    <testcase name="test_implicit_integer_type_specializer_bitwise_or_assignment_operator" status="run" result="completed" time="0" timestamp="2021-12-30T22:00:50.520" classname="std_fundamental_type_specializer_test_suite" />
    <testcase name="test_implicit_integer_type_specializer_bitwise_xor_assignment_operator" status="run" result="completed" time="0" timestamp="2021-12-30T22:00:50.521" classname="std_fundamental_type_specializer_test_suite" />
    <testcase name="test_implicit_integer_type_specializer_bitwise_left_shift_assignment_operator" status="run" result="completed" time="0" timestamp="2021-12-30T22:00:50.521" classname="std_fundamental_type_specializer_test_suite" />
    <testcase name="test_implicit_integer_type_specializer_bitwise_right_shift_assignment_operator" status="run" result="completed" time="0" timestamp="2021-12-30T22:00:50.522" classname="std_fundamental_type_specializer_test_suite" />
    <testcase name="test_implicit_integer_type_specializer_unary_plus_arithmetic_operator" status="run" result="completed" time="0" timestamp="2021-12-30T22:00:50.523" classname="std_fundamental_type_specializer_test_suite" />
    <testcase name="test_implicit_integer_type_specializer_unary_minus_arithmetic_operator" status="run" result="completed" time="0" timestamp="2021-12-30T22:00:50.523" classname="std_fundamental_type_specializer_test_suite" />
    <testcase name="test_implicit_integer_type_specializer_addition_arithmetic_operator" status="run" result="completed" time="0" timestamp="2021-12-30T22:00:50.524" classname="std_fundamental_type_specializer_test_suite" />
    <testcase name="test_implicit_integer_type_specializer_subtraction_arithmetic_operator" status="run" result="completed" time="0" timestamp="2021-12-30T22:00:50.524" classname="std_fundamental_type_specializer_test_suite" />
    <testcase name="test_implicit_integer_type_specializer_multiplication_arithmetic_operator" status="run" result="completed" time="0" timestamp="2021-12-30T22:00:50.525" classname="std_fundamental_type_specializer_test_suite" />
    <testcase name="test_implicit_integer_type_specializer_division_arithmetic_operator" status="run" result="completed" time="0" timestamp="2021-12-30T22:00:50.525" classname="std_fundamental_type_specializer_test_suite" />
    <testcase name="test_implicit_integer_type_specializer_modulo_arithmetic_operator" status="run" result="completed" time="0" timestamp="2021-12-30T22:00:50.526" classname="std_fundamental_type_specializer_test_suite" />
    <testcase name="test_implicit_integer_type_specializer_bitwise_not_arithmetic_operator" status="run" result="completed" time="0" timestamp="2021-12-30T22:00:50.526" classname="std_fundamental_type_specializer_test_suite" />
    <testcase name="test_implicit_integer_type_specializer_bitwise_and_arithmetic_operator" status="run" result="completed" time="0" timestamp="2021-12-30T22:00:50.527" classname="std_fundamental_type_specializer_test_suite" />
    <testcase name="test_implicit_integer_type_specializer_bitwise_or_arithmetic_operator" status="run" result="completed" time="0" timestamp="2021-12-30T22:00:50.527" classname="std_fundamental_type_specializer_test_suite" />
    <testcase name="test_implicit_integer_type_specializer_bitwise_xor_arithmetic_operator" status="run" result="completed" time="0" timestamp="2021-12-30T22:00:50.532" classname="std_fundamental_type_specializer_test_suite" />
    <testcase name="test_implicit_integer_type_specializer_bitwise_left_shift_arithmetic_operator" status="run" result="completed" time="0" timestamp="2021-12-30T22:00:50.533" classname="std_fundamental_type_specializer_test_suite" />
    <testcase name="test_implicit_integer_type_specializer_bitwise_right_shift_arithmetic_operator" status="run" result="completed" time="0" timestamp="2021-12-30T22:00:50.533" classname="std_fundamental_type_specializer_test_suite" />
    <testcase name="test_implicit_integer_type_specializer_equal_to_comparison_operator" status="run" result="completed" time="0" timestamp="2021-12-30T22:00:50.534" classname="std_fundamental_type_specializer_test_suite" />
    <testcase name="test_implicit_integer_type_specializer_not_equal_to_comparison_operator" status="run" result="completed" time="0" timestamp="2021-12-30T22:00:50.535" classname="std_fundamental_type_specializer_test_suite" />
    <testcase name="test_implicit_integer_type_specializer_less_than_comparison_operator" status="run" result="completed" time="0" timestamp="2021-12-30T22:00:50.535" classname="std_fundamental_type_specializer_test_suite" />
    <testcase name="test_implicit_integer_type_specializer_greater_than_comparison_operator" status="run" result="completed" time="0" timestamp="2021-12-30T22:00:50.536" classname="std_fundamental_type_specializer_test_suite" />
    <testcase name="test_implicit_integer_type_specializer_less_than_or_equal_to_comparison_operator" status="run" result="completed" time="0" timestamp="2021-12-30T22:00:50.536" classname="std_fundamental_type_specializer_test_suite" />
    <testcase name="test_implicit_integer_type_specializer_greater_than_or_equal_to_comparison_operator" status="run" result="completed" time="0" timestamp="2021-12-30T22:00:50.537" classname="std_fundamental_type_specializer_test_suite" />
    <testcase name="test_implicit_integer_type_specializer_pre_increment_operator" status="run" result="completed" time="0" timestamp="2021-12-30T22:00:50.537" classname="std_fundamental_type_specializer_test_suite" />
    <testcase name="test_implicit_integer_type_specializer_post_increment_operator" status="run" result="completed" time="0" timestamp="2021-12-30T22:00:50.537" classname="std_fundamental_type_specializer_test_suite" />
    <testcase name="test_implicit_integer_type_specializer_pre_decrement_operator" status="run" result="completed" time="0" timestamp="2021-12-30T22:00:50.538" classname="std_fundamental_type_specializer_test_suite" />
    <testcase name="test_implicit_integer_type_specializer_post_decrement_operator" status="run" result="completed" time="0" timestamp="2021-12-30T22:00:50.538" classname="std_fundamental_type_specializer_test_suite" />
    <testcase name="test_implicit_floating_point_type_specializer_default_value" status="run" result="completed" time="0" timestamp="2021-12-30T22:00:50.539" classname="std_fundamental_type_specializer_test_suite" />
    <testcase name="test_implicit_floating_point_type_specializer_construction" status="run" result="completed" time="0" timestamp="2021-12-30T22:00:50.539" classname="std_fundamental_type_specializer_test_suite" />
    <testcase name="test_implicit_floating_point_type_specializer_get_set" status="run" result="completed" time="0" timestamp="2021-12-30T22:00:50.540" classname="std_fundamental_type_specializer_test_suite" />
    <testcase name="test_implicit_floating_point_type_specializer_simple_assignment_operator" status="run" result="completed" time="0" timestamp="2021-12-30T22:00:50.540" classname="std_fundamental_type_specializer_test_suite" />
    <testcase name="test_implicit_floating_point_type_specializer_addition_assignment_operator" status="run" result="completed" time="0" timestamp="2021-12-30T22:00:50.541" classname="std_fundamental_type_specializer_test_suite" />
    <testcase name="test_implicit_floating_point_type_specializer_subtraction_assignment_operator" status="run" result="completed" time="0" timestamp="2021-12-30T22:00:50.541" classname="std_fundamental_type_specializer_test_suite" />
    <testcase name="test_implicit_floating_point_type_specializer_multiplication_assignment_operator" status="run" result="completed" time="0" timestamp="2021-12-30T22:00:50.542" classname="std_fundamental_type_specializer_test_suite" />
    <testcase name="test_implicit_floating_point_type_specializer_division_assignment_operator" status="run" result="completed" time="0" timestamp="2021-12-30T22:00:50.542" classname="std_fundamental_type_specializer_test_suite" />
    <testcase name="test_implicit_floating_point_type_specializer_modulo_assignment_operator" status="run" result="completed" time="0" timestamp="2021-12-30T22:00:50.543" classname="std_fundamental_type_specializer_test_suite" />
    <testcase name="test_implicit_floating_point_type_specializer_unary_plus_arithmetic_operator" status="run" result="completed" time="0" timestamp="2021-12-30T22:00:50.543" classname="std_fundamental_type_specializer_test_suite" />
    <testcase name="test_implicit_floating_point_type_specializer_unary_minus_arithmetic_operator" status="run" result="completed" time="0" timestamp="2021-12-30T22:00:50.543" classname="std_fundamental_type_specializer_test_suite" />
    <testcase name="test_implicit_floating_point_type_specializer_addition_arithmetic_operator" status="run" result="completed" time="0" timestamp="2021-12-30T22:00:50.549" classname="std_fundamental_type_specializer_test_suite" />
    <testcase name="test_implicit_floating_point_type_specializer_subtraction_arithmetic_operator" status="run" result="completed" time="0" timestamp="2021-12-30T22:00:50.549" classname="std_fundamental_type_specializer_test_suite" />
    <testcase name="test_implicit_floating_point_type_specializer_multiplication_arithmetic_operator" status="run" result="completed" time="0" timestamp="2021-12-30T22:00:50.550" classname="std_fundamental_type_specializer_test_suite" />
    <testcase name="test_implicit_floating_point_type_specializer_division_arithmetic_operator" status="run" result="completed" time="0" timestamp="2021-12-30T22:00:50.550" classname="std_fundamental_type_specializer_test_suite" />
    <testcase name="test_implicit_floating_point_type_specializer_modulo_arithmetic_operator" status="run" result="completed" time="0" timestamp="2021-12-30T22:00:50.551" classname="std_fundamental_type_specializer_test_suite" />
    <testcase name="test_implicit_floating_point_type_specializer_equal_to_comparison_operator" status="run" result="completed" time="0" timestamp="2021-12-30T22:00:50.551" classname="std_fundamental_type_specializer_test_suite" />
    <testcase name="test_implicit_floating_point_type_specializer_not_equal_to_comparison_operator" status="run" result="completed" time="0" timestamp="2021-12-30T22:00:50.552" classname="std_fundamental_type_specializer_test_suite" />
    <testcase name="test_implicit_floating_point_type_specializer_less_than_to_comparison_operator" status="run" result="completed" time="0" timestamp="2021-12-30T22:00:50.552" classname="std_fundamental_type_specializer_test_suite" />
    <testcase name="test_implicit_floating_point_type_specializer_greater_than_comparison_operator" status="run" result="completed" time="0" timestamp="2021-12-30T22:00:50.552" classname="std_fundamental_type_specializer_test_suite" />
    <testcase name="test_implicit_floating_point_type_specializer_less_than_or_equal_to_to_comparison_operator" status="run" result="completed" time="0" timestamp="2021-12-30T22:00:50.553" classname="std_fundamental_type_specializer_test_suite" />
    <testcase name="test_implicit_floating_point_type_specializer_greater_than_or_equal_to_comparison_operator" status="run" result="completed" time="0" timestamp="2021-12-30T22:00:50.553" classname="std_fundamental_type_specializer_test_suite" />
    <testcase name="test_implicit_floating_point_type_specializer_pre_increment_operator" status="run" result="completed" time="0" timestamp="2021-12-30T22:00:50.554" classname="std_fundamental_type_specializer_test_suite" />
    <testcase name="test_implicit_floating_point_type_specializer_post_increment_operator" status="run" result="completed" time="0" timestamp="2021-12-30T22:00:50.554" classname="std_fundamental_type_specializer_test_suite" />
    <testcase name="test_implicit_floating_point_type_specializer_pre_decrement_operator" status="run" result="completed" time="0" timestamp="2021-12-30T22:00:50.554" classname="std_fundamental_type_specializer_test_suite" />
    <testcase name="test_implicit_floating_point_type_specializer_post_decrement_operator" status="run" result="completed" time="0" timestamp="2021-12-30T22:00:50.555" classname="std_fundamental_type_specializer_test_suite" />
  </testsuite>
</testsuites>
