<?xml version="1.0" encoding="UTF-8"?>
<testsuites tests="3" failures="0" disabled="0" errors="0" timestamp="2019-09-30T18:06:55" time="0.003" name="AllTests">
  <testsuite name="std_signals_string_placebo_lockable_test_suite" tests="1" failures="0" disabled="0" errors="0" time="0">
    <testcase name="cpp11_not_supported" status="run" time="0" classname="std_signals_string_placebo_lockable_test_suite" />
  </testsuite>
  <testsuite name="std_signals_string_test_suite" tests="1" failures="0" disabled="0" errors="0" time="0">
    <testcase name="cpp11_not_supported" status="run" time="0" classname="std_signals_string_test_suite" />
  </testsuite>
  <testsuite name="std_signals_wstring_test_suite" tests="1" failures="0" disabled="0" errors="0" time="0">
    <testcase name="cpp11_not_supported" status="run" time="0" classname="std_signals_wstring_test_suite" />
  </testsuite>
</testsuites>
