<?xml version="1.0" encoding="UTF-8"?>
<testsuites tests="5" failures="0" disabled="0" errors="0" time="0.871" timestamp="2021-11-09T20:00:18.599" name="AllTests">
  <testsuite name="std_stopwatch_test_suite" tests="5" failures="0" disabled="0" skipped="0" errors="0" time="0.869" timestamp="2021-11-09T20:00:18.600">
    <testcase name="test_create_stopwatch" status="run" result="completed" time="0" timestamp="2021-11-09T20:00:18.601" classname="std_stopwatch_test_suite" />
    <testcase name="test_stopwatch_start_stop" status="run" result="completed" time="0.108" timestamp="2021-11-09T20:00:18.601" classname="std_stopwatch_test_suite" />
    <testcase name="test_stopwatch_reset" status="run" result="completed" time="0.106" timestamp="2021-11-09T20:00:18.710" classname="std_stopwatch_test_suite" />
    <testcase name="test_stopwatch_guard" status="run" result="completed" time="0.108" timestamp="2021-11-09T20:00:18.818" classname="std_stopwatch_test_suite" />
    <testcase name="test_stopwatch_start_stop_five_times" status="run" result="completed" time="0.541" timestamp="2021-11-09T20:00:18.927" classname="std_stopwatch_test_suite" />
  </testsuite>
</testsuites>
