<?xml version="1.0" encoding="UTF-8"?>
<testsuites tests="679" failures="0" disabled="0" errors="0" time="0.655" timestamp="2021-12-30T22:00:59.449" name="AllTests">
  <testsuite name="std_basic_command_execution_observer_test_suite" tests="2" failures="0" disabled="0" skipped="0" errors="0" time="0.001" timestamp="2021-12-30T22:00:59.451">
    <testcase name="test_execute_command" status="run" result="completed" time="0" timestamp="2021-12-30T22:00:59.451" classname="std_basic_command_execution_observer_test_suite" />
    <testcase name="test_post_command" status="run" result="completed" time="0" timestamp="2021-12-30T22:00:59.452" classname="std_basic_command_execution_observer_test_suite" />
  </testsuite>
  <testsuite name="std_basic_command_manager_lambda_test_suite" tests="2" failures="0" disabled="0" skipped="0" errors="0" time="0.013" timestamp="2021-12-30T22:00:59.453">
    <testcase name="test_command_manager" status="run" result="completed" time="0.003" timestamp="2021-12-30T22:00:59.453" classname="std_basic_command_manager_lambda_test_suite" />
    <testcase name="test_spaceship_observer" status="run" result="completed" time="0.007" timestamp="2021-12-30T22:00:59.459" classname="std_basic_command_manager_lambda_test_suite" />
  </testsuite>
  <testsuite name="std_basic_command_manager_test_suite" tests="2" failures="0" disabled="0" skipped="0" errors="0" time="0.011" timestamp="2021-12-30T22:00:59.468">
    <testcase name="test_command_manager" status="run" result="completed" time="0.003" timestamp="2021-12-30T22:00:59.468" classname="std_basic_command_manager_test_suite" />
    <testcase name="test_spaceship_observer" status="run" result="completed" time="0.006" timestamp="2021-12-30T22:00:59.472" classname="std_basic_command_manager_test_suite" />
  </testsuite>
  <testsuite name="std_basic_command_test_suite" tests="1" failures="0" disabled="0" skipped="0" errors="0" time="0" timestamp="2021-12-30T22:00:59.480">
    <testcase name="test_command" status="run" result="completed" time="0" timestamp="2021-12-30T22:00:59.480" classname="std_basic_command_test_suite" />
  </testsuite>
  <testsuite name="std_basic_event_manager_test_suite" tests="1" failures="0" disabled="0" skipped="0" errors="0" time="0.008" timestamp="2021-12-30T22:00:59.481">
    <testcase name="test_command_manager" status="run" result="completed" time="0.007" timestamp="2021-12-30T22:00:59.481" classname="std_basic_event_manager_test_suite" />
  </testsuite>
  <testsuite name="std_basic_observable_array_test_suite" tests="1" failures="0" disabled="0" skipped="0" errors="0" time="0" timestamp="2021-12-30T22:00:59.491">
    <testcase name="test_create" status="run" result="completed" time="0" timestamp="2021-12-30T22:00:59.491" classname="std_basic_observable_array_test_suite" />
  </testsuite>
  <testsuite name="std_basic_observable_deque_test_suite" tests="14" failures="0" disabled="0" skipped="0" errors="0" time="0.01" timestamp="2021-12-30T22:00:59.492">
    <testcase name="test_assign_range" status="run" result="completed" time="0" timestamp="2021-12-30T22:00:59.492" classname="std_basic_observable_deque_test_suite" />
    <testcase name="test_assign_initializer_list" status="run" result="completed" time="0" timestamp="2021-12-30T22:00:59.496" classname="std_basic_observable_deque_test_suite" />
    <testcase name="test_assign_fill" status="run" result="completed" time="0" timestamp="2021-12-30T22:00:59.496" classname="std_basic_observable_deque_test_suite" />
    <testcase name="test_push_back" status="run" result="completed" time="0" timestamp="2021-12-30T22:00:59.497" classname="std_basic_observable_deque_test_suite" />
    <testcase name="test_push_front" status="run" result="completed" time="0" timestamp="2021-12-30T22:00:59.497" classname="std_basic_observable_deque_test_suite" />
    <testcase name="test_pop_back" status="run" result="completed" time="0" timestamp="2021-12-30T22:00:59.498" classname="std_basic_observable_deque_test_suite" />
    <testcase name="test_pop_front" status="run" result="completed" time="0" timestamp="2021-12-30T22:00:59.498" classname="std_basic_observable_deque_test_suite" />
    <testcase name="test_insert_single_element" status="run" result="completed" time="0" timestamp="2021-12-30T22:00:59.499" classname="std_basic_observable_deque_test_suite" />
    <testcase name="test_insert_fill" status="run" result="completed" time="0" timestamp="2021-12-30T22:00:59.499" classname="std_basic_observable_deque_test_suite" />
    <testcase name="test_insert_range" status="run" result="completed" time="0" timestamp="2021-12-30T22:00:59.500" classname="std_basic_observable_deque_test_suite" />
    <testcase name="test_erase_position" status="run" result="completed" time="0" timestamp="2021-12-30T22:00:59.500" classname="std_basic_observable_deque_test_suite" />
    <testcase name="test_erase_range" status="run" result="completed" time="0" timestamp="2021-12-30T22:00:59.501" classname="std_basic_observable_deque_test_suite" />
    <testcase name="test_swap" status="run" result="completed" time="0" timestamp="2021-12-30T22:00:59.502" classname="std_basic_observable_deque_test_suite" />
    <testcase name="test_clear" status="run" result="completed" time="0" timestamp="2021-12-30T22:00:59.502" classname="std_basic_observable_deque_test_suite" />
  </testsuite>
  <testsuite name="std_basic_observable_forward_list_test_suite" tests="21" failures="0" disabled="0" skipped="0" errors="0" time="0.017" timestamp="2021-12-30T22:00:59.503">
    <testcase name="test_assign_range" status="run" result="completed" time="0" timestamp="2021-12-30T22:00:59.503" classname="std_basic_observable_forward_list_test_suite" />
    <testcase name="test_assign_initializer_list" status="run" result="completed" time="0" timestamp="2021-12-30T22:00:59.504" classname="std_basic_observable_forward_list_test_suite" />
    <testcase name="test_assign_fill" status="run" result="completed" time="0" timestamp="2021-12-30T22:00:59.504" classname="std_basic_observable_forward_list_test_suite" />
    <testcase name="test_push_front" status="run" result="completed" time="0" timestamp="2021-12-30T22:00:59.505" classname="std_basic_observable_forward_list_test_suite" />
    <testcase name="test_pop_front" status="run" result="completed" time="0" timestamp="2021-12-30T22:00:59.505" classname="std_basic_observable_forward_list_test_suite" />
    <testcase name="test_insert_after_single_element" status="run" result="completed" time="0" timestamp="2021-12-30T22:00:59.506" classname="std_basic_observable_forward_list_test_suite" />
    <testcase name="test_insert_after_fill" status="run" result="completed" time="0" timestamp="2021-12-30T22:00:59.507" classname="std_basic_observable_forward_list_test_suite" />
    <testcase name="test_insert_after_range" status="run" result="completed" time="0" timestamp="2021-12-30T22:00:59.507" classname="std_basic_observable_forward_list_test_suite" />
    <testcase name="test_erase_after_position" status="run" result="completed" time="0" timestamp="2021-12-30T22:00:59.508" classname="std_basic_observable_forward_list_test_suite" />
    <testcase name="test_erase_range" status="run" result="completed" time="0" timestamp="2021-12-30T22:00:59.514" classname="std_basic_observable_forward_list_test_suite" />
    <testcase name="test_swap" status="run" result="completed" time="0" timestamp="2021-12-30T22:00:59.514" classname="std_basic_observable_forward_list_test_suite" />
    <testcase name="test_clear" status="run" result="completed" time="0" timestamp="2021-12-30T22:00:59.515" classname="std_basic_observable_forward_list_test_suite" />
    <testcase name="test_splice_after_entire_container" status="run" result="completed" time="0" timestamp="2021-12-30T22:00:59.516" classname="std_basic_observable_forward_list_test_suite" />
    <testcase name="test_splice_after_single_element" status="run" result="completed" time="0" timestamp="2021-12-30T22:00:59.516" classname="std_basic_observable_forward_list_test_suite" />
    <testcase name="test_splice_after_element_range" status="run" result="completed" time="0" timestamp="2021-12-30T22:00:59.517" classname="std_basic_observable_forward_list_test_suite" />
    <testcase name="test_remove" status="run" result="completed" time="0" timestamp="2021-12-30T22:00:59.518" classname="std_basic_observable_forward_list_test_suite" />
    <testcase name="test_remove_if" status="run" result="completed" time="0" timestamp="2021-12-30T22:00:59.518" classname="std_basic_observable_forward_list_test_suite" />
    <testcase name="test_unique" status="run" result="completed" time="0" timestamp="2021-12-30T22:00:59.519" classname="std_basic_observable_forward_list_test_suite" />
    <testcase name="test_unique_binary_predicate" status="run" result="completed" time="0" timestamp="2021-12-30T22:00:59.519" classname="std_basic_observable_forward_list_test_suite" />
    <testcase name="test_merge" status="run" result="completed" time="0" timestamp="2021-12-30T22:00:59.520" classname="std_basic_observable_forward_list_test_suite" />
    <testcase name="test_merge_compare_predicate" status="run" result="completed" time="0" timestamp="2021-12-30T22:00:59.520" classname="std_basic_observable_forward_list_test_suite" />
  </testsuite>
  <testsuite name="std_basic_observable_list_test_suite" tests="23" failures="0" disabled="0" skipped="0" errors="0" time="0.016" timestamp="2021-12-30T22:00:59.521">
    <testcase name="test_assign_range" status="run" result="completed" time="0" timestamp="2021-12-30T22:00:59.521" classname="std_basic_observable_list_test_suite" />
    <testcase name="test_assign_initializer_list" status="run" result="completed" time="0" timestamp="2021-12-30T22:00:59.522" classname="std_basic_observable_list_test_suite" />
    <testcase name="test_assign_fill" status="run" result="completed" time="0" timestamp="2021-12-30T22:00:59.522" classname="std_basic_observable_list_test_suite" />
    <testcase name="test_push_back" status="run" result="completed" time="0" timestamp="2021-12-30T22:00:59.523" classname="std_basic_observable_list_test_suite" />
    <testcase name="test_push_front" status="run" result="completed" time="0" timestamp="2021-12-30T22:00:59.523" classname="std_basic_observable_list_test_suite" />
    <testcase name="test_pop_back" status="run" result="completed" time="0" timestamp="2021-12-30T22:00:59.524" classname="std_basic_observable_list_test_suite" />
    <testcase name="test_pop_front" status="run" result="completed" time="0" timestamp="2021-12-30T22:00:59.529" classname="std_basic_observable_list_test_suite" />
    <testcase name="test_insert_single_element" status="run" result="completed" time="0" timestamp="2021-12-30T22:00:59.530" classname="std_basic_observable_list_test_suite" />
    <testcase name="test_insert_fill" status="run" result="completed" time="0" timestamp="2021-12-30T22:00:59.531" classname="std_basic_observable_list_test_suite" />
    <testcase name="test_insert_range" status="run" result="completed" time="0" timestamp="2021-12-30T22:00:59.531" classname="std_basic_observable_list_test_suite" />
    <testcase name="test_erase_position" status="run" result="completed" time="0" timestamp="2021-12-30T22:00:59.532" classname="std_basic_observable_list_test_suite" />
    <testcase name="test_erase_range" status="run" result="completed" time="0" timestamp="2021-12-30T22:00:59.532" classname="std_basic_observable_list_test_suite" />
    <testcase name="test_swap" status="run" result="completed" time="0" timestamp="2021-12-30T22:00:59.533" classname="std_basic_observable_list_test_suite" />
    <testcase name="test_clear" status="run" result="completed" time="0" timestamp="2021-12-30T22:00:59.533" classname="std_basic_observable_list_test_suite" />
    <testcase name="test_splice_entire_container" status="run" result="completed" time="0" timestamp="2021-12-30T22:00:59.534" classname="std_basic_observable_list_test_suite" />
    <testcase name="test_splice_single_element" status="run" result="completed" time="0" timestamp="2021-12-30T22:00:59.534" classname="std_basic_observable_list_test_suite" />
    <testcase name="test_splice_element_range" status="run" result="completed" time="0" timestamp="2021-12-30T22:00:59.535" classname="std_basic_observable_list_test_suite" />
    <testcase name="test_remove" status="run" result="completed" time="0" timestamp="2021-12-30T22:00:59.535" classname="std_basic_observable_list_test_suite" />
    <testcase name="test_remove_if" status="run" result="completed" time="0" timestamp="2021-12-30T22:00:59.536" classname="std_basic_observable_list_test_suite" />
    <testcase name="test_unique" status="run" result="completed" time="0" timestamp="2021-12-30T22:00:59.536" classname="std_basic_observable_list_test_suite" />
    <testcase name="test_unique_binary_predicate" status="run" result="completed" time="0" timestamp="2021-12-30T22:00:59.537" classname="std_basic_observable_list_test_suite" />
    <testcase name="test_merge" status="run" result="completed" time="0" timestamp="2021-12-30T22:00:59.537" classname="std_basic_observable_list_test_suite" />
    <testcase name="test_merge_compare_predicate" status="run" result="completed" time="0" timestamp="2021-12-30T22:00:59.538" classname="std_basic_observable_list_test_suite" />
  </testsuite>
  <testsuite name="std_basic_observable_map_test_suite" tests="11" failures="0" disabled="0" skipped="0" errors="0" time="0.009" timestamp="2021-12-30T22:00:59.538">
    <testcase name="test_insert_single_element" status="run" result="completed" time="0" timestamp="2021-12-30T22:00:59.538" classname="std_basic_observable_map_test_suite" />
    <testcase name="test_insert_single_element_with_hint" status="run" result="completed" time="0" timestamp="2021-12-30T22:00:59.539" classname="std_basic_observable_map_test_suite" />
    <testcase name="test_insert_range" status="run" result="completed" time="0" timestamp="2021-12-30T22:00:59.539" classname="std_basic_observable_map_test_suite" />
    <testcase name="test_insert_initializer_list" status="run" result="completed" time="0" timestamp="2021-12-30T22:00:59.540" classname="std_basic_observable_map_test_suite" />
    <testcase name="test_erase_position" status="run" result="completed" time="0" timestamp="2021-12-30T22:00:59.545" classname="std_basic_observable_map_test_suite" />
    <testcase name="test_erase_value" status="run" result="completed" time="0" timestamp="2021-12-30T22:00:59.546" classname="std_basic_observable_map_test_suite" />
    <testcase name="test_erase_range" status="run" result="completed" time="0" timestamp="2021-12-30T22:00:59.546" classname="std_basic_observable_map_test_suite" />
    <testcase name="test_swap" status="run" result="completed" time="0" timestamp="2021-12-30T22:00:59.546" classname="std_basic_observable_map_test_suite" />
    <testcase name="test_clear" status="run" result="completed" time="0" timestamp="2021-12-30T22:00:59.547" classname="std_basic_observable_map_test_suite" />
    <testcase name="test_emplace" status="run" result="completed" time="0" timestamp="2021-12-30T22:00:59.547" classname="std_basic_observable_map_test_suite" />
    <testcase name="test_emplace_hint" status="run" result="completed" time="0" timestamp="2021-12-30T22:00:59.548" classname="std_basic_observable_map_test_suite" />
  </testsuite>
  <testsuite name="std_basic_observable_multimap_test_suite" tests="11" failures="0" disabled="0" skipped="0" errors="0" time="0.004" timestamp="2021-12-30T22:00:59.548">
    <testcase name="test_insert_single_element" status="run" result="completed" time="0" timestamp="2021-12-30T22:00:59.548" classname="std_basic_observable_multimap_test_suite" />
    <testcase name="test_insert_single_element_with_hint" status="run" result="completed" time="0" timestamp="2021-12-30T22:00:59.549" classname="std_basic_observable_multimap_test_suite" />
    <testcase name="test_insert_range" status="run" result="completed" time="0" timestamp="2021-12-30T22:00:59.550" classname="std_basic_observable_multimap_test_suite" />
    <testcase name="test_insert_initializer_list" status="run" result="completed" time="0" timestamp="2021-12-30T22:00:59.550" classname="std_basic_observable_multimap_test_suite" />
    <testcase name="test_erase_position" status="run" result="completed" time="0" timestamp="2021-12-30T22:00:59.550" classname="std_basic_observable_multimap_test_suite" />
    <testcase name="test_erase_value" status="run" result="completed" time="0" timestamp="2021-12-30T22:00:59.551" classname="std_basic_observable_multimap_test_suite" />
    <testcase name="test_erase_range" status="run" result="completed" time="0" timestamp="2021-12-30T22:00:59.551" classname="std_basic_observable_multimap_test_suite" />
    <testcase name="test_swap" status="run" result="completed" time="0" timestamp="2021-12-30T22:00:59.552" classname="std_basic_observable_multimap_test_suite" />
    <testcase name="test_clear" status="run" result="completed" time="0" timestamp="2021-12-30T22:00:59.552" classname="std_basic_observable_multimap_test_suite" />
    <testcase name="test_emplace" status="run" result="completed" time="0" timestamp="2021-12-30T22:00:59.552" classname="std_basic_observable_multimap_test_suite" />
    <testcase name="test_emplace_hint" status="run" result="completed" time="0" timestamp="2021-12-30T22:00:59.553" classname="std_basic_observable_multimap_test_suite" />
  </testsuite>
  <testsuite name="std_basic_observable_multiset_test_suite" tests="11" failures="0" disabled="0" skipped="0" errors="0" time="0.011" timestamp="2021-12-30T22:00:59.553">
    <testcase name="test_insert_single_element" status="run" result="completed" time="0" timestamp="2021-12-30T22:00:59.553" classname="std_basic_observable_multiset_test_suite" />
    <testcase name="test_insert_single_element_with_hint" status="run" result="completed" time="0" timestamp="2021-12-30T22:00:59.554" classname="std_basic_observable_multiset_test_suite" />
    <testcase name="test_insert_range" status="run" result="completed" time="0" timestamp="2021-12-30T22:00:59.554" classname="std_basic_observable_multiset_test_suite" />
    <testcase name="test_insert_initializer_list" status="run" result="completed" time="0" timestamp="2021-12-30T22:00:59.555" classname="std_basic_observable_multiset_test_suite" />
    <testcase name="test_erase_position" status="run" result="completed" time="0" timestamp="2021-12-30T22:00:59.555" classname="std_basic_observable_multiset_test_suite" />
    <testcase name="test_erase_value" status="run" result="completed" time="0" timestamp="2021-12-30T22:00:59.555" classname="std_basic_observable_multiset_test_suite" />
    <testcase name="test_erase_range" status="run" result="completed" time="0" timestamp="2021-12-30T22:00:59.556" classname="std_basic_observable_multiset_test_suite" />
    <testcase name="test_swap" status="run" result="completed" time="0" timestamp="2021-12-30T22:00:59.563" classname="std_basic_observable_multiset_test_suite" />
    <testcase name="test_clear" status="run" result="completed" time="0" timestamp="2021-12-30T22:00:59.564" classname="std_basic_observable_multiset_test_suite" />
    <testcase name="test_emplace" status="run" result="completed" time="0" timestamp="2021-12-30T22:00:59.564" classname="std_basic_observable_multiset_test_suite" />
    <testcase name="test_emplace_hint" status="run" result="completed" time="0" timestamp="2021-12-30T22:00:59.564" classname="std_basic_observable_multiset_test_suite" />
  </testsuite>
  <testsuite name="std_basic_observable_object_lambda_test_suite" tests="1" failures="0" disabled="0" skipped="0" errors="0" time="0.001" timestamp="2021-12-30T22:00:59.565">
    <testcase name="test_observable_object" status="run" result="completed" time="0" timestamp="2021-12-30T22:00:59.565" classname="std_basic_observable_object_lambda_test_suite" />
  </testsuite>
  <testsuite name="std_basic_observable_object_test_suite" tests="1" failures="0" disabled="0" skipped="0" errors="0" time="0" timestamp="2021-12-30T22:00:59.567">
    <testcase name="test_observable_object" status="run" result="completed" time="0" timestamp="2021-12-30T22:00:59.567" classname="std_basic_observable_object_test_suite" />
  </testsuite>
  <testsuite name="std_basic_observable_set_test_suite" tests="11" failures="0" disabled="0" skipped="0" errors="0" time="0.009" timestamp="2021-12-30T22:00:59.568">
    <testcase name="test_insert_single_element" status="run" result="completed" time="0" timestamp="2021-12-30T22:00:59.568" classname="std_basic_observable_set_test_suite" />
    <testcase name="test_insert_single_element_with_hint" status="run" result="completed" time="0" timestamp="2021-12-30T22:00:59.569" classname="std_basic_observable_set_test_suite" />
    <testcase name="test_insert_range" status="run" result="completed" time="0" timestamp="2021-12-30T22:00:59.569" classname="std_basic_observable_set_test_suite" />
    <testcase name="test_insert_initializer_list" status="run" result="completed" time="0" timestamp="2021-12-30T22:00:59.569" classname="std_basic_observable_set_test_suite" />
    <testcase name="test_erase_position" status="run" result="completed" time="0" timestamp="2021-12-30T22:00:59.570" classname="std_basic_observable_set_test_suite" />
    <testcase name="test_erase_value" status="run" result="completed" time="0" timestamp="2021-12-30T22:00:59.570" classname="std_basic_observable_set_test_suite" />
    <testcase name="test_erase_range" status="run" result="completed" time="0" timestamp="2021-12-30T22:00:59.571" classname="std_basic_observable_set_test_suite" />
    <testcase name="test_swap" status="run" result="completed" time="0" timestamp="2021-12-30T22:00:59.575" classname="std_basic_observable_set_test_suite" />
    <testcase name="test_clear" status="run" result="completed" time="0" timestamp="2021-12-30T22:00:59.576" classname="std_basic_observable_set_test_suite" />
    <testcase name="test_emplace" status="run" result="completed" time="0" timestamp="2021-12-30T22:00:59.576" classname="std_basic_observable_set_test_suite" />
    <testcase name="test_emplace_hint" status="run" result="completed" time="0" timestamp="2021-12-30T22:00:59.577" classname="std_basic_observable_set_test_suite" />
  </testsuite>
  <testsuite name="std_basic_observable_unordered_map_test_suite" tests="11" failures="0" disabled="0" skipped="0" errors="0" time="0.006" timestamp="2021-12-30T22:00:59.578">
    <testcase name="test_insert_single_element" status="run" result="completed" time="0" timestamp="2021-12-30T22:00:59.578" classname="std_basic_observable_unordered_map_test_suite" />
    <testcase name="test_insert_single_element_with_hint" status="run" result="completed" time="0" timestamp="2021-12-30T22:00:59.579" classname="std_basic_observable_unordered_map_test_suite" />
    <testcase name="test_insert_range" status="run" result="completed" time="0" timestamp="2021-12-30T22:00:59.579" classname="std_basic_observable_unordered_map_test_suite" />
    <testcase name="test_insert_initializer_list" status="run" result="completed" time="0" timestamp="2021-12-30T22:00:59.580" classname="std_basic_observable_unordered_map_test_suite" />
    <testcase name="test_erase_position" status="run" result="completed" time="0" timestamp="2021-12-30T22:00:59.580" classname="std_basic_observable_unordered_map_test_suite" />
    <testcase name="test_erase_value" status="run" result="completed" time="0" timestamp="2021-12-30T22:00:59.581" classname="std_basic_observable_unordered_map_test_suite" />
    <testcase name="test_erase_range" status="run" result="completed" time="0" timestamp="2021-12-30T22:00:59.581" classname="std_basic_observable_unordered_map_test_suite" />
    <testcase name="test_swap" status="run" result="completed" time="0" timestamp="2021-12-30T22:00:59.582" classname="std_basic_observable_unordered_map_test_suite" />
    <testcase name="test_clear" status="run" result="completed" time="0" timestamp="2021-12-30T22:00:59.582" classname="std_basic_observable_unordered_map_test_suite" />
    <testcase name="test_emplace" status="run" result="completed" time="0" timestamp="2021-12-30T22:00:59.583" classname="std_basic_observable_unordered_map_test_suite" />
    <testcase name="test_emplace_hint" status="run" result="completed" time="0" timestamp="2021-12-30T22:00:59.584" classname="std_basic_observable_unordered_map_test_suite" />
  </testsuite>
  <testsuite name="std_basic_observable_unordered_multimap_test_suite" tests="11" failures="0" disabled="0" skipped="0" errors="0" time="0.011" timestamp="2021-12-30T22:00:59.585">
    <testcase name="test_insert_single_element" status="run" result="completed" time="0" timestamp="2021-12-30T22:00:59.585" classname="std_basic_observable_unordered_multimap_test_suite" />
    <testcase name="test_insert_single_element_with_hint" status="run" result="completed" time="0" timestamp="2021-12-30T22:00:59.585" classname="std_basic_observable_unordered_multimap_test_suite" />
    <testcase name="test_insert_range" status="run" result="completed" time="0" timestamp="2021-12-30T22:00:59.586" classname="std_basic_observable_unordered_multimap_test_suite" />
    <testcase name="test_insert_initializer_list" status="run" result="completed" time="0" timestamp="2021-12-30T22:00:59.586" classname="std_basic_observable_unordered_multimap_test_suite" />
    <testcase name="test_erase_position" status="run" result="completed" time="0" timestamp="2021-12-30T22:00:59.592" classname="std_basic_observable_unordered_multimap_test_suite" />
    <testcase name="test_erase_value" status="run" result="completed" time="0" timestamp="2021-12-30T22:00:59.593" classname="std_basic_observable_unordered_multimap_test_suite" />
    <testcase name="test_erase_range" status="run" result="completed" time="0" timestamp="2021-12-30T22:00:59.594" classname="std_basic_observable_unordered_multimap_test_suite" />
    <testcase name="test_swap" status="run" result="completed" time="0" timestamp="2021-12-30T22:00:59.594" classname="std_basic_observable_unordered_multimap_test_suite" />
    <testcase name="test_clear" status="run" result="completed" time="0" timestamp="2021-12-30T22:00:59.595" classname="std_basic_observable_unordered_multimap_test_suite" />
    <testcase name="test_emplace" status="run" result="completed" time="0" timestamp="2021-12-30T22:00:59.596" classname="std_basic_observable_unordered_multimap_test_suite" />
    <testcase name="test_emplace_hint" status="run" result="completed" time="0" timestamp="2021-12-30T22:00:59.596" classname="std_basic_observable_unordered_multimap_test_suite" />
  </testsuite>
  <testsuite name="std_basic_observable_unordered_multiset_test_suite" tests="11" failures="0" disabled="0" skipped="0" errors="0" time="0.01" timestamp="2021-12-30T22:00:59.597">
    <testcase name="test_insert_single_element" status="run" result="completed" time="0" timestamp="2021-12-30T22:00:59.597" classname="std_basic_observable_unordered_multiset_test_suite" />
    <testcase name="test_insert_single_element_with_hint" status="run" result="completed" time="0" timestamp="2021-12-30T22:00:59.598" classname="std_basic_observable_unordered_multiset_test_suite" />
    <testcase name="test_insert_range" status="run" result="completed" time="0" timestamp="2021-12-30T22:00:59.598" classname="std_basic_observable_unordered_multiset_test_suite" />
    <testcase name="test_insert_initializer_list" status="run" result="completed" time="0" timestamp="2021-12-30T22:00:59.599" classname="std_basic_observable_unordered_multiset_test_suite" />
    <testcase name="test_erase_position" status="run" result="completed" time="0" timestamp="2021-12-30T22:00:59.599" classname="std_basic_observable_unordered_multiset_test_suite" />
    <testcase name="test_erase_value" status="run" result="completed" time="0" timestamp="2021-12-30T22:00:59.600" classname="std_basic_observable_unordered_multiset_test_suite" />
    <testcase name="test_erase_range" status="run" result="completed" time="0" timestamp="2021-12-30T22:00:59.601" classname="std_basic_observable_unordered_multiset_test_suite" />
    <testcase name="test_swap" status="run" result="completed" time="0" timestamp="2021-12-30T22:00:59.601" classname="std_basic_observable_unordered_multiset_test_suite" />
    <testcase name="test_clear" status="run" result="completed" time="0" timestamp="2021-12-30T22:00:59.602" classname="std_basic_observable_unordered_multiset_test_suite" />
    <testcase name="test_emplace" status="run" result="completed" time="0" timestamp="2021-12-30T22:00:59.602" classname="std_basic_observable_unordered_multiset_test_suite" />
    <testcase name="test_emplace_hint" status="run" result="completed" time="0" timestamp="2021-12-30T22:00:59.607" classname="std_basic_observable_unordered_multiset_test_suite" />
  </testsuite>
  <testsuite name="std_basic_observable_unordered_set_test_suite" tests="11" failures="0" disabled="0" skipped="0" errors="0" time="0.005" timestamp="2021-12-30T22:00:59.608">
    <testcase name="test_insert_single_element" status="run" result="completed" time="0" timestamp="2021-12-30T22:00:59.608" classname="std_basic_observable_unordered_set_test_suite" />
    <testcase name="test_insert_single_element_with_hint" status="run" result="completed" time="0" timestamp="2021-12-30T22:00:59.609" classname="std_basic_observable_unordered_set_test_suite" />
    <testcase name="test_insert_range" status="run" result="completed" time="0" timestamp="2021-12-30T22:00:59.609" classname="std_basic_observable_unordered_set_test_suite" />
    <testcase name="test_insert_initializer_list" status="run" result="completed" time="0" timestamp="2021-12-30T22:00:59.610" classname="std_basic_observable_unordered_set_test_suite" />
    <testcase name="test_erase_position" status="run" result="completed" time="0" timestamp="2021-12-30T22:00:59.610" classname="std_basic_observable_unordered_set_test_suite" />
    <testcase name="test_erase_value" status="run" result="completed" time="0" timestamp="2021-12-30T22:00:59.611" classname="std_basic_observable_unordered_set_test_suite" />
    <testcase name="test_erase_range" status="run" result="completed" time="0" timestamp="2021-12-30T22:00:59.611" classname="std_basic_observable_unordered_set_test_suite" />
    <testcase name="test_swap" status="run" result="completed" time="0" timestamp="2021-12-30T22:00:59.612" classname="std_basic_observable_unordered_set_test_suite" />
    <testcase name="test_clear" status="run" result="completed" time="0" timestamp="2021-12-30T22:00:59.612" classname="std_basic_observable_unordered_set_test_suite" />
    <testcase name="test_emplace" status="run" result="completed" time="0" timestamp="2021-12-30T22:00:59.613" classname="std_basic_observable_unordered_set_test_suite" />
    <testcase name="test_emplace_hint" status="run" result="completed" time="0" timestamp="2021-12-30T22:00:59.613" classname="std_basic_observable_unordered_set_test_suite" />
  </testsuite>
  <testsuite name="std_basic_observable_vector_test_suite" tests="12" failures="0" disabled="0" skipped="0" errors="0" time="0.011" timestamp="2021-12-30T22:00:59.614">
    <testcase name="test_assign_range" status="run" result="completed" time="0" timestamp="2021-12-30T22:00:59.614" classname="std_basic_observable_vector_test_suite" />
    <testcase name="test_assign_initializer_list" status="run" result="completed" time="0" timestamp="2021-12-30T22:00:59.615" classname="std_basic_observable_vector_test_suite" />
    <testcase name="test_assign_fill" status="run" result="completed" time="0" timestamp="2021-12-30T22:00:59.615" classname="std_basic_observable_vector_test_suite" />
    <testcase name="test_push_back" status="run" result="completed" time="0" timestamp="2021-12-30T22:00:59.616" classname="std_basic_observable_vector_test_suite" />
    <testcase name="test_pop_back" status="run" result="completed" time="0" timestamp="2021-12-30T22:00:59.616" classname="std_basic_observable_vector_test_suite" />
    <testcase name="test_insert_single_element" status="run" result="completed" time="0" timestamp="2021-12-30T22:00:59.617" classname="std_basic_observable_vector_test_suite" />
    <testcase name="test_insert_fill" status="run" result="completed" time="0" timestamp="2021-12-30T22:00:59.622" classname="std_basic_observable_vector_test_suite" />
    <testcase name="test_insert_range" status="run" result="completed" time="0" timestamp="2021-12-30T22:00:59.623" classname="std_basic_observable_vector_test_suite" />
    <testcase name="test_erase_position" status="run" result="completed" time="0" timestamp="2021-12-30T22:00:59.623" classname="std_basic_observable_vector_test_suite" />
    <testcase name="test_erase_range" status="run" result="completed" time="0" timestamp="2021-12-30T22:00:59.624" classname="std_basic_observable_vector_test_suite" />
    <testcase name="test_swap" status="run" result="completed" time="0" timestamp="2021-12-30T22:00:59.625" classname="std_basic_observable_vector_test_suite" />
    <testcase name="test_clear" status="run" result="completed" time="0" timestamp="2021-12-30T22:00:59.626" classname="std_basic_observable_vector_test_suite" />
  </testsuite>
  <testsuite name="std_basic_relay_command_test_suite" tests="1" failures="0" disabled="0" skipped="0" errors="0" time="0" timestamp="2021-12-30T22:00:59.626">
    <testcase name="test_relay_command" status="run" result="completed" time="0" timestamp="2021-12-30T22:00:59.627" classname="std_basic_relay_command_test_suite" />
  </testsuite>
  <testsuite name="std_command_execution_observer_test_suite" tests="2" failures="0" disabled="0" skipped="0" errors="0" time="0.001" timestamp="2021-12-30T22:00:59.627">
    <testcase name="test_execute_command" status="run" result="completed" time="0" timestamp="2021-12-30T22:00:59.627" classname="std_command_execution_observer_test_suite" />
    <testcase name="test_post_command" status="run" result="completed" time="0" timestamp="2021-12-30T22:00:59.628" classname="std_command_execution_observer_test_suite" />
  </testsuite>
  <testsuite name="std_command_manager_lambda_test_suite" tests="2" failures="0" disabled="0" skipped="0" errors="0" time="0.001" timestamp="2021-12-30T22:00:59.629">
    <testcase name="test_command_manager" status="run" result="completed" time="0" timestamp="2021-12-30T22:00:59.629" classname="std_command_manager_lambda_test_suite" />
    <testcase name="test_spaceship_observer" status="run" result="completed" time="0" timestamp="2021-12-30T22:00:59.630" classname="std_command_manager_lambda_test_suite" />
  </testsuite>
  <testsuite name="std_command_manager_test_suite" tests="2" failures="0" disabled="0" skipped="0" errors="0" time="0.001" timestamp="2021-12-30T22:00:59.630">
    <testcase name="test_command_manager" status="run" result="completed" time="0" timestamp="2021-12-30T22:00:59.630" classname="std_command_manager_test_suite" />
    <testcase name="test_spaceship_observer" status="run" result="completed" time="0" timestamp="2021-12-30T22:00:59.631" classname="std_command_manager_test_suite" />
  </testsuite>
  <testsuite name="std_command_test_suite" tests="1" failures="0" disabled="0" skipped="0" errors="0" time="0" timestamp="2021-12-30T22:00:59.632">
    <testcase name="test_command" status="run" result="completed" time="0" timestamp="2021-12-30T22:00:59.632" classname="std_command_test_suite" />
  </testsuite>
  <testsuite name="std_event_manager_test_suite" tests="1" failures="0" disabled="0" skipped="0" errors="0" time="0.005" timestamp="2021-12-30T22:00:59.633">
    <testcase name="test_command_manager" status="run" result="completed" time="0" timestamp="2021-12-30T22:00:59.638" classname="std_event_manager_test_suite" />
  </testsuite>
  <testsuite name="std_observable_array_test_suite" tests="1" failures="0" disabled="0" skipped="0" errors="0" time="0" timestamp="2021-12-30T22:00:59.639">
    <testcase name="test_create" status="run" result="completed" time="0" timestamp="2021-12-30T22:00:59.639" classname="std_observable_array_test_suite" />
  </testsuite>
  <testsuite name="std_observable_deque_test_suite" tests="14" failures="0" disabled="0" skipped="0" errors="0" time="0.007" timestamp="2021-12-30T22:00:59.640">
    <testcase name="test_assign_range" status="run" result="completed" time="0" timestamp="2021-12-30T22:00:59.640" classname="std_observable_deque_test_suite" />
    <testcase name="test_assign_initializer_list" status="run" result="completed" time="0" timestamp="2021-12-30T22:00:59.641" classname="std_observable_deque_test_suite" />
    <testcase name="test_assign_fill" status="run" result="completed" time="0" timestamp="2021-12-30T22:00:59.642" classname="std_observable_deque_test_suite" />
    <testcase name="test_push_back" status="run" result="completed" time="0" timestamp="2021-12-30T22:00:59.642" classname="std_observable_deque_test_suite" />
    <testcase name="test_push_front" status="run" result="completed" time="0" timestamp="2021-12-30T22:00:59.643" classname="std_observable_deque_test_suite" />
    <testcase name="test_pop_back" status="run" result="completed" time="0" timestamp="2021-12-30T22:00:59.643" classname="std_observable_deque_test_suite" />
    <testcase name="test_pop_front" status="run" result="completed" time="0" timestamp="2021-12-30T22:00:59.644" classname="std_observable_deque_test_suite" />
    <testcase name="test_insert_single_element" status="run" result="completed" time="0" timestamp="2021-12-30T22:00:59.644" classname="std_observable_deque_test_suite" />
    <testcase name="test_insert_fill" status="run" result="completed" time="0" timestamp="2021-12-30T22:00:59.645" classname="std_observable_deque_test_suite" />
    <testcase name="test_insert_range" status="run" result="completed" time="0" timestamp="2021-12-30T22:00:59.645" classname="std_observable_deque_test_suite" />
    <testcase name="test_erase_position" status="run" result="completed" time="0" timestamp="2021-12-30T22:00:59.646" classname="std_observable_deque_test_suite" />
    <testcase name="test_erase_range" status="run" result="completed" time="0" timestamp="2021-12-30T22:00:59.646" classname="std_observable_deque_test_suite" />
    <testcase name="test_swap" status="run" result="completed" time="0" timestamp="2021-12-30T22:00:59.647" classname="std_observable_deque_test_suite" />
    <testcase name="test_clear" status="run" result="completed" time="0" timestamp="2021-12-30T22:00:59.647" classname="std_observable_deque_test_suite" />
  </testsuite>
  <testsuite name="std_observable_forward_list_test_suite" tests="21" failures="0" disabled="0" skipped="0" errors="0" time="0.024" timestamp="2021-12-30T22:00:59.648">
    <testcase name="test_assign_range" status="run" result="completed" time="0" timestamp="2021-12-30T22:00:59.648" classname="std_observable_forward_list_test_suite" />
    <testcase name="test_assign_initializer_list" status="run" result="completed" time="0" timestamp="2021-12-30T22:00:59.655" classname="std_observable_forward_list_test_suite" />
    <testcase name="test_assign_fill" status="run" result="completed" time="0" timestamp="2021-12-30T22:00:59.656" classname="std_observable_forward_list_test_suite" />
    <testcase name="test_push_front" status="run" result="completed" time="0" timestamp="2021-12-30T22:00:59.657" classname="std_observable_forward_list_test_suite" />
    <testcase name="test_pop_front" status="run" result="completed" time="0" timestamp="2021-12-30T22:00:59.658" classname="std_observable_forward_list_test_suite" />
    <testcase name="test_insert_after_single_element" status="run" result="completed" time="0" timestamp="2021-12-30T22:00:59.658" classname="std_observable_forward_list_test_suite" />
    <testcase name="test_insert_after_fill" status="run" result="completed" time="0" timestamp="2021-12-30T22:00:59.659" classname="std_observable_forward_list_test_suite" />
    <testcase name="test_insert_after_range" status="run" result="completed" time="0" timestamp="2021-12-30T22:00:59.659" classname="std_observable_forward_list_test_suite" />
    <testcase name="test_erase_after_position" status="run" result="completed" time="0" timestamp="2021-12-30T22:00:59.660" classname="std_observable_forward_list_test_suite" />
    <testcase name="test_erase_range" status="run" result="completed" time="0" timestamp="2021-12-30T22:00:59.660" classname="std_observable_forward_list_test_suite" />
    <testcase name="test_swap" status="run" result="completed" time="0" timestamp="2021-12-30T22:00:59.661" classname="std_observable_forward_list_test_suite" />
    <testcase name="test_clear" status="run" result="completed" time="0" timestamp="2021-12-30T22:00:59.661" classname="std_observable_forward_list_test_suite" />
    <testcase name="test_splice_after_entire_container" status="run" result="completed" time="0" timestamp="2021-12-30T22:00:59.662" classname="std_observable_forward_list_test_suite" />
    <testcase name="test_splice_after_single_element" status="run" result="completed" time="0" timestamp="2021-12-30T22:00:59.662" classname="std_observable_forward_list_test_suite" />
    <testcase name="test_splice_after_element_range" status="run" result="completed" time="0" timestamp="2021-12-30T22:00:59.663" classname="std_observable_forward_list_test_suite" />
    <testcase name="test_remove" status="run" result="completed" time="0" timestamp="2021-12-30T22:00:59.663" classname="std_observable_forward_list_test_suite" />
    <testcase name="test_remove_if" status="run" result="completed" time="0" timestamp="2021-12-30T22:00:59.664" classname="std_observable_forward_list_test_suite" />
    <testcase name="test_unique" status="run" result="completed" time="0" timestamp="2021-12-30T22:00:59.670" classname="std_observable_forward_list_test_suite" />
    <testcase name="test_unique_binary_predicate" status="run" result="completed" time="0" timestamp="2021-12-30T22:00:59.670" classname="std_observable_forward_list_test_suite" />
    <testcase name="test_merge" status="run" result="completed" time="0" timestamp="2021-12-30T22:00:59.671" classname="std_observable_forward_list_test_suite" />
    <testcase name="test_merge_compare_predicate" status="run" result="completed" time="0" timestamp="2021-12-30T22:00:59.672" classname="std_observable_forward_list_test_suite" />
  </testsuite>
  <testsuite name="std_observable_list_test_suite" tests="23" failures="0" disabled="0" skipped="0" errors="0" time="0.017" timestamp="2021-12-30T22:00:59.673">
    <testcase name="test_assign_range" status="run" result="completed" time="0" timestamp="2021-12-30T22:00:59.674" classname="std_observable_list_test_suite" />
    <testcase name="test_assign_initializer_list" status="run" result="completed" time="0" timestamp="2021-12-30T22:00:59.674" classname="std_observable_list_test_suite" />
    <testcase name="test_assign_fill" status="run" result="completed" time="0" timestamp="2021-12-30T22:00:59.675" classname="std_observable_list_test_suite" />
    <testcase name="test_push_back" status="run" result="completed" time="0" timestamp="2021-12-30T22:00:59.675" classname="std_observable_list_test_suite" />
    <testcase name="test_push_front" status="run" result="completed" time="0" timestamp="2021-12-30T22:00:59.676" classname="std_observable_list_test_suite" />
    <testcase name="test_pop_back" status="run" result="completed" time="0" timestamp="2021-12-30T22:00:59.676" classname="std_observable_list_test_suite" />
    <testcase name="test_pop_front" status="run" result="completed" time="0" timestamp="2021-12-30T22:00:59.677" classname="std_observable_list_test_suite" />
    <testcase name="test_insert_single_element" status="run" result="completed" time="0" timestamp="2021-12-30T22:00:59.677" classname="std_observable_list_test_suite" />
    <testcase name="test_insert_fill" status="run" result="completed" time="0" timestamp="2021-12-30T22:00:59.678" classname="std_observable_list_test_suite" />
    <testcase name="test_insert_range" status="run" result="completed" time="0" timestamp="2021-12-30T22:00:59.678" classname="std_observable_list_test_suite" />
    <testcase name="test_erase_position" status="run" result="completed" time="0" timestamp="2021-12-30T22:00:59.678" classname="std_observable_list_test_suite" />
    <testcase name="test_erase_range" status="run" result="completed" time="0" timestamp="2021-12-30T22:00:59.679" classname="std_observable_list_test_suite" />
    <testcase name="test_swap" status="run" result="completed" time="0" timestamp="2021-12-30T22:00:59.679" classname="std_observable_list_test_suite" />
    <testcase name="test_clear" status="run" result="completed" time="0" timestamp="2021-12-30T22:00:59.680" classname="std_observable_list_test_suite" />
    <testcase name="test_splice_entire_container" status="run" result="completed" time="0" timestamp="2021-12-30T22:00:59.687" classname="std_observable_list_test_suite" />
    <testcase name="test_splice_single_element" status="run" result="completed" time="0" timestamp="2021-12-30T22:00:59.688" classname="std_observable_list_test_suite" />
    <testcase name="test_splice_element_range" status="run" result="completed" time="0" timestamp="2021-12-30T22:00:59.688" classname="std_observable_list_test_suite" />
    <testcase name="test_remove" status="run" result="completed" time="0" timestamp="2021-12-30T22:00:59.689" classname="std_observable_list_test_suite" />
    <testcase name="test_remove_if" status="run" result="completed" time="0" timestamp="2021-12-30T22:00:59.689" classname="std_observable_list_test_suite" />
    <testcase name="test_unique" status="run" result="completed" time="0" timestamp="2021-12-30T22:00:59.690" classname="std_observable_list_test_suite" />
    <testcase name="test_unique_binary_predicate" status="run" result="completed" time="0" timestamp="2021-12-30T22:00:59.690" classname="std_observable_list_test_suite" />
    <testcase name="test_merge" status="run" result="completed" time="0" timestamp="2021-12-30T22:00:59.690" classname="std_observable_list_test_suite" />
    <testcase name="test_merge_compare_predicate" status="run" result="completed" time="0" timestamp="2021-12-30T22:00:59.691" classname="std_observable_list_test_suite" />
  </testsuite>
  <testsuite name="std_observable_map_test_suite" tests="11" failures="0" disabled="0" skipped="0" errors="0" time="0.004" timestamp="2021-12-30T22:00:59.691">
    <testcase name="test_insert_single_element" status="run" result="completed" time="0" timestamp="2021-12-30T22:00:59.691" classname="std_observable_map_test_suite" />
    <testcase name="test_insert_single_element_with_hint" status="run" result="completed" time="0" timestamp="2021-12-30T22:00:59.692" classname="std_observable_map_test_suite" />
    <testcase name="test_insert_range" status="run" result="completed" time="0" timestamp="2021-12-30T22:00:59.692" classname="std_observable_map_test_suite" />
    <testcase name="test_insert_initializer_list" status="run" result="completed" time="0" timestamp="2021-12-30T22:00:59.693" classname="std_observable_map_test_suite" />
    <testcase name="test_erase_position" status="run" result="completed" time="0" timestamp="2021-12-30T22:00:59.693" classname="std_observable_map_test_suite" />
    <testcase name="test_erase_value" status="run" result="completed" time="0" timestamp="2021-12-30T22:00:59.693" classname="std_observable_map_test_suite" />
    <testcase name="test_erase_range" status="run" result="completed" time="0" timestamp="2021-12-30T22:00:59.694" classname="std_observable_map_test_suite" />
    <testcase name="test_swap" status="run" result="completed" time="0" timestamp="2021-12-30T22:00:59.694" classname="std_observable_map_test_suite" />
    <testcase name="test_clear" status="run" result="completed" time="0" timestamp="2021-12-30T22:00:59.694" classname="std_observable_map_test_suite" />
    <testcase name="test_emplace" status="run" result="completed" time="0" timestamp="2021-12-30T22:00:59.695" classname="std_observable_map_test_suite" />
    <testcase name="test_emplace_hint" status="run" result="completed" time="0" timestamp="2021-12-30T22:00:59.695" classname="std_observable_map_test_suite" />
  </testsuite>
  <testsuite name="std_observable_multimap_test_suite" tests="11" failures="0" disabled="0" skipped="0" errors="0" time="0.011" timestamp="2021-12-30T22:00:59.696">
    <testcase name="test_insert_single_element" status="run" result="completed" time="0" timestamp="2021-12-30T22:00:59.696" classname="std_observable_multimap_test_suite" />
    <testcase name="test_insert_single_element_with_hint" status="run" result="completed" time="0" timestamp="2021-12-30T22:00:59.703" classname="std_observable_multimap_test_suite" />
    <testcase name="test_insert_range" status="run" result="completed" time="0" timestamp="2021-12-30T22:00:59.704" classname="std_observable_multimap_test_suite" />
    <testcase name="test_insert_initializer_list" status="run" result="completed" time="0" timestamp="2021-12-30T22:00:59.704" classname="std_observable_multimap_test_suite" />
    <testcase name="test_erase_position" status="run" result="completed" time="0" timestamp="2021-12-30T22:00:59.704" classname="std_observable_multimap_test_suite" />
    <testcase name="test_erase_value" status="run" result="completed" time="0" timestamp="2021-12-30T22:00:59.705" classname="std_observable_multimap_test_suite" />
    <testcase name="test_erase_range" status="run" result="completed" time="0" timestamp="2021-12-30T22:00:59.705" classname="std_observable_multimap_test_suite" />
    <testcase name="test_swap" status="run" result="completed" time="0" timestamp="2021-12-30T22:00:59.706" classname="std_observable_multimap_test_suite" />
    <testcase name="test_clear" status="run" result="completed" time="0" timestamp="2021-12-30T22:00:59.706" classname="std_observable_multimap_test_suite" />
    <testcase name="test_emplace" status="run" result="completed" time="0" timestamp="2021-12-30T22:00:59.706" classname="std_observable_multimap_test_suite" />
    <testcase name="test_emplace_hint" status="run" result="completed" time="0" timestamp="2021-12-30T22:00:59.707" classname="std_observable_multimap_test_suite" />
  </testsuite>
  <testsuite name="std_observable_multiset_test_suite" tests="11" failures="0" disabled="0" skipped="0" errors="0" time="0.004" timestamp="2021-12-30T22:00:59.707">
    <testcase name="test_insert_single_element" status="run" result="completed" time="0" timestamp="2021-12-30T22:00:59.707" classname="std_observable_multiset_test_suite" />
    <testcase name="test_insert_single_element_with_hint" status="run" result="completed" time="0" timestamp="2021-12-30T22:00:59.708" classname="std_observable_multiset_test_suite" />
    <testcase name="test_insert_range" status="run" result="completed" time="0" timestamp="2021-12-30T22:00:59.708" classname="std_observable_multiset_test_suite" />
    <testcase name="test_insert_initializer_list" status="run" result="completed" time="0" timestamp="2021-12-30T22:00:59.709" classname="std_observable_multiset_test_suite" />
    <testcase name="test_erase_position" status="run" result="completed" time="0" timestamp="2021-12-30T22:00:59.709" classname="std_observable_multiset_test_suite" />
    <testcase name="test_erase_value" status="run" result="completed" time="0" timestamp="2021-12-30T22:00:59.709" classname="std_observable_multiset_test_suite" />
    <testcase name="test_erase_range" status="run" result="completed" time="0" timestamp="2021-12-30T22:00:59.710" classname="std_observable_multiset_test_suite" />
    <testcase name="test_swap" status="run" result="completed" time="0" timestamp="2021-12-30T22:00:59.710" classname="std_observable_multiset_test_suite" />
    <testcase name="test_clear" status="run" result="completed" time="0" timestamp="2021-12-30T22:00:59.710" classname="std_observable_multiset_test_suite" />
    <testcase name="test_emplace" status="run" result="completed" time="0" timestamp="2021-12-30T22:00:59.711" classname="std_observable_multiset_test_suite" />
    <testcase name="test_emplace_hint" status="run" result="completed" time="0" timestamp="2021-12-30T22:00:59.711" classname="std_observable_multiset_test_suite" />
  </testsuite>
  <testsuite name="std_observable_object_lambda_test_suite" tests="1" failures="0" disabled="0" skipped="0" errors="0" time="0.006" timestamp="2021-12-30T22:00:59.712">
    <testcase name="test_observable_object" status="run" result="completed" time="0" timestamp="2021-12-30T22:00:59.712" classname="std_observable_object_lambda_test_suite" />
  </testsuite>
  <testsuite name="std_observable_object_test_suite" tests="1" failures="0" disabled="0" skipped="0" errors="0" time="0" timestamp="2021-12-30T22:00:59.719">
    <testcase name="test_observable_object" status="run" result="completed" time="0" timestamp="2021-12-30T22:00:59.719" classname="std_observable_object_test_suite" />
  </testsuite>
  <testsuite name="std_observable_set_test_suite" tests="11" failures="0" disabled="0" skipped="0" errors="0" time="0.004" timestamp="2021-12-30T22:00:59.720">
    <testcase name="test_insert_single_element" status="run" result="completed" time="0" timestamp="2021-12-30T22:00:59.720" classname="std_observable_set_test_suite" />
    <testcase name="test_insert_single_element_with_hint" status="run" result="completed" time="0" timestamp="2021-12-30T22:00:59.720" classname="std_observable_set_test_suite" />
    <testcase name="test_insert_range" status="run" result="completed" time="0" timestamp="2021-12-30T22:00:59.721" classname="std_observable_set_test_suite" />
    <testcase name="test_insert_initializer_list" status="run" result="completed" time="0" timestamp="2021-12-30T22:00:59.721" classname="std_observable_set_test_suite" />
    <testcase name="test_erase_position" status="run" result="completed" time="0" timestamp="2021-12-30T22:00:59.722" classname="std_observable_set_test_suite" />
    <testcase name="test_erase_value" status="run" result="completed" time="0" timestamp="2021-12-30T22:00:59.722" classname="std_observable_set_test_suite" />
    <testcase name="test_erase_range" status="run" result="completed" time="0" timestamp="2021-12-30T22:00:59.722" classname="std_observable_set_test_suite" />
    <testcase name="test_swap" status="run" result="completed" time="0" timestamp="2021-12-30T22:00:59.723" classname="std_observable_set_test_suite" />
    <testcase name="test_clear" status="run" result="completed" time="0" timestamp="2021-12-30T22:00:59.723" classname="std_observable_set_test_suite" />
    <testcase name="test_emplace" status="run" result="completed" time="0" timestamp="2021-12-30T22:00:59.723" classname="std_observable_set_test_suite" />
    <testcase name="test_emplace_hint" status="run" result="completed" time="0" timestamp="2021-12-30T22:00:59.724" classname="std_observable_set_test_suite" />
  </testsuite>
  <testsuite name="std_observable_unordered_map_test_suite" tests="11" failures="0" disabled="0" skipped="0" errors="0" time="0.011" timestamp="2021-12-30T22:00:59.724">
    <testcase name="test_insert_single_element" status="run" result="completed" time="0" timestamp="2021-12-30T22:00:59.725" classname="std_observable_unordered_map_test_suite" />
    <testcase name="test_insert_single_element_with_hint" status="run" result="completed" time="0" timestamp="2021-12-30T22:00:59.725" classname="std_observable_unordered_map_test_suite" />
    <testcase name="test_insert_range" status="run" result="completed" time="0" timestamp="2021-12-30T22:00:59.725" classname="std_observable_unordered_map_test_suite" />
    <testcase name="test_insert_initializer_list" status="run" result="completed" time="0" timestamp="2021-12-30T22:00:59.726" classname="std_observable_unordered_map_test_suite" />
    <testcase name="test_erase_position" status="run" result="completed" time="0" timestamp="2021-12-30T22:00:59.726" classname="std_observable_unordered_map_test_suite" />
    <testcase name="test_erase_value" status="run" result="completed" time="0" timestamp="2021-12-30T22:00:59.726" classname="std_observable_unordered_map_test_suite" />
    <testcase name="test_erase_range" status="run" result="completed" time="0" timestamp="2021-12-30T22:00:59.727" classname="std_observable_unordered_map_test_suite" />
    <testcase name="test_swap" status="run" result="completed" time="0" timestamp="2021-12-30T22:00:59.727" classname="std_observable_unordered_map_test_suite" />
    <testcase name="test_clear" status="run" result="completed" time="0" timestamp="2021-12-30T22:00:59.728" classname="std_observable_unordered_map_test_suite" />
    <testcase name="test_emplace" status="run" result="completed" time="0" timestamp="2021-12-30T22:00:59.728" classname="std_observable_unordered_map_test_suite" />
    <testcase name="test_emplace_hint" status="run" result="completed" time="0" timestamp="2021-12-30T22:00:59.735" classname="std_observable_unordered_map_test_suite" />
  </testsuite>
  <testsuite name="std_observable_unordered_multimap_test_suite" tests="11" failures="0" disabled="0" skipped="0" errors="0" time="0.004" timestamp="2021-12-30T22:00:59.736">
    <testcase name="test_insert_single_element" status="run" result="completed" time="0" timestamp="2021-12-30T22:00:59.736" classname="std_observable_unordered_multimap_test_suite" />
    <testcase name="test_insert_single_element_with_hint" status="run" result="completed" time="0" timestamp="2021-12-30T22:00:59.736" classname="std_observable_unordered_multimap_test_suite" />
    <testcase name="test_insert_range" status="run" result="completed" time="0" timestamp="2021-12-30T22:00:59.737" classname="std_observable_unordered_multimap_test_suite" />
    <testcase name="test_insert_initializer_list" status="run" result="completed" time="0" timestamp="2021-12-30T22:00:59.737" classname="std_observable_unordered_multimap_test_suite" />
    <testcase name="test_erase_position" status="run" result="completed" time="0" timestamp="2021-12-30T22:00:59.738" classname="std_observable_unordered_multimap_test_suite" />
    <testcase name="test_erase_value" status="run" result="completed" time="0" timestamp="2021-12-30T22:00:59.738" classname="std_observable_unordered_multimap_test_suite" />
    <testcase name="test_erase_range" status="run" result="completed" time="0" timestamp="2021-12-30T22:00:59.738" classname="std_observable_unordered_multimap_test_suite" />
    <testcase name="test_swap" status="run" result="completed" time="0" timestamp="2021-12-30T22:00:59.739" classname="std_observable_unordered_multimap_test_suite" />
    <testcase name="test_clear" status="run" result="completed" time="0" timestamp="2021-12-30T22:00:59.739" classname="std_observable_unordered_multimap_test_suite" />
    <testcase name="test_emplace" status="run" result="completed" time="0" timestamp="2021-12-30T22:00:59.739" classname="std_observable_unordered_multimap_test_suite" />
    <testcase name="test_emplace_hint" status="run" result="completed" time="0" timestamp="2021-12-30T22:00:59.740" classname="std_observable_unordered_multimap_test_suite" />
  </testsuite>
  <testsuite name="std_observable_unordered_multiset_test_suite" tests="11" failures="0" disabled="0" skipped="0" errors="0" time="0.01" timestamp="2021-12-30T22:00:59.741">
    <testcase name="test_insert_single_element" status="run" result="completed" time="0" timestamp="2021-12-30T22:00:59.741" classname="std_observable_unordered_multiset_test_suite" />
    <testcase name="test_insert_single_element_with_hint" status="run" result="completed" time="0" timestamp="2021-12-30T22:00:59.741" classname="std_observable_unordered_multiset_test_suite" />
    <testcase name="test_insert_range" status="run" result="completed" time="0" timestamp="2021-12-30T22:00:59.742" classname="std_observable_unordered_multiset_test_suite" />
    <testcase name="test_insert_initializer_list" status="run" result="completed" time="0" timestamp="2021-12-30T22:00:59.743" classname="std_observable_unordered_multiset_test_suite" />
    <testcase name="test_erase_position" status="run" result="completed" time="0" timestamp="2021-12-30T22:00:59.747" classname="std_observable_unordered_multiset_test_suite" />
    <testcase name="test_erase_value" status="run" result="completed" time="0" timestamp="2021-12-30T22:00:59.748" classname="std_observable_unordered_multiset_test_suite" />
    <testcase name="test_erase_range" status="run" result="completed" time="0" timestamp="2021-12-30T22:00:59.748" classname="std_observable_unordered_multiset_test_suite" />
    <testcase name="test_swap" status="run" result="completed" time="0" timestamp="2021-12-30T22:00:59.749" classname="std_observable_unordered_multiset_test_suite" />
    <testcase name="test_clear" status="run" result="completed" time="0" timestamp="2021-12-30T22:00:59.750" classname="std_observable_unordered_multiset_test_suite" />
    <testcase name="test_emplace" status="run" result="completed" time="0" timestamp="2021-12-30T22:00:59.750" classname="std_observable_unordered_multiset_test_suite" />
    <testcase name="test_emplace_hint" status="run" result="completed" time="0" timestamp="2021-12-30T22:00:59.750" classname="std_observable_unordered_multiset_test_suite" />
  </testsuite>
  <testsuite name="std_observable_unordered_set_test_suite" tests="11" failures="0" disabled="0" skipped="0" errors="0" time="0.004" timestamp="2021-12-30T22:00:59.751">
    <testcase name="test_insert_single_element" status="run" result="completed" time="0" timestamp="2021-12-30T22:00:59.751" classname="std_observable_unordered_set_test_suite" />
    <testcase name="test_insert_single_element_with_hint" status="run" result="completed" time="0" timestamp="2021-12-30T22:00:59.752" classname="std_observable_unordered_set_test_suite" />
    <testcase name="test_insert_range" status="run" result="completed" time="0" timestamp="2021-12-30T22:00:59.752" classname="std_observable_unordered_set_test_suite" />
    <testcase name="test_insert_initializer_list" status="run" result="completed" time="0" timestamp="2021-12-30T22:00:59.752" classname="std_observable_unordered_set_test_suite" />
    <testcase name="test_erase_position" status="run" result="completed" time="0" timestamp="2021-12-30T22:00:59.753" classname="std_observable_unordered_set_test_suite" />
    <testcase name="test_erase_value" status="run" result="completed" time="0" timestamp="2021-12-30T22:00:59.753" classname="std_observable_unordered_set_test_suite" />
    <testcase name="test_erase_range" status="run" result="completed" time="0" timestamp="2021-12-30T22:00:59.753" classname="std_observable_unordered_set_test_suite" />
    <testcase name="test_swap" status="run" result="completed" time="0" timestamp="2021-12-30T22:00:59.754" classname="std_observable_unordered_set_test_suite" />
    <testcase name="test_clear" status="run" result="completed" time="0" timestamp="2021-12-30T22:00:59.754" classname="std_observable_unordered_set_test_suite" />
    <testcase name="test_emplace" status="run" result="completed" time="0" timestamp="2021-12-30T22:00:59.755" classname="std_observable_unordered_set_test_suite" />
    <testcase name="test_emplace_hint" status="run" result="completed" time="0" timestamp="2021-12-30T22:00:59.755" classname="std_observable_unordered_set_test_suite" />
  </testsuite>
  <testsuite name="std_observable_vector_test_suite" tests="12" failures="0" disabled="0" skipped="0" errors="0" time="0.011" timestamp="2021-12-30T22:00:59.755">
    <testcase name="test_assign_range" status="run" result="completed" time="0" timestamp="2021-12-30T22:00:59.756" classname="std_observable_vector_test_suite" />
    <testcase name="test_assign_initializer_list" status="run" result="completed" time="0" timestamp="2021-12-30T22:00:59.756" classname="std_observable_vector_test_suite" />
    <testcase name="test_assign_fill" status="run" result="completed" time="0" timestamp="2021-12-30T22:00:59.756" classname="std_observable_vector_test_suite" />
    <testcase name="test_push_back" status="run" result="completed" time="0" timestamp="2021-12-30T22:00:59.757" classname="std_observable_vector_test_suite" />
    <testcase name="test_pop_back" status="run" result="completed" time="0" timestamp="2021-12-30T22:00:59.757" classname="std_observable_vector_test_suite" />
    <testcase name="test_insert_single_element" status="run" result="completed" time="0" timestamp="2021-12-30T22:00:59.758" classname="std_observable_vector_test_suite" />
    <testcase name="test_insert_fill" status="run" result="completed" time="0" timestamp="2021-12-30T22:00:59.758" classname="std_observable_vector_test_suite" />
    <testcase name="test_insert_range" status="run" result="completed" time="0" timestamp="2021-12-30T22:00:59.758" classname="std_observable_vector_test_suite" />
    <testcase name="test_erase_position" status="run" result="completed" time="0" timestamp="2021-12-30T22:00:59.759" classname="std_observable_vector_test_suite" />
    <testcase name="test_erase_range" status="run" result="completed" time="0" timestamp="2021-12-30T22:00:59.759" classname="std_observable_vector_test_suite" />
    <testcase name="test_swap" status="run" result="completed" time="0" timestamp="2021-12-30T22:00:59.766" classname="std_observable_vector_test_suite" />
    <testcase name="test_clear" status="run" result="completed" time="0" timestamp="2021-12-30T22:00:59.767" classname="std_observable_vector_test_suite" />
  </testsuite>
  <testsuite name="std_command_execution_observer_placebo_lockable_test_suite" tests="2" failures="0" disabled="0" skipped="0" errors="0" time="0" timestamp="2021-12-30T22:00:59.768">
    <testcase name="test_execute_command" status="run" result="completed" time="0" timestamp="2021-12-30T22:00:59.768" classname="std_command_execution_observer_placebo_lockable_test_suite" />
    <testcase name="test_post_command" status="run" result="completed" time="0" timestamp="2021-12-30T22:00:59.768" classname="std_command_execution_observer_placebo_lockable_test_suite" />
  </testsuite>
  <testsuite name="std_command_manager_lambda_placebo_lockable_test_suite" tests="1" failures="0" disabled="0" skipped="0" errors="0" time="0" timestamp="2021-12-30T22:00:59.769">
    <testcase name="test_suite_disabled" status="run" result="completed" time="0" timestamp="2021-12-30T22:00:59.769" classname="std_command_manager_lambda_placebo_lockable_test_suite" />
  </testsuite>
  <testsuite name="std_command_manager_placebo_lockable_test_suite" tests="2" failures="0" disabled="0" skipped="0" errors="0" time="0" timestamp="2021-12-30T22:00:59.770">
    <testcase name="test_command_manager" status="run" result="completed" time="0" timestamp="2021-12-30T22:00:59.770" classname="std_command_manager_placebo_lockable_test_suite" />
    <testcase name="test_spaceship_observer" status="run" result="completed" time="0" timestamp="2021-12-30T22:00:59.770" classname="std_command_manager_placebo_lockable_test_suite" />
  </testsuite>
  <testsuite name="std_command_placebo_lockable_test_suite" tests="1" failures="0" disabled="0" skipped="0" errors="0" time="0" timestamp="2021-12-30T22:00:59.771">
    <testcase name="test_command" status="run" result="completed" time="0" timestamp="2021-12-30T22:00:59.771" classname="std_command_placebo_lockable_test_suite" />
  </testsuite>
  <testsuite name="std_event_manager_placebo_lockable_test_suite" tests="1" failures="0" disabled="0" skipped="0" errors="0" time="0" timestamp="2021-12-30T22:00:59.771">
    <testcase name="test_command_manager" status="run" result="completed" time="0" timestamp="2021-12-30T22:00:59.772" classname="std_event_manager_placebo_lockable_test_suite" />
  </testsuite>
  <testsuite name="std_observable_array_placebo_lockable_test_suite" tests="1" failures="0" disabled="0" skipped="0" errors="0" time="0" timestamp="2021-12-30T22:00:59.772">
    <testcase name="test_create" status="run" result="completed" time="0" timestamp="2021-12-30T22:00:59.772" classname="std_observable_array_placebo_lockable_test_suite" />
  </testsuite>
  <testsuite name="std_observable_deque_placebo_lockable_test_suite" tests="14" failures="0" disabled="0" skipped="0" errors="0" time="0.011" timestamp="2021-12-30T22:00:59.773">
    <testcase name="test_assign_range" status="run" result="completed" time="0" timestamp="2021-12-30T22:00:59.773" classname="std_observable_deque_placebo_lockable_test_suite" />
    <testcase name="test_assign_initializer_list" status="run" result="completed" time="0" timestamp="2021-12-30T22:00:59.774" classname="std_observable_deque_placebo_lockable_test_suite" />
    <testcase name="test_assign_fill" status="run" result="completed" time="0" timestamp="2021-12-30T22:00:59.774" classname="std_observable_deque_placebo_lockable_test_suite" />
    <testcase name="test_push_back" status="run" result="completed" time="0" timestamp="2021-12-30T22:00:59.774" classname="std_observable_deque_placebo_lockable_test_suite" />
    <testcase name="test_push_front" status="run" result="completed" time="0" timestamp="2021-12-30T22:00:59.775" classname="std_observable_deque_placebo_lockable_test_suite" />
    <testcase name="test_pop_back" status="run" result="completed" time="0" timestamp="2021-12-30T22:00:59.780" classname="std_observable_deque_placebo_lockable_test_suite" />
    <testcase name="test_pop_front" status="run" result="completed" time="0" timestamp="2021-12-30T22:00:59.781" classname="std_observable_deque_placebo_lockable_test_suite" />
    <testcase name="test_insert_single_element" status="run" result="completed" time="0" timestamp="2021-12-30T22:00:59.781" classname="std_observable_deque_placebo_lockable_test_suite" />
    <testcase name="test_insert_fill" status="run" result="completed" time="0" timestamp="2021-12-30T22:00:59.782" classname="std_observable_deque_placebo_lockable_test_suite" />
    <testcase name="test_insert_range" status="run" result="completed" time="0" timestamp="2021-12-30T22:00:59.783" classname="std_observable_deque_placebo_lockable_test_suite" />
    <testcase name="test_erase_position" status="run" result="completed" time="0" timestamp="2021-12-30T22:00:59.783" classname="std_observable_deque_placebo_lockable_test_suite" />
    <testcase name="test_erase_range" status="run" result="completed" time="0" timestamp="2021-12-30T22:00:59.784" classname="std_observable_deque_placebo_lockable_test_suite" />
    <testcase name="test_swap" status="run" result="completed" time="0" timestamp="2021-12-30T22:00:59.784" classname="std_observable_deque_placebo_lockable_test_suite" />
    <testcase name="test_clear" status="run" result="completed" time="0" timestamp="2021-12-30T22:00:59.785" classname="std_observable_deque_placebo_lockable_test_suite" />
  </testsuite>
  <testsuite name="std_observable_forward_list_placebo_lockable_test_suite" tests="21" failures="0" disabled="0" skipped="0" errors="0" time="0.014" timestamp="2021-12-30T22:00:59.785">
    <testcase name="test_assign_range" status="run" result="completed" time="0" timestamp="2021-12-30T22:00:59.785" classname="std_observable_forward_list_placebo_lockable_test_suite" />
    <testcase name="test_assign_initializer_list" status="run" result="completed" time="0" timestamp="2021-12-30T22:00:59.786" classname="std_observable_forward_list_placebo_lockable_test_suite" />
    <testcase name="test_assign_fill" status="run" result="completed" time="0" timestamp="2021-12-30T22:00:59.786" classname="std_observable_forward_list_placebo_lockable_test_suite" />
    <testcase name="test_push_front" status="run" result="completed" time="0" timestamp="2021-12-30T22:00:59.787" classname="std_observable_forward_list_placebo_lockable_test_suite" />
    <testcase name="test_pop_front" status="run" result="completed" time="0" timestamp="2021-12-30T22:00:59.787" classname="std_observable_forward_list_placebo_lockable_test_suite" />
    <testcase name="test_insert_after_single_element" status="run" result="completed" time="0" timestamp="2021-12-30T22:00:59.787" classname="std_observable_forward_list_placebo_lockable_test_suite" />
    <testcase name="test_insert_after_fill" status="run" result="completed" time="0" timestamp="2021-12-30T22:00:59.788" classname="std_observable_forward_list_placebo_lockable_test_suite" />
    <testcase name="test_insert_after_range" status="run" result="completed" time="0" timestamp="2021-12-30T22:00:59.788" classname="std_observable_forward_list_placebo_lockable_test_suite" />
    <testcase name="test_erase_after_position" status="run" result="completed" time="0" timestamp="2021-12-30T22:00:59.789" classname="std_observable_forward_list_placebo_lockable_test_suite" />
    <testcase name="test_erase_range" status="run" result="completed" time="0" timestamp="2021-12-30T22:00:59.789" classname="std_observable_forward_list_placebo_lockable_test_suite" />
    <testcase name="test_swap" status="run" result="completed" time="0" timestamp="2021-12-30T22:00:59.789" classname="std_observable_forward_list_placebo_lockable_test_suite" />
    <testcase name="test_clear" status="run" result="completed" time="0" timestamp="2021-12-30T22:00:59.790" classname="std_observable_forward_list_placebo_lockable_test_suite" />
    <testcase name="test_splice_after_entire_container" status="run" result="completed" time="0" timestamp="2021-12-30T22:00:59.790" classname="std_observable_forward_list_placebo_lockable_test_suite" />
    <testcase name="test_splice_after_single_element" status="run" result="completed" time="0" timestamp="2021-12-30T22:00:59.790" classname="std_observable_forward_list_placebo_lockable_test_suite" />
    <testcase name="test_splice_after_element_range" status="run" result="completed" time="0" timestamp="2021-12-30T22:00:59.791" classname="std_observable_forward_list_placebo_lockable_test_suite" />
    <testcase name="test_remove" status="run" result="completed" time="0" timestamp="2021-12-30T22:00:59.797" classname="std_observable_forward_list_placebo_lockable_test_suite" />
    <testcase name="test_remove_if" status="run" result="completed" time="0" timestamp="2021-12-30T22:00:59.797" classname="std_observable_forward_list_placebo_lockable_test_suite" />
    <testcase name="test_unique" status="run" result="completed" time="0" timestamp="2021-12-30T22:00:59.798" classname="std_observable_forward_list_placebo_lockable_test_suite" />
    <testcase name="test_unique_binary_predicate" status="run" result="completed" time="0" timestamp="2021-12-30T22:00:59.799" classname="std_observable_forward_list_placebo_lockable_test_suite" />
    <testcase name="test_merge" status="run" result="completed" time="0" timestamp="2021-12-30T22:00:59.799" classname="std_observable_forward_list_placebo_lockable_test_suite" />
    <testcase name="test_merge_compare_predicate" status="run" result="completed" time="0" timestamp="2021-12-30T22:00:59.800" classname="std_observable_forward_list_placebo_lockable_test_suite" />
  </testsuite>
  <testsuite name="std_observable_list_placebo_lockable_test_suite" tests="23" failures="0" disabled="0" skipped="0" errors="0" time="0.014" timestamp="2021-12-30T22:00:59.800">
    <testcase name="test_assign_range" status="run" result="completed" time="0" timestamp="2021-12-30T22:00:59.800" classname="std_observable_list_placebo_lockable_test_suite" />
    <testcase name="test_assign_initializer_list" status="run" result="completed" time="0" timestamp="2021-12-30T22:00:59.801" classname="std_observable_list_placebo_lockable_test_suite" />
    <testcase name="test_assign_fill" status="run" result="completed" time="0" timestamp="2021-12-30T22:00:59.801" classname="std_observable_list_placebo_lockable_test_suite" />
    <testcase name="test_push_back" status="run" result="completed" time="0" timestamp="2021-12-30T22:00:59.802" classname="std_observable_list_placebo_lockable_test_suite" />
    <testcase name="test_push_front" status="run" result="completed" time="0" timestamp="2021-12-30T22:00:59.802" classname="std_observable_list_placebo_lockable_test_suite" />
    <testcase name="test_pop_back" status="run" result="completed" time="0" timestamp="2021-12-30T22:00:59.802" classname="std_observable_list_placebo_lockable_test_suite" />
    <testcase name="test_pop_front" status="run" result="completed" time="0" timestamp="2021-12-30T22:00:59.803" classname="std_observable_list_placebo_lockable_test_suite" />
    <testcase name="test_insert_single_element" status="run" result="completed" time="0" timestamp="2021-12-30T22:00:59.803" classname="std_observable_list_placebo_lockable_test_suite" />
    <testcase name="test_insert_fill" status="run" result="completed" time="0" timestamp="2021-12-30T22:00:59.803" classname="std_observable_list_placebo_lockable_test_suite" />
    <testcase name="test_insert_range" status="run" result="completed" time="0" timestamp="2021-12-30T22:00:59.804" classname="std_observable_list_placebo_lockable_test_suite" />
    <testcase name="test_erase_position" status="run" result="completed" time="0" timestamp="2021-12-30T22:00:59.804" classname="std_observable_list_placebo_lockable_test_suite" />
    <testcase name="test_erase_range" status="run" result="completed" time="0" timestamp="2021-12-30T22:00:59.805" classname="std_observable_list_placebo_lockable_test_suite" />
    <testcase name="test_swap" status="run" result="completed" time="0" timestamp="2021-12-30T22:00:59.805" classname="std_observable_list_placebo_lockable_test_suite" />
    <testcase name="test_clear" status="run" result="completed" time="0" timestamp="2021-12-30T22:00:59.805" classname="std_observable_list_placebo_lockable_test_suite" />
    <testcase name="test_splice_entire_container" status="run" result="completed" time="0" timestamp="2021-12-30T22:00:59.806" classname="std_observable_list_placebo_lockable_test_suite" />
    <testcase name="test_splice_single_element" status="run" result="completed" time="0" timestamp="2021-12-30T22:00:59.806" classname="std_observable_list_placebo_lockable_test_suite" />
    <testcase name="test_splice_element_range" status="run" result="completed" time="0" timestamp="2021-12-30T22:00:59.807" classname="std_observable_list_placebo_lockable_test_suite" />
    <testcase name="test_remove" status="run" result="completed" time="0" timestamp="2021-12-30T22:00:59.807" classname="std_observable_list_placebo_lockable_test_suite" />
    <testcase name="test_remove_if" status="run" result="completed" time="0" timestamp="2021-12-30T22:00:59.813" classname="std_observable_list_placebo_lockable_test_suite" />
    <testcase name="test_unique" status="run" result="completed" time="0" timestamp="2021-12-30T22:00:59.813" classname="std_observable_list_placebo_lockable_test_suite" />
    <testcase name="test_unique_binary_predicate" status="run" result="completed" time="0" timestamp="2021-12-30T22:00:59.814" classname="std_observable_list_placebo_lockable_test_suite" />
    <testcase name="test_merge" status="run" result="completed" time="0" timestamp="2021-12-30T22:00:59.814" classname="std_observable_list_placebo_lockable_test_suite" />
    <testcase name="test_merge_compare_predicate" status="run" result="completed" time="0" timestamp="2021-12-30T22:00:59.815" classname="std_observable_list_placebo_lockable_test_suite" />
  </testsuite>
  <testsuite name="std_observable_map_placebo_lockable_test_suite" tests="11" failures="0" disabled="0" skipped="0" errors="0" time="0.004" timestamp="2021-12-30T22:00:59.816">
    <testcase name="test_insert_single_element" status="run" result="completed" time="0" timestamp="2021-12-30T22:00:59.816" classname="std_observable_map_placebo_lockable_test_suite" />
[...]
    <testcase name="test_unique_binary_predicate" status="run" result="completed" time="0" timestamp="2021-12-30T22:01:00.023" classname="std_wobservable_list_test_suite" />
    <testcase name="test_merge" status="run" result="completed" time="0" timestamp="2021-12-30T22:01:00.024" classname="std_wobservable_list_test_suite" />
    <testcase name="test_merge_compare_predicate" status="run" result="completed" time="0" timestamp="2021-12-30T22:01:00.024" classname="std_wobservable_list_test_suite" />
  </testsuite>
  <testsuite name="std_wobservable_map_test_suite" tests="11" failures="0" disabled="0" skipped="0" errors="0" time="0.011" timestamp="2021-12-30T22:01:00.025">
    <testcase name="test_insert_single_element" status="run" result="completed" time="0" timestamp="2021-12-30T22:01:00.025" classname="std_wobservable_map_test_suite" />
    <testcase name="test_insert_single_element_with_hint" status="run" result="completed" time="0" timestamp="2021-12-30T22:01:00.026" classname="std_wobservable_map_test_suite" />
    <testcase name="test_insert_range" status="run" result="completed" time="0" timestamp="2021-12-30T22:01:00.026" classname="std_wobservable_map_test_suite" />
    <testcase name="test_insert_initializer_list" status="run" result="completed" time="0" timestamp="2021-12-30T22:01:00.027" classname="std_wobservable_map_test_suite" />
    <testcase name="test_erase_position" status="run" result="completed" time="0" timestamp="2021-12-30T22:01:00.034" classname="std_wobservable_map_test_suite" />
    <testcase name="test_erase_value" status="run" result="completed" time="0" timestamp="2021-12-30T22:01:00.035" classname="std_wobservable_map_test_suite" />
    <testcase name="test_erase_range" status="run" result="completed" time="0" timestamp="2021-12-30T22:01:00.035" classname="std_wobservable_map_test_suite" />
    <testcase name="test_swap" status="run" result="completed" time="0" timestamp="2021-12-30T22:01:00.035" classname="std_wobservable_map_test_suite" />
    <testcase name="test_clear" status="run" result="completed" time="0" timestamp="2021-12-30T22:01:00.036" classname="std_wobservable_map_test_suite" />
    <testcase name="test_emplace" status="run" result="completed" time="0" timestamp="2021-12-30T22:01:00.036" classname="std_wobservable_map_test_suite" />
    <testcase name="test_emplace_hint" status="run" result="completed" time="0" timestamp="2021-12-30T22:01:00.037" classname="std_wobservable_map_test_suite" />
  </testsuite>
  <testsuite name="std_wobservable_multimap_test_suite" tests="11" failures="0" disabled="0" skipped="0" errors="0" time="0.004" timestamp="2021-12-30T22:01:00.037">
    <testcase name="test_insert_single_element" status="run" result="completed" time="0" timestamp="2021-12-30T22:01:00.037" classname="std_wobservable_multimap_test_suite" />
    <testcase name="test_insert_single_element_with_hint" status="run" result="completed" time="0" timestamp="2021-12-30T22:01:00.038" classname="std_wobservable_multimap_test_suite" />
    <testcase name="test_insert_range" status="run" result="completed" time="0" timestamp="2021-12-30T22:01:00.038" classname="std_wobservable_multimap_test_suite" />
    <testcase name="test_insert_initializer_list" status="run" result="completed" time="0" timestamp="2021-12-30T22:01:00.038" classname="std_wobservable_multimap_test_suite" />
    <testcase name="test_erase_position" status="run" result="completed" time="0" timestamp="2021-12-30T22:01:00.039" classname="std_wobservable_multimap_test_suite" />
    <testcase name="test_erase_value" status="run" result="completed" time="0" timestamp="2021-12-30T22:01:00.039" classname="std_wobservable_multimap_test_suite" />
    <testcase name="test_erase_range" status="run" result="completed" time="0" timestamp="2021-12-30T22:01:00.040" classname="std_wobservable_multimap_test_suite" />
    <testcase name="test_swap" status="run" result="completed" time="0" timestamp="2021-12-30T22:01:00.040" classname="std_wobservable_multimap_test_suite" />
    <testcase name="test_clear" status="run" result="completed" time="0" timestamp="2021-12-30T22:01:00.040" classname="std_wobservable_multimap_test_suite" />
    <testcase name="test_emplace" status="run" result="completed" time="0" timestamp="2021-12-30T22:01:00.041" classname="std_wobservable_multimap_test_suite" />
    <testcase name="test_emplace_hint" status="run" result="completed" time="0" timestamp="2021-12-30T22:01:00.041" classname="std_wobservable_multimap_test_suite" />
  </testsuite>
  <testsuite name="std_wobservable_multiset_test_suite" tests="11" failures="0" disabled="0" skipped="0" errors="0" time="0.01" timestamp="2021-12-30T22:01:00.042">
    <testcase name="test_insert_single_element" status="run" result="completed" time="0" timestamp="2021-12-30T22:01:00.042" classname="std_wobservable_multiset_test_suite" />
    <testcase name="test_insert_single_element_with_hint" status="run" result="completed" time="0" timestamp="2021-12-30T22:01:00.042" classname="std_wobservable_multiset_test_suite" />
    <testcase name="test_insert_range" status="run" result="completed" time="0" timestamp="2021-12-30T22:01:00.043" classname="std_wobservable_multiset_test_suite" />
    <testcase name="test_insert_initializer_list" status="run" result="completed" time="0" timestamp="2021-12-30T22:01:00.048" classname="std_wobservable_multiset_test_suite" />
    <testcase name="test_erase_position" status="run" result="completed" time="0" timestamp="2021-12-30T22:01:00.049" classname="std_wobservable_multiset_test_suite" />
    <testcase name="test_erase_value" status="run" result="completed" time="0" timestamp="2021-12-30T22:01:00.050" classname="std_wobservable_multiset_test_suite" />
    <testcase name="test_erase_range" status="run" result="completed" time="0" timestamp="2021-12-30T22:01:00.050" classname="std_wobservable_multiset_test_suite" />
    <testcase name="test_swap" status="run" result="completed" time="0" timestamp="2021-12-30T22:01:00.051" classname="std_wobservable_multiset_test_suite" />
    <testcase name="test_clear" status="run" result="completed" time="0" timestamp="2021-12-30T22:01:00.052" classname="std_wobservable_multiset_test_suite" />
    <testcase name="test_emplace" status="run" result="completed" time="0" timestamp="2021-12-30T22:01:00.052" classname="std_wobservable_multiset_test_suite" />
    <testcase name="test_emplace_hint" status="run" result="completed" time="0" timestamp="2021-12-30T22:01:00.052" classname="std_wobservable_multiset_test_suite" />
  </testsuite>
  <testsuite name="std_wobservable_object_lambda_test_suite" tests="1" failures="0" disabled="0" skipped="0" errors="0" time="0.001" timestamp="2021-12-30T22:01:00.053">
    <testcase name="test_wobservable_object" status="run" result="completed" time="0.001" timestamp="2021-12-30T22:01:00.053" classname="std_wobservable_object_lambda_test_suite" />
  </testsuite>
  <testsuite name="std_wobservable_object_test_suite" tests="1" failures="0" disabled="0" skipped="0" errors="0" time="0.001" timestamp="2021-12-30T22:01:00.055">
    <testcase name="test_wobservable_object" status="run" result="completed" time="0.001" timestamp="2021-12-30T22:01:00.055" classname="std_wobservable_object_test_suite" />
  </testsuite>
  <testsuite name="std_wobservable_set_test_suite" tests="11" failures="0" disabled="0" skipped="0" errors="0" time="0.01" timestamp="2021-12-30T22:01:00.056">
    <testcase name="test_insert_single_element" status="run" result="completed" time="0" timestamp="2021-12-30T22:01:00.057" classname="std_wobservable_set_test_suite" />
    <testcase name="test_insert_single_element_with_hint" status="run" result="completed" time="0" timestamp="2021-12-30T22:01:00.057" classname="std_wobservable_set_test_suite" />
    <testcase name="test_insert_range" status="run" result="completed" time="0" timestamp="2021-12-30T22:01:00.057" classname="std_wobservable_set_test_suite" />
    <testcase name="test_insert_initializer_list" status="run" result="completed" time="0" timestamp="2021-12-30T22:01:00.058" classname="std_wobservable_set_test_suite" />
    <testcase name="test_erase_position" status="run" result="completed" time="0" timestamp="2021-12-30T22:01:00.058" classname="std_wobservable_set_test_suite" />
    <testcase name="test_erase_value" status="run" result="completed" time="0" timestamp="2021-12-30T22:01:00.064" classname="std_wobservable_set_test_suite" />
    <testcase name="test_erase_range" status="run" result="completed" time="0" timestamp="2021-12-30T22:01:00.065" classname="std_wobservable_set_test_suite" />
    <testcase name="test_swap" status="run" result="completed" time="0" timestamp="2021-12-30T22:01:00.065" classname="std_wobservable_set_test_suite" />
    <testcase name="test_clear" status="run" result="completed" time="0" timestamp="2021-12-30T22:01:00.066" classname="std_wobservable_set_test_suite" />
    <testcase name="test_emplace" status="run" result="completed" time="0" timestamp="2021-12-30T22:01:00.066" classname="std_wobservable_set_test_suite" />
    <testcase name="test_emplace_hint" status="run" result="completed" time="0" timestamp="2021-12-30T22:01:00.067" classname="std_wobservable_set_test_suite" />
  </testsuite>
  <testsuite name="std_wobservable_unordered_map_test_suite" tests="11" failures="0" disabled="0" skipped="0" errors="0" time="0.004" timestamp="2021-12-30T22:01:00.067">
    <testcase name="test_insert_single_element" status="run" result="completed" time="0" timestamp="2021-12-30T22:01:00.067" classname="std_wobservable_unordered_map_test_suite" />
    <testcase name="test_insert_single_element_with_hint" status="run" result="completed" time="0" timestamp="2021-12-30T22:01:00.068" classname="std_wobservable_unordered_map_test_suite" />
    <testcase name="test_insert_range" status="run" result="completed" time="0" timestamp="2021-12-30T22:01:00.068" classname="std_wobservable_unordered_map_test_suite" />
    <testcase name="test_insert_initializer_list" status="run" result="completed" time="0" timestamp="2021-12-30T22:01:00.069" classname="std_wobservable_unordered_map_test_suite" />
    <testcase name="test_erase_position" status="run" result="completed" time="0" timestamp="2021-12-30T22:01:00.069" classname="std_wobservable_unordered_map_test_suite" />
    <testcase name="test_erase_value" status="run" result="completed" time="0" timestamp="2021-12-30T22:01:00.069" classname="std_wobservable_unordered_map_test_suite" />
    <testcase name="test_erase_range" status="run" result="completed" time="0" timestamp="2021-12-30T22:01:00.070" classname="std_wobservable_unordered_map_test_suite" />
    <testcase name="test_swap" status="run" result="completed" time="0" timestamp="2021-12-30T22:01:00.070" classname="std_wobservable_unordered_map_test_suite" />
    <testcase name="test_clear" status="run" result="completed" time="0" timestamp="2021-12-30T22:01:00.070" classname="std_wobservable_unordered_map_test_suite" />
    <testcase name="test_emplace" status="run" result="completed" time="0" timestamp="2021-12-30T22:01:00.071" classname="std_wobservable_unordered_map_test_suite" />
    <testcase name="test_emplace_hint" status="run" result="completed" time="0" timestamp="2021-12-30T22:01:00.071" classname="std_wobservable_unordered_map_test_suite" />
  </testsuite>
  <testsuite name="std_wobservable_unordered_multimap_test_suite" tests="11" failures="0" disabled="0" skipped="0" errors="0" time="0.01" timestamp="2021-12-30T22:01:00.072">
    <testcase name="test_insert_single_element" status="run" result="completed" time="0" timestamp="2021-12-30T22:01:00.072" classname="std_wobservable_unordered_multimap_test_suite" />
    <testcase name="test_insert_single_element_with_hint" status="run" result="completed" time="0" timestamp="2021-12-30T22:01:00.072" classname="std_wobservable_unordered_multimap_test_suite" />
    <testcase name="test_insert_range" status="run" result="completed" time="0" timestamp="2021-12-30T22:01:00.073" classname="std_wobservable_unordered_multimap_test_suite" />
    <testcase name="test_insert_initializer_list" status="run" result="completed" time="0" timestamp="2021-12-30T22:01:00.073" classname="std_wobservable_unordered_multimap_test_suite" />
    <testcase name="test_erase_position" status="run" result="completed" time="0" timestamp="2021-12-30T22:01:00.073" classname="std_wobservable_unordered_multimap_test_suite" />
    <testcase name="test_erase_value" status="run" result="completed" time="0" timestamp="2021-12-30T22:01:00.074" classname="std_wobservable_unordered_multimap_test_suite" />
    <testcase name="test_erase_range" status="run" result="completed" time="0" timestamp="2021-12-30T22:01:00.074" classname="std_wobservable_unordered_multimap_test_suite" />
    <testcase name="test_swap" status="run" result="completed" time="0" timestamp="2021-12-30T22:01:00.075" classname="std_wobservable_unordered_multimap_test_suite" />
    <testcase name="test_clear" status="run" result="completed" time="0" timestamp="2021-12-30T22:01:00.080" classname="std_wobservable_unordered_multimap_test_suite" />
    <testcase name="test_emplace" status="run" result="completed" time="0" timestamp="2021-12-30T22:01:00.081" classname="std_wobservable_unordered_multimap_test_suite" />
    <testcase name="test_emplace_hint" status="run" result="completed" time="0" timestamp="2021-12-30T22:01:00.082" classname="std_wobservable_unordered_multimap_test_suite" />
  </testsuite>
  <testsuite name="std_wobservable_unordered_multiset_test_suite" tests="11" failures="0" disabled="0" skipped="0" errors="0" time="0.005" timestamp="2021-12-30T22:01:00.083">
    <testcase name="test_insert_single_element" status="run" result="completed" time="0" timestamp="2021-12-30T22:01:00.083" classname="std_wobservable_unordered_multiset_test_suite" />
    <testcase name="test_insert_single_element_with_hint" status="run" result="completed" time="0" timestamp="2021-12-30T22:01:00.084" classname="std_wobservable_unordered_multiset_test_suite" />
    <testcase name="test_insert_range" status="run" result="completed" time="0" timestamp="2021-12-30T22:01:00.084" classname="std_wobservable_unordered_multiset_test_suite" />
    <testcase name="test_insert_initializer_list" status="run" result="completed" time="0" timestamp="2021-12-30T22:01:00.085" classname="std_wobservable_unordered_multiset_test_suite" />
    <testcase name="test_erase_position" status="run" result="completed" time="0" timestamp="2021-12-30T22:01:00.085" classname="std_wobservable_unordered_multiset_test_suite" />
    <testcase name="test_erase_value" status="run" result="completed" time="0" timestamp="2021-12-30T22:01:00.086" classname="std_wobservable_unordered_multiset_test_suite" />
    <testcase name="test_erase_range" status="run" result="completed" time="0" timestamp="2021-12-30T22:01:00.086" classname="std_wobservable_unordered_multiset_test_suite" />
    <testcase name="test_swap" status="run" result="completed" time="0" timestamp="2021-12-30T22:01:00.086" classname="std_wobservable_unordered_multiset_test_suite" />
    <testcase name="test_clear" status="run" result="completed" time="0" timestamp="2021-12-30T22:01:00.087" classname="std_wobservable_unordered_multiset_test_suite" />
    <testcase name="test_emplace" status="run" result="completed" time="0" timestamp="2021-12-30T22:01:00.087" classname="std_wobservable_unordered_multiset_test_suite" />
    <testcase name="test_emplace_hint" status="run" result="completed" time="0" timestamp="2021-12-30T22:01:00.088" classname="std_wobservable_unordered_multiset_test_suite" />
  </testsuite>
  <testsuite name="std_wobservable_unordered_set_test_suite" tests="11" failures="0" disabled="0" skipped="0" errors="0" time="0.01" timestamp="2021-12-30T22:01:00.088">
    <testcase name="test_insert_single_element" status="run" result="completed" time="0" timestamp="2021-12-30T22:01:00.088" classname="std_wobservable_unordered_set_test_suite" />
    <testcase name="test_insert_single_element_with_hint" status="run" result="completed" time="0" timestamp="2021-12-30T22:01:00.089" classname="std_wobservable_unordered_set_test_suite" />
    <testcase name="test_insert_range" status="run" result="completed" time="0" timestamp="2021-12-30T22:01:00.089" classname="std_wobservable_unordered_set_test_suite" />
    <testcase name="test_insert_initializer_list" status="run" result="completed" time="0" timestamp="2021-12-30T22:01:00.089" classname="std_wobservable_unordered_set_test_suite" />
    <testcase name="test_erase_position" status="run" result="completed" time="0" timestamp="2021-12-30T22:01:00.090" classname="std_wobservable_unordered_set_test_suite" />
    <testcase name="test_erase_value" status="run" result="completed" time="0" timestamp="2021-12-30T22:01:00.090" classname="std_wobservable_unordered_set_test_suite" />
    <testcase name="test_erase_range" status="run" result="completed" time="0" timestamp="2021-12-30T22:01:00.091" classname="std_wobservable_unordered_set_test_suite" />
    <testcase name="test_swap" status="run" result="completed" time="0" timestamp="2021-12-30T22:01:00.097" classname="std_wobservable_unordered_set_test_suite" />
    <testcase name="test_clear" status="run" result="completed" time="0" timestamp="2021-12-30T22:01:00.097" classname="std_wobservable_unordered_set_test_suite" />
    <testcase name="test_emplace" status="run" result="completed" time="0" timestamp="2021-12-30T22:01:00.098" classname="std_wobservable_unordered_set_test_suite" />
    <testcase name="test_emplace_hint" status="run" result="completed" time="0" timestamp="2021-12-30T22:01:00.098" classname="std_wobservable_unordered_set_test_suite" />
  </testsuite>
  <testsuite name="std_wobservable_vector_test_suite" tests="12" failures="0" disabled="0" skipped="0" errors="0" time="0.004" timestamp="2021-12-30T22:01:00.099">
    <testcase name="test_assign_range" status="run" result="completed" time="0" timestamp="2021-12-30T22:01:00.099" classname="std_wobservable_vector_test_suite" />
    <testcase name="test_assign_initializer_list" status="run" result="completed" time="0" timestamp="2021-12-30T22:01:00.099" classname="std_wobservable_vector_test_suite" />
    <testcase name="test_assign_fill" status="run" result="completed" time="0" timestamp="2021-12-30T22:01:00.100" classname="std_wobservable_vector_test_suite" />
    <testcase name="test_push_back" status="run" result="completed" time="0" timestamp="2021-12-30T22:01:00.100" classname="std_wobservable_vector_test_suite" />
    <testcase name="test_pop_back" status="run" result="completed" time="0" timestamp="2021-12-30T22:01:00.101" classname="std_wobservable_vector_test_suite" />
    <testcase name="test_insert_single_element" status="run" result="completed" time="0" timestamp="2021-12-30T22:01:00.101" classname="std_wobservable_vector_test_suite" />
    <testcase name="test_insert_fill" status="run" result="completed" time="0" timestamp="2021-12-30T22:01:00.102" classname="std_wobservable_vector_test_suite" />
    <testcase name="test_insert_range" status="run" result="completed" time="0" timestamp="2021-12-30T22:01:00.102" classname="std_wobservable_vector_test_suite" />
    <testcase name="test_erase_position" status="run" result="completed" time="0" timestamp="2021-12-30T22:01:00.102" classname="std_wobservable_vector_test_suite" />
    <testcase name="test_erase_range" status="run" result="completed" time="0" timestamp="2021-12-30T22:01:00.103" classname="std_wobservable_vector_test_suite" />
    <testcase name="test_swap" status="run" result="completed" time="0" timestamp="2021-12-30T22:01:00.103" classname="std_wobservable_vector_test_suite" />
    <testcase name="test_clear" status="run" result="completed" time="0" timestamp="2021-12-30T22:01:00.103" classname="std_wobservable_vector_test_suite" />
  </testsuite>
</testsuites>
