<?xml version="1.0" encoding="UTF-8"?>
<testsuites tests="72" failures="0" disabled="0" errors="0" timestamp="2019-09-30T18:07:12" time="0.133" name="AllTests">
  <testsuite name="boost_nameless_property_test_suite" tests="9" failures="0" disabled="0" errors="0" time="0.004">
    <testcase name="value_properties" status="run" time="0" classname="boost_nameless_property_test_suite" />
    <testcase name="read_only_value_properties" status="run" time="0" classname="boost_nameless_property_test_suite" />
    <testcase name="write_only_value_properties" status="run" time="0" classname="boost_nameless_property_test_suite" />
    <testcase name="reference_properties" status="run" time="0" classname="boost_nameless_property_test_suite" />
    <testcase name="read_only_reference_properties" status="run" time="0" classname="boost_nameless_property_test_suite" />
    <testcase name="write_only_reference_properties" status="run" time="0" classname="boost_nameless_property_test_suite" />
    <testcase name="proxy_properties" status="run" time="0" classname="boost_nameless_property_test_suite" />
    <testcase name="read_only_proxy_properties" status="run" time="0" classname="boost_nameless_property_test_suite" />
    <testcase name="write_only_proxy_properties" status="run" time="0" classname="boost_nameless_property_test_suite" />
  </testsuite>
  <testsuite name="boost_nameless_property_placebo_lockable_test_suite" tests="9" failures="0" disabled="0" errors="0" time="0.008">
    <testcase name="value_properties" status="run" time="0" classname="boost_nameless_property_placebo_lockable_test_suite" />
    <testcase name="read_only_value_properties" status="run" time="0" classname="boost_nameless_property_placebo_lockable_test_suite" />
    <testcase name="write_only_value_properties" status="run" time="0" classname="boost_nameless_property_placebo_lockable_test_suite" />
    <testcase name="reference_properties" status="run" time="0.001" classname="boost_nameless_property_placebo_lockable_test_suite" />
    <testcase name="read_only_reference_properties" status="run" time="0" classname="boost_nameless_property_placebo_lockable_test_suite" />
    <testcase name="write_only_reference_properties" status="run" time="0" classname="boost_nameless_property_placebo_lockable_test_suite" />
    <testcase name="proxy_properties" status="run" time="0" classname="boost_nameless_property_placebo_lockable_test_suite" />
    <testcase name="read_only_proxy_properties" status="run" time="0" classname="boost_nameless_property_placebo_lockable_test_suite" />
    <testcase name="write_only_proxy_properties" status="run" time="0" classname="boost_nameless_property_placebo_lockable_test_suite" />
  </testsuite>
  <testsuite name="boost_property_placebo_lockable_test_suite" tests="9" failures="0" disabled="0" errors="0" time="0.004">
    <testcase name="value_properties" status="run" time="0" classname="boost_property_placebo_lockable_test_suite" />
    <testcase name="read_only_value_properties" status="run" time="0" classname="boost_property_placebo_lockable_test_suite" />
    <testcase name="write_only_value_properties" status="run" time="0" classname="boost_property_placebo_lockable_test_suite" />
    <testcase name="reference_properties" status="run" time="0" classname="boost_property_placebo_lockable_test_suite" />
    <testcase name="read_only_reference_properties" status="run" time="0" classname="boost_property_placebo_lockable_test_suite" />
    <testcase name="write_only_reference_properties" status="run" time="0.001" classname="boost_property_placebo_lockable_test_suite" />
    <testcase name="proxy_properties" status="run" time="0" classname="boost_property_placebo_lockable_test_suite" />
    <testcase name="read_only_proxy_properties" status="run" time="0" classname="boost_property_placebo_lockable_test_suite" />
    <testcase name="write_only_proxy_properties" status="run" time="0" classname="boost_property_placebo_lockable_test_suite" />
  </testsuite>
  <testsuite name="boost_property_test_suite" tests="9" failures="0" disabled="0" errors="0" time="0.01">
    <testcase name="value_properties" status="run" time="0" classname="boost_property_test_suite" />
    <testcase name="read_only_value_properties" status="run" time="0" classname="boost_property_test_suite" />
    <testcase name="write_only_value_properties" status="run" time="0" classname="boost_property_test_suite" />
    <testcase name="reference_properties" status="run" time="0" classname="boost_property_test_suite" />
    <testcase name="read_only_reference_properties" status="run" time="0" classname="boost_property_test_suite" />
    <testcase name="write_only_reference_properties" status="run" time="0" classname="boost_property_test_suite" />
    <testcase name="proxy_properties" status="run" time="0" classname="boost_property_test_suite" />
    <testcase name="read_only_proxy_properties" status="run" time="0" classname="boost_property_test_suite" />
    <testcase name="write_only_proxy_properties" status="run" time="0" classname="boost_property_test_suite" />
  </testsuite>
  <testsuite name="boost_u16property_test_suite" tests="9" failures="0" disabled="0" errors="0" time="0.035">
    <testcase name="value_properties" status="run" time="0.01" classname="boost_u16property_test_suite" />
    <testcase name="read_only_value_properties" status="run" time="0.002" classname="boost_u16property_test_suite" />
    <testcase name="write_only_value_properties" status="run" time="0.002" classname="boost_u16property_test_suite" />
    <testcase name="reference_properties" status="run" time="0.002" classname="boost_u16property_test_suite" />
    <testcase name="read_only_reference_properties" status="run" time="0.002" classname="boost_u16property_test_suite" />
    <testcase name="write_only_reference_properties" status="run" time="0.002" classname="boost_u16property_test_suite" />
    <testcase name="proxy_properties" status="run" time="0.002" classname="boost_u16property_test_suite" />
    <testcase name="read_only_proxy_properties" status="run" time="0.002" classname="boost_u16property_test_suite" />
    <testcase name="write_only_proxy_properties" status="run" time="0.002" classname="boost_u16property_test_suite" />
  </testsuite>
  <testsuite name="boost_u32property_test_suite" tests="9" failures="0" disabled="0" errors="0" time="0.031">
    <testcase name="value_properties" status="run" time="0.002" classname="boost_u32property_test_suite" />
    <testcase name="read_only_value_properties" status="run" time="0.002" classname="boost_u32property_test_suite" />
    <testcase name="write_only_value_properties" status="run" time="0.002" classname="boost_u32property_test_suite" />
    <testcase name="reference_properties" status="run" time="0.002" classname="boost_u32property_test_suite" />
    <testcase name="read_only_reference_properties" status="run" time="0.003" classname="boost_u32property_test_suite" />
    <testcase name="write_only_reference_properties" status="run" time="0.002" classname="boost_u32property_test_suite" />
    <testcase name="proxy_properties" status="run" time="0.002" classname="boost_u32property_test_suite" />
    <testcase name="read_only_proxy_properties" status="run" time="0.002" classname="boost_u32property_test_suite" />
    <testcase name="write_only_proxy_properties" status="run" time="0.002" classname="boost_u32property_test_suite" />
  </testsuite>
  <testsuite name="boost_u8property_test_suite" tests="9" failures="0" disabled="0" errors="0" time="0.028">
    <testcase name="value_properties" status="run" time="0.002" classname="boost_u8property_test_suite" />
    <testcase name="read_only_value_properties" status="run" time="0.001" classname="boost_u8property_test_suite" />
    <testcase name="write_only_value_properties" status="run" time="0.002" classname="boost_u8property_test_suite" />
    <testcase name="reference_properties" status="run" time="0.002" classname="boost_u8property_test_suite" />
    <testcase name="read_only_reference_properties" status="run" time="0.002" classname="boost_u8property_test_suite" />
    <testcase name="write_only_reference_properties" status="run" time="0.002" classname="boost_u8property_test_suite" />
    <testcase name="proxy_properties" status="run" time="0.002" classname="boost_u8property_test_suite" />
    <testcase name="read_only_proxy_properties" status="run" time="0.003" classname="boost_u8property_test_suite" />
    <testcase name="write_only_proxy_properties" status="run" time="0.002" classname="boost_u8property_test_suite" />
  </testsuite>
  <testsuite name="boost_wproperty_test_suite" tests="9" failures="0" disabled="0" errors="0" time="0.007">
    <testcase name="value_properties" status="run" time="0.001" classname="boost_wproperty_test_suite" />
    <testcase name="read_only_value_properties" status="run" time="0" classname="boost_wproperty_test_suite" />
    <testcase name="write_only_value_properties" status="run" time="0" classname="boost_wproperty_test_suite" />
    <testcase name="reference_properties" status="run" time="0" classname="boost_wproperty_test_suite" />
    <testcase name="read_only_reference_properties" status="run" time="0" classname="boost_wproperty_test_suite" />
    <testcase name="write_only_reference_properties" status="run" time="0" classname="boost_wproperty_test_suite" />
    <testcase name="proxy_properties" status="run" time="0" classname="boost_wproperty_test_suite" />
    <testcase name="read_only_proxy_properties" status="run" time="0" classname="boost_wproperty_test_suite" />
    <testcase name="write_only_proxy_properties" status="run" time="0" classname="boost_wproperty_test_suite" />
  </testsuite>
</testsuites>
