<?xml version="1.0" encoding="UTF-8"?>
<testsuites tests="6" failures="0" disabled="0" errors="0" time="0.006" timestamp="2021-12-30T22:00:54.360" name="AllTests">
  <testsuite name="std_exception_test_suite" tests="6" failures="0" disabled="0" skipped="0" errors="0" time="0.004" timestamp="2021-12-30T22:00:54.362">
    <testcase name="test_catch_go_exception" status="run" result="completed" time="0" timestamp="2021-12-30T22:00:54.364" classname="std_exception_test_suite" />
    <testcase name="test_catch_go_exception_as_std_exception" status="run" result="completed" time="0" timestamp="2021-12-30T22:00:54.364" classname="std_exception_test_suite" />
    <testcase name="test_catch_derived_exception" status="run" result="completed" time="0" timestamp="2021-12-30T22:00:54.365" classname="std_exception_test_suite" />
    <testcase name="test_catch_derived_exception_as_go_exception" status="run" result="completed" time="0" timestamp="2021-12-30T22:00:54.365" classname="std_exception_test_suite" />
    <testcase name="test_catch_derived_exception_as_std_exception" status="run" result="completed" time="0" timestamp="2021-12-30T22:00:54.366" classname="std_exception_test_suite" />
    <testcase name="test_catch_other_exception" status="run" result="completed" time="0" timestamp="2021-12-30T22:00:54.366" classname="std_exception_test_suite" />
  </testsuite>
</testsuites>
